Charm++: standalone mode (not using charmrun)
Charm++> Running in Multicore mode:  1 threads
Charm++> Using recursive bisection (scheme 3) for topology aware partitions
Converse/Charm++ Commit ID: v6.7.1-0-gbdf6a1b-namd-charm-6.7.1-build-2016-Nov-07-136676
Warning> Randomization of stack pointer is turned on in kernel, thread migration may not work! Run 'echo 0 > /proc/sys/kernel/randomize_va_space' as root to disable it, or try run with '+isomalloc_sync'.  
CharmLB> Load balancer assumes all CPUs are same.
Charm++> Running on 1 unique compute nodes (12-way SMP).
Charm++> cpu topology info is gathered in 0.000 seconds.
Info: NAMD CVS-2016-12-28 for Linux-x86_64-multicore
Info: 
Info: Please visit http://www.ks.uiuc.edu/Research/namd/
Info: for updates, documentation, and support information.
Info: 
Info: Please cite Phillips et al., J. Comp. Chem. 26:1781-1802 (2005)
Info: in all publications reporting results obtained with NAMD.
Info: 
Info: Based on Charm++/Converse 60701 for multicore-linux64-iccstatic
Info: Built Wed Dec 28 02:08:02 CST 2016 by jim on canberra.ks.uiuc.edu
Info: 1 NAMD  CVS-2016-12-28  Linux-x86_64-multicore  1    lionxf135.hpc.rcc.psu.edu  mfa5147
Info: Running on 1 processors, 1 nodes, 1 physical nodes.
Info: CPU topology information available.
Info: Charm++/Converse parallel runtime startup completed at 0.0046258 s
CkLoopLib is used in SMP with a simple dynamic scheduling (converse-level notification) but not using node-level queue
Info: 49.668 MB of memory in use based on /proc/self/stat
Info: Configuration file is /gpfs/work/m/mfa5147/OptMAVEn2.0/input_files/namd_relaxation.conf
Info: Changed directory to /gpfs/work/m/mfa5147/OptMAVEn2.0/input_files
TCL: Suspending until startup complete.
Info: SIMULATION PARAMETERS:
Info: TIMESTEP               2
Info: NUMBER OF STEPS        0
Info: STEPS PER CYCLE        25
Info: LOAD BALANCER  Centralized
Info: LOAD BALANCING STRATEGY  New Load Balancers -- DEFAULT
Info: LDB PERIOD             5000 steps
Info: FIRST LDB TIMESTEP     125
Info: LAST LDB TIMESTEP     -1
Info: LDB BACKGROUND SCALING 1
Info: HOM BACKGROUND SCALING 1
Info: MIN ATOMS PER PATCH    40
Info: INITIAL TEMPERATURE    0
Info: CENTER OF MASS MOVING INITIALLY? NO
Info: DIELECTRIC             1
Info: EXCLUDE                SCALED ONE-FOUR
Info: 1-4 ELECTROSTATICS SCALED BY 1
Info: MODIFIED 1-4 VDW PARAMETERS WILL BE USED
Info: NO DCD TRAJECTORY OUTPUT
Info: NO EXTENDED SYSTEM TRAJECTORY OUTPUT
Info: NO VELOCITY DCD OUTPUT
Info: NO FORCE DCD OUTPUT
Info: OUTPUT FILENAME        /gpfs/work/m/mfa5147/OptMAVEn2.0/experiments/rep1_2igf_20/structures/relaxed_MoleculeA
Info: NO RESTART FILE
Info: SWITCHING ACTIVE
Info: SWITCHING ON           10
Info: SWITCHING OFF          12
Info: PAIRLIST DISTANCE      14
Info: PAIRLIST SHRINK RATE   0.01
Info: PAIRLIST GROW RATE     0.01
Info: PAIRLIST TRIGGER       0.3
Info: PAIRLISTS PER CYCLE    2
Info: PAIRLISTS ENABLED
Info: MARGIN                 0
Info: HYDROGEN GROUP CUTOFF  2.5
Info: PATCH DIMENSION        20
Info: CROSSTERM ENERGY INCLUDED IN DIHEDRAL
Info: TIMING OUTPUT STEPS    125
Info: PRESSURE OUTPUT STEPS  1
Info: GBIS GENERALIZED BORN IMPLICIT SOLVENT ACTIVE
Info: GBIS SOLVENT DIELECTRIC: 78.5
Info: GBIS PROTEIN DIELECTRIC: 1
Info: GBIS COULOMB RADIUS OFFSET: 0.09 Ang
Info: GBIS ION CONCENTRATION: 0.2 M
Info: GBIS DEBYE SCREENING LENGTH: 6.82308 Ang
Info: GBIS DELTA: 1
Info: GBIS BETA: 0.8
Info: GBIS GAMMA: 4.85
Info: GBIS BORN RADIUS CUTOFF: 20 Ang
Info: GBIS MAX BORN RADIUS: 30 Ang
Info: LANGEVIN DYNAMICS ACTIVE
Info: LANGEVIN TEMPERATURE   310
Info: LANGEVIN USING BBK INTEGRATOR
Info: LANGEVIN DAMPING COEFFICIENT IS 1 INVERSE PS
Info: LANGEVIN DYNAMICS NOT APPLIED TO HYDROGENS
Info: CONJUGATE GRADIENT MINIMIZATION ACTIVE
Info: LINE MINIMIZATION GOAL = 0.001
Info: BABY STEP SIZE = 0.001
Info: TINY STEP SIZE = 1e-06
Info: FULL ELECTROSTATIC EVALUATION FREQUENCY      25
Info: USING VERLET I (r-RESPA) MTS SCHEME.
Info: C1 SPLITTING OF LONG RANGE ELECTROSTATICS
Info: PLACING ATOMS IN PATCHES BY HYDROGEN GROUPS
Info: RIGID BONDS TO HYDROGEN : ALL
Info:         ERROR TOLERANCE : 1e-08
Info:          MAX ITERATIONS : 100
Info: RIGID WATER USING SETTLE ALGORITHM
Info: RANDOM NUMBER SEED     1496713810
Info: USE HYDROGEN BONDS?    NO
Info: COORDINATE PDB         /gpfs/work/m/mfa5147/OptMAVEn2.0/experiments/rep1_2igf_20/structures/relaxed_MoleculeA.coor
Info: STRUCTURE FILE         /gpfs/work/m/mfa5147/OptMAVEn2.0/experiments/rep1_2igf_20/structures/MoleculeA.psf
Info: PARAMETER file: CHARMM format! 
Info: PARAMETERS             /gpfs/work/m/mfa5147/OptMAVEn2.0/input_files/par_all27_prot_na.prm
Info: USING ARITHMETIC MEAN TO COMBINE L-J SIGMA PARAMETERS
Info: SUMMARY OF PARAMETERS:
Info: 258 BONDS
Info: 666 ANGLES
Info: 1134 DIHEDRAL
Info: 70 IMPROPER
Info: 6 CROSSTERM
Info: 167 VDW
Info: 0 VDW_PAIRS
Info: 0 NBTHOLE_PAIRS
Info: TIME FOR READING PSF FILE: 0.00676394
Info: Reading pdb file /gpfs/work/m/mfa5147/OptMAVEn2.0/experiments/rep1_2igf_20/structures/relaxed_MoleculeA.coor
Info: TIME FOR READING PDB FILE: 0.000282049
Info: 
Info: ****************************
Info: STRUCTURE SUMMARY:
Info: 125 ATOMS
Info: 126 BONDS
Info: 235 ANGLES
Info: 343 DIHEDRALS
Info: 20 IMPROPERS
Info: 5 CROSSTERMS
Info: 0 EXCLUSIONS
Info: 66 RIGID BONDS
Info: 309 DEGREES OF FREEDOM
Info: 59 HYDROGEN GROUPS
Info: 4 ATOMS IN LARGEST HYDROGEN GROUP
Info: 59 MIGRATION GROUPS
Info: 4 ATOMS IN LARGEST MIGRATION GROUP
Info: TOTAL MASS = 837.013 amu
Info: TOTAL CHARGE = 1 e
Info: *****************************
Info: 
Info: Entering startup at 0.0375068 s, 147.25 MB of memory in use
Info: Startup phase 0 took 7.41482e-05 s, 147.25 MB of memory in use
Info: ADDED 694 IMPLICIT EXCLUSIONS
Info: Startup phase 1 took 0.000468016 s, 147.379 MB of memory in use
Info: NONBONDED TABLE R-SQUARED SPACING: 0.0625
Info: NONBONDED TABLE SIZE: 769 POINTS
Info: ABSOLUTE IMPRECISION IN FAST TABLE ENERGY: 2.53117e-21 AT 11.9974
Info: RELATIVE IMPRECISION IN FAST TABLE ENERGY: 1.68907e-16 AT 11.9974
Info: INCONSISTENCY IN FAST TABLE ENERGY VS FORCE: 0.000290274 AT 0.251946
Info: ABSOLUTE IMPRECISION IN VDWA TABLE ENERGY: 4.59334e-32 AT 11.9974
Info: RELATIVE IMPRECISION IN VDWA TABLE ENERGY: 7.4108e-17 AT 11.9974
Info: INCONSISTENCY IN VDWA TABLE ENERGY VS FORCE: 0.0040507 AT 0.251946
Info: ABSOLUTE IMPRECISION IN VDWB TABLE ENERGY: 1.53481e-26 AT 11.9974
Info: RELATIVE IMPRECISION IN VDWB TABLE ENERGY: 7.96691e-18 AT 11.9974
Info: INCONSISTENCY IN VDWB TABLE ENERGY VS FORCE: 0.00150189 AT 0.251946
Info: Startup phase 2 took 0.00135493 s, 148.594 MB of memory in use
Info: Startup phase 3 took 7.70092e-05 s, 148.594 MB of memory in use
Info: Startup phase 4 took 4.19617e-05 s, 148.594 MB of memory in use
Info: Startup phase 5 took 4.29153e-05 s, 148.594 MB of memory in use
Info: ORIGINAL ATOMS MINMAX IS -31.013 57.043 -8.63  -12.85 73.553 3.88
Info: ADJUSTED ATOMS MINMAX IS -29.6792 58.0478 -6.69062  -16.0267 72.1803 1.22562
Info: PATCH GRID IS 1 BY 2 BY 1
Info: PATCH GRID IS 1-AWAY BY 1-AWAY BY 1-AWAY
Info: REMOVING COM VELOCITY 0 0 0
Info: LARGEST PATCH (0) HAS 88 ATOMS
Info: TORUS A SIZE 1 USING 0
Info: TORUS B SIZE 1 USING 0
Info: TORUS C SIZE 1 USING 0
Info: TORUS MINIMAL MESH SIZE IS 1 BY 1 BY 1
Info: Placed 100% of base nodes on same physical node as patch
Info: Startup phase 6 took 0.000298977 s, 148.594 MB of memory in use
Info: Startup phase 7 took 5.31673e-05 s, 148.594 MB of memory in use
Info: Startup phase 8 took 4.29153e-05 s, 148.594 MB of memory in use
LDB: Central LB being created...
Info: Startup phase 9 took 6.50883e-05 s, 148.594 MB of memory in use
Info: CREATING 18 COMPUTE OBJECTS
Info: Startup phase 10 took 0.000330925 s, 148.723 MB of memory in use
Info: Startup phase 11 took 6.69956e-05 s, 148.723 MB of memory in use
Info: Startup phase 12 took 6.50883e-05 s, 148.992 MB of memory in use
Info: Finished startup at 0.040489 s, 148.992 MB of memory in use

TCL: Minimizing for 50 steps
PRESSURE: 0 0 0 0 0 0 0 0 0 0
GPRESSURE: 0 0 0 0 0 0 0 0 0 0
ETITLE:      TS           BOND          ANGLE          DIHED          IMPRP               ELECT            VDW       BOUNDARY           MISC        KINETIC               TOTAL           TEMP      POTENTIAL         TOTAL3        TEMPAVG

ENERGY:       0         6.0154        20.8868        21.2565         0.1847           -310.2413       -16.4077         0.0000         0.0000         0.0000           -278.3055         0.0000      -278.3055      -278.3055         0.0000

MINIMIZER STARTING CONJUGATE GRADIENT ALGORITHM
LINE MINIMIZER REDUCING GRADIENT FROM 358.762 TO 0.358762
PRESSURE: 1 0 0 0 0 0 0 0 0 0
GPRESSURE: 1 0 0 0 0 0 0 0 0 0
ENERGY:       1        74.5750        49.6864        22.6591         0.8468           -310.7002       -15.8059         0.0000         0.0000         0.0000           -178.7387         0.0000      -178.7387      -178.7387         0.0000

LINE MINIMIZER BRACKET: DX 0 0.0738936 DU 0 99.5668 DUDX -358.762 -358.762 2713.61 
PRESSURE: 2 0 0 0 0 0 0 0 0 0
GPRESSURE: 2 0 0 0 0 0 0 0 0 0
ENERGY:       2         6.3082        21.4807        21.3413         0.1987           -310.2840       -16.3905         0.0000         0.0000         0.0000           -277.3455         0.0000      -277.3455      -277.3455         0.0000

LINE MINIMIZER BRACKET: DX 0 0.00776881 DU 0 0.959937 DUDX -358.762 -358.762 267.355 
PRESSURE: 3 0 0 0 0 0 0 0 0 0
GPRESSURE: 3 0 0 0 0 0 0 0 0 0
ENERGY:       3         5.9353        21.0407        21.2862         0.1884           -310.2572       -16.4026         0.0000         0.0000         0.0000           -278.2093         0.0000      -278.2093      -278.2093         0.0000

LINE MINIMIZER BRACKET: DX 0 0.00288929 DU 0 0.0961913 DUDX -358.762 -358.762 86.6964 
PRESSURE: 4 0 0 0 0 0 0 0 0 0
GPRESSURE: 4 0 0 0 0 0 0 0 0 0
ENERGY:       4         5.9510        20.9477        21.2697         0.1861           -310.2487       -16.4056         0.0000         0.0000         0.0000           -278.2997         0.0000      -278.2997      -278.2997         0.0000

LINE MINIMIZER BRACKET: DX 0 0.00132197 DU 0 0.00577759 DUDX -358.762 -358.762 28.6698 
PRESSURE: 5 0 0 0 0 0 0 0 0 0
GPRESSURE: 5 0 0 0 0 0 0 0 0 0
ENERGY:       5         5.9778        20.9152        21.2628         0.1853           -310.2451       -16.4067         0.0000         0.0000         0.0000           -278.3106         0.0000      -278.3106      -278.3106         0.0000

LINE MINIMIZER BRACKET: DX 0.000653029 0.00066894 DU -0.00516311 0.0109407 DUDX -358.762 3.90418 28.6698 
PRESSURE: 6 0 0 0 0 0 0 0 0 0
GPRESSURE: 6 0 0 0 0 0 0 0 0 0
ENERGY:       6         5.9833        20.9104        21.2617         0.1852           -310.2445       -16.4069         0.0000         0.0000         0.0000           -278.3108         0.0000      -278.3108      -278.3108         0.0000

LINE MINIMIZER BRACKET: DX 0.000545095 0.000107935 DU -0.00533898 0.000175868 DUDX -358.762 -0.0917711 3.90418 
MINIMIZER RESTARTING CONJUGATE GRADIENT ALGORITHM
LINE MINIMIZER REDUCING GRADIENT FROM 5.8088 TO 0.0058088
PRESSURE: 7 0 0 0 0 0 0 0 0 0
GPRESSURE: 7 0 0 0 0 0 0 0 0 0
ENERGY:       7        54.5462        33.5227        21.6781         0.5541           -310.7836       -16.3335         0.0000         0.0000         0.0000           -216.8160         0.0000      -216.8160      -216.8160         0.0000

LINE MINIMIZER BRACKET: DX 0 0.123031 DU 0 61.4948 DUDX -5.8088 -5.8088 1006.97 
PRESSURE: 8 0 0 0 0 0 0 0 0 0
GPRESSURE: 8 0 0 0 0 0 0 0 0 0
ENERGY:       8         6.5829        20.9031        21.2713         0.1914           -310.2869       -16.4241         0.0000         0.0000         0.0000           -277.7623         0.0000      -277.7623      -277.7623         0.0000

LINE MINIMIZER BRACKET: DX 0 0.0123031 DU 0 0.548515 DUDX -5.8088 -5.8088 95.0745 
PRESSURE: 9 0 0 0 0 0 0 0 0 0
GPRESSURE: 9 0 0 0 0 0 0 0 0 0
ENERGY:       9         6.0002        20.8979        21.2624         0.1855           -310.2488       -16.4088         0.0000         0.0000         0.0000           -278.3117         0.0000      -278.3117      -278.3117         0.0000

LINE MINIMIZER BRACKET: DX 0.00123031 0.0110727 DU -0.000869599 0.549385 DUDX -5.8088 4.174 95.0745 
PRESSURE: 10 0 0 0 0 0 0 0 0 0
GPRESSURE: 10 0 0 0 0 0 0 0 0 0
ETITLE:      TS           BOND          ANGLE          DIHED          IMPRP               ELECT            VDW       BOUNDARY           MISC        KINETIC               TOTAL           TEMP      POTENTIAL         TOTAL3        TEMPAVG

ENERGY:      10         5.9917        20.9031        21.2621         0.1853           -310.2470       -16.4080         0.0000         0.0000         0.0000           -278.3127         0.0000      -278.3127      -278.3127         0.0000

LINE MINIMIZER BRACKET: DX 0.000704236 0.000526069 DU -0.00190622 0.00103662 DUDX -5.8088 -0.143191 4.174 
PRESSURE: 11 0 0 0 0 0 0 0 0 0
GPRESSURE: 11 0 0 0 0 0 0 0 0 0
ENERGY:      11         5.9925        20.9026        21.2621         0.1854           -310.2472       -16.4081         0.0000         0.0000         0.0000           -278.3127         0.0000      -278.3127      -278.3127         0.0000

LINE MINIMIZER BRACKET: DX 0.000704236 5.26069e-05 DU -0.00190622 5.97804e-05 DUDX -5.8088 -0.143191 0.288522 
PRESSURE: 12 0 0 0 0 0 0 0 0 0
GPRESSURE: 12 0 0 0 0 0 0 0 0 0
ENERGY:      12         5.9918        20.9031        21.2621         0.1853           -310.2471       -16.4080         0.0000         0.0000         0.0000           -278.3127         0.0000      -278.3127      -278.3127         0.0000

LINE MINIMIZER BRACKET: DX 5.26069e-06 4.73462e-05 DU -1.6405e-05 7.61854e-05 DUDX -0.143191 -0.10002 0.288522 
PRESSURE: 13 0 0 0 0 0 0 0 0 0
GPRESSURE: 13 0 0 0 0 0 0 0 0 0
ENERGY:      13         5.9919        20.9030        21.2621         0.1853           -310.2470       -16.4080         0.0000         0.0000         0.0000           -278.3127         0.0000      -278.3127      -278.3127         0.0000

LINE MINIMIZER BRACKET: DX 5.26069e-06 4.73462e-06 DU -1.6405e-05 4.26633e-05 DUDX -0.143191 -0.10002 -0.0611675 
PRESSURE: 14 0 0 0 0 0 0 0 0 0
GPRESSURE: 14 0 0 0 0 0 0 0 0 0
ENERGY:      14         5.9918        20.9031        21.2621         0.1853           -310.2471       -16.4080         0.0000         0.0000         0.0000           -278.3127         0.0000      -278.3127      -278.3127         0.0000

MINIMIZER RESTARTING CONJUGATE GRADIENT ALGORITHM
LINE MINIMIZER REDUCING GRADIENT FROM 4.94161 TO 0.00494161
PRESSURE: 15 0 0 0 0 0 0 0 0 0
GPRESSURE: 15 0 0 0 0 0 0 0 0 0
ENERGY:      15        38.8421        28.4739        21.4464         0.2482           -310.1971       -16.3870         0.0000         0.0000         0.0000           -237.5735         0.0000      -237.5735      -237.5735         0.0000

LINE MINIMIZER BRACKET: DX 0 0.0997914 DU 0 40.7392 DUDX -4.94161 -4.94161 821.045 
PRESSURE: 16 0 0 0 0 0 0 0 0 0
GPRESSURE: 16 0 0 0 0 0 0 0 0 0
ENERGY:      16         6.2054        21.0414        21.2719         0.1846           -310.2355       -16.4171         0.0000         0.0000         0.0000           -277.9494         0.0000      -277.9494      -277.9494         0.0000

LINE MINIMIZER BRACKET: DX 0 0.00997914 DU 0 0.363334 DUDX -4.94161 -4.94161 77.7442 
PRESSURE: 17 0 0 0 0 0 0 0 0 0
GPRESSURE: 17 0 0 0 0 0 0 0 0 0
ENERGY:      17         5.9827        20.9103        21.2630         0.1852           -310.2457       -16.4090         0.0000         0.0000         0.0000           -278.3135         0.0000      -278.3135      -278.3135         0.0000

LINE MINIMIZER BRACKET: DX 0.000997914 0.00898122 DU -0.000725679 0.36406 DUDX -4.94161 3.32068 77.7442 
PRESSURE: 18 0 0 0 0 0 0 0 0 0
GPRESSURE: 18 0 0 0 0 0 0 0 0 0
ENERGY:      18         5.9856        20.9071        21.2627         0.1853           -310.2462       -16.4085         0.0000         0.0000         0.0000           -278.3141         0.0000      -278.3141      -278.3141         0.0000

LINE MINIMIZER BRACKET: DX 0.000588594 0.00040932 DU -0.00139188 0.000666197 DUDX -4.94161 -0.0716053 3.32068 
PRESSURE: 19 0 0 0 0 0 0 0 0 0
GPRESSURE: 19 0 0 0 0 0 0 0 0 0
ENERGY:      19         5.9853        20.9074        21.2627         0.1852           -310.2462       -16.4086         0.0000         0.0000         0.0000           -278.3142         0.0000      -278.3142      -278.3142         0.0000

LINE MINIMIZER BRACKET: DX 4.0932e-05 0.000368388 DU -2.44321e-05 0.000690629 DUDX -0.0716053 0.267626 3.32068 
PRESSURE: 20 0 0 0 0 0 0 0 0 0
GPRESSURE: 20 0 0 0 0 0 0 0 0 0
ETITLE:      TS           BOND          ANGLE          DIHED          IMPRP               ELECT            VDW       BOUNDARY           MISC        KINETIC               TOTAL           TEMP      POTENTIAL         TOTAL3        TEMPAVG

ENERGY:      20         5.9853        20.9074        21.2627         0.1852           -310.2462       -16.4086         0.0000         0.0000         0.0000           -278.3142         0.0000      -278.3142      -278.3142         0.0000

LINE MINIMIZER BRACKET: DX 3.45964e-05 6.33558e-06 DU -3.66256e-05 1.21935e-05 DUDX -0.0716053 0.215133 0.267626 
PRESSURE: 21 0 0 0 0 0 0 0 0 0
GPRESSURE: 21 0 0 0 0 0 0 0 0 0
ENERGY:      21         5.9854        20.9073        21.2627         0.1852           -310.2462       -16.4086         0.0000         0.0000         0.0000           -278.3142         0.0000      -278.3142      -278.3142         0.0000

LINE MINIMIZER BRACKET: DX 3.11368e-05 3.45964e-06 DU -6.02429e-05 2.36173e-05 DUDX -0.0716053 0.186446 0.215133 
PRESSURE: 22 0 0 0 0 0 0 0 0 0
GPRESSURE: 22 0 0 0 0 0 0 0 0 0
ENERGY:      22         5.9854        20.9073        21.2627         0.1852           -310.2462       -16.4086         0.0000         0.0000         0.0000           -278.3141         0.0000      -278.3141      -278.3141         0.0000

LINE MINIMIZER BRACKET: DX 3.11368e-06 3.45964e-06 DU -4.8886e-05 2.36173e-05 DUDX 0.160632 0.186446 0.215133 
PRESSURE: 23 0 0 0 0 0 0 0 0 0
GPRESSURE: 23 0 0 0 0 0 0 0 0 0
ENERGY:      23         5.9854        20.9073        21.2627         0.1852           -310.2462       -16.4086         0.0000         0.0000         0.0000           -278.3142         0.0000      -278.3142      -278.3142         0.0000

LINE MINIMIZER REDUCING GRADIENT FROM 3.64498 TO 0.00364498
PRESSURE: 24 0 0 0 0 0 0 0 0 0
GPRESSURE: 24 0 0 0 0 0 0 0 0 0
ENERGY:      24        10.2148        32.6512        21.9642         0.5862           -310.7022       -16.3368         0.0000         0.0000         0.0000           -261.6226         0.0000      -261.6226      -261.6226         0.0000

LDB: ============= START OF LOAD BALANCING ============== 0.0870328
LDB: ============== END OF LOAD BALANCING =============== 0.0870769
LDB: =============== DONE WITH MIGRATION ================ 0.087256
LINE MINIMIZER BRACKET: DX 0 0.188249 DU 0 16.6916 DUDX -3.64498 -3.64498 179.297 
PRESSURE: 25 0 0 0 0 0 0 0 0 0
GPRESSURE: 25 0 0 0 0 0 0 0 0 0
ENERGY:      25         5.9735        21.0852        21.2710         0.1917           -310.2909       -16.4425         0.0000         0.0000         0.0000           -278.2120         0.0000      -278.2120      -278.2120         0.0000

LINE MINIMIZER BRACKET: DX 0 0.0188249 DU 0 0.102226 DUDX -3.64498 -3.64498 14.6078 
PRESSURE: 26 0 0 0 0 0 0 0 0 0
GPRESSURE: 26 0 0 0 0 0 0 0 0 0
ENERGY:      26         5.9752        20.9242        21.2636         0.1858           -310.2544       -16.4154         0.0000         0.0000         0.0000           -278.3209         0.0000      -278.3209      -278.3209         0.0000

LINE MINIMIZER BRACKET: DX 0.00378038 0.0150445 DU -0.0067074 0.108933 DUDX -3.64498 -0.141286 14.6078 
PRESSURE: 27 0 0 0 0 0 0 0 0 0
GPRESSURE: 27 0 0 0 0 0 0 0 0 0
ENERGY:      27         5.9723        20.9340        21.2640         0.1862           -310.2581       -16.4184         0.0000         0.0000         0.0000           -278.3200         0.0000      -278.3200      -278.3200         0.0000

LINE MINIMIZER BRACKET: DX 0.00378038 0.00150445 DU -0.0067074 0.000874802 DUDX -3.64498 -0.141286 1.3345 
PRESSURE: 28 0 0 0 0 0 0 0 0 0
GPRESSURE: 28 0 0 0 0 0 0 0 0 0
ENERGY:      28         5.9749        20.9251        21.2637         0.1859           -310.2548       -16.4157         0.0000         0.0000         0.0000           -278.3209         0.0000      -278.3209      -278.3209         0.0000

LINE MINIMIZER BRACKET: DX 0.000150445 0.00135401 DU -1.0612e-05 0.000885414 DUDX -0.141286 0.00630401 1.3345 
PRESSURE: 29 0 0 0 0 0 0 0 0 0
GPRESSURE: 29 0 0 0 0 0 0 0 0 0
ENERGY:      29         5.9749        20.9250        21.2637         0.1859           -310.2548       -16.4157         0.0000         0.0000         0.0000           -278.3209         0.0000      -278.3209      -278.3209         0.0000

LINE MINIMIZER BRACKET: DX 0.000135401 1.50445e-05 DU -3.08457e-05 2.02337e-05 DUDX -0.141286 -0.00845751 0.00630401 
PRESSURE: 30 0 0 0 0 0 0 0 0 0
GPRESSURE: 30 0 0 0 0 0 0 0 0 0
ETITLE:      TS           BOND          ANGLE          DIHED          IMPRP               ELECT            VDW       BOUNDARY           MISC        KINETIC               TOTAL           TEMP      POTENTIAL         TOTAL3        TEMPAVG

ENERGY:      30         5.9749        20.9251        21.2637         0.1859           -310.2548       -16.4157         0.0000         0.0000         0.0000           -278.3210         0.0000      -278.3210      -278.3210         0.0000

LINE MINIMIZER BRACKET: DX 1.50445e-06 1.35401e-05 DU -1.81234e-05 3.83571e-05 DUDX -0.00845751 -0.00698295 0.00630401 
PRESSURE: 31 0 0 0 0 0 0 0 0 0
GPRESSURE: 31 0 0 0 0 0 0 0 0 0
ENERGY:      31         5.9749        20.9251        21.2637         0.1859           -310.2547       -16.4157         0.0000         0.0000         0.0000           -278.3209         0.0000      -278.3209      -278.3209         0.0000

LINE MINIMIZER BRACKET: DX 1.50445e-06 1.35401e-06 DU -1.81234e-05 7.42068e-05 DUDX -0.00845751 -0.00698295 -0.00565342 
PRESSURE: 32 0 0 0 0 0 0 0 0 0
GPRESSURE: 32 0 0 0 0 0 0 0 0 0
ENERGY:      32         5.9749        20.9251        21.2637         0.1859           -310.2548       -16.4157         0.0000         0.0000         0.0000           -278.3210         0.0000      -278.3210      -278.3210         0.0000

LINE MINIMIZER REDUCING GRADIENT FROM 6.45289 TO 0.00645289
PRESSURE: 33 0 0 0 0 0 0 0 0 0
GPRESSURE: 33 0 0 0 0 0 0 0 0 0
ENERGY:      33        29.9741        31.9375        21.4191         0.3152           -309.9317       -16.6272         0.0000         0.0000         0.0000           -242.9129         0.0000      -242.9129      -242.9129         0.0000

LINE MINIMIZER BRACKET: DX 0 0.0942638 DU 0 35.408 DUDX -6.45289 -6.45289 763.256 
PRESSURE: 34 0 0 0 0 0 0 0 0 0
GPRESSURE: 34 0 0 0 0 0 0 0 0 0
ENERGY:      34         6.3082        20.9102        21.2515         0.1847           -310.2183       -16.4619         0.0000         0.0000         0.0000           -278.0257         0.0000      -278.0257      -278.0257         0.0000

LINE MINIMIZER BRACKET: DX 0 0.00942638 DU 0 0.295286 DUDX -6.45289 -6.45289 69.5164 
PRESSURE: 35 0 0 0 0 0 0 0 0 0
GPRESSURE: 35 0 0 0 0 0 0 0 0 0
ENERGY:      35         5.9872        20.9121        21.2624         0.1856           -310.2506       -16.4202         0.0000         0.0000         0.0000           -278.3235         0.0000      -278.3235      -278.3235         0.0000

LINE MINIMIZER BRACKET: DX 0.000942638 0.00848374 DU -0.00254546 0.297831 DUDX -6.45289 0.767818 69.5164 
PRESSURE: 36 0 0 0 0 0 0 0 0 0
GPRESSURE: 36 0 0 0 0 0 0 0 0 0
ENERGY:      36         5.9856        20.9134        21.2626         0.1856           -310.2510       -16.4197         0.0000         0.0000         0.0000           -278.3236         0.0000      -278.3236      -278.3236         0.0000

LINE MINIMIZER BRACKET: DX 0.000838293 0.000104345 DU -0.00262682 8.13586e-05 DUDX -6.45289 -0.07686 0.767818 
PRESSURE: 37 0 0 0 0 0 0 0 0 0
GPRESSURE: 37 0 0 0 0 0 0 0 0 0
ENERGY:      37         5.9858        20.9133        21.2625         0.1856           -310.2510       -16.4198         0.0000         0.0000         0.0000           -278.3235         0.0000      -278.3235      -278.3235         0.0000

LINE MINIMIZER BRACKET: DX 0.000838293 1.04345e-05 DU -0.00262682 3.31629e-05 DUDX -6.45289 -0.07686 0.00759924 
PRESSURE: 38 0 0 0 0 0 0 0 0 0
GPRESSURE: 38 0 0 0 0 0 0 0 0 0
ENERGY:      38         5.9856        20.9134        21.2626         0.1856           -310.2511       -16.4197         0.0000         0.0000         0.0000           -278.3236         0.0000      -278.3236      -278.3236         0.0000

LINE MINIMIZER BRACKET: DX 1.04345e-06 9.39105e-06 DU -2.94675e-05 6.26304e-05 DUDX -0.07686 -0.068423 0.00759924 
PRESSURE: 39 0 0 0 0 0 0 0 0 0
GPRESSURE: 39 0 0 0 0 0 0 0 0 0
ENERGY:      39         5.9856        20.9134        21.2626         0.1856           -310.2510       -16.4197         0.0000         0.0000         0.0000           -278.3236         0.0000      -278.3236      -278.3236         0.0000

LINE MINIMIZER BRACKET: DX 1.04345e-06 9.39105e-07 DU -2.94675e-05 3.45898e-05 DUDX -0.07686 -0.068423 -0.0608205 
PRESSURE: 40 0 0 0 0 0 0 0 0 0
GPRESSURE: 40 0 0 0 0 0 0 0 0 0
ETITLE:      TS           BOND          ANGLE          DIHED          IMPRP               ELECT            VDW       BOUNDARY           MISC        KINETIC               TOTAL           TEMP      POTENTIAL         TOTAL3        TEMPAVG

ENERGY:      40         5.9856        20.9134        21.2626         0.1856           -310.2511       -16.4197         0.0000         0.0000         0.0000           -278.3236         0.0000      -278.3236      -278.3236         0.0000

LINE MINIMIZER REDUCING GRADIENT FROM 5.52558 TO 0.00552558
PRESSURE: 41 0 0 0 0 0 0 0 0 0
GPRESSURE: 41 0 0 0 0 0 0 0 0 0
ENERGY:      41         8.8979        25.1238        21.2575         0.5610           -310.3365       -16.5279         0.0000         0.0000         0.0000           -271.0244         0.0000      -271.0244      -271.0244         0.0000

LINE MINIMIZER BRACKET: DX 0 0.0806269 DU 0 7.29922 DUDX -5.52558 -5.52558 186.848 
PRESSURE: 42 0 0 0 0 0 0 0 0 0
GPRESSURE: 42 0 0 0 0 0 0 0 0 0
ENERGY:      42         5.9998        20.9863        21.2363         0.1887           -310.2584       -16.4433         0.0000         0.0000         0.0000           -278.2907         0.0000      -278.2907      -278.2907         0.0000

LINE MINIMIZER BRACKET: DX 0 0.00806269 DU 0 0.032887 DUDX -5.52558 -5.52558 13.6881 
PRESSURE: 43 0 0 0 0 0 0 0 0 0
GPRESSURE: 43 0 0 0 0 0 0 0 0 0
ENERGY:      43         5.9834        20.9263        21.2545         0.1857           -310.2531       -16.4268         0.0000         0.0000         0.0000           -278.3300         0.0000      -278.3300      -278.3300         0.0000

LINE MINIMIZER BRACKET: DX 0.00231928 0.00574341 DU -0.00637727 0.0392643 DUDX -5.52558 -0.0182809 13.6881 
PRESSURE: 44 0 0 0 0 0 0 0 0 0
GPRESSURE: 44 0 0 0 0 0 0 0 0 0
ENERGY:      44         5.9836        20.9306        21.2525         0.1858           -310.2536       -16.4285         0.0000         0.0000         0.0000           -278.3296         0.0000      -278.3296      -278.3296         0.0000

LINE MINIMIZER BRACKET: DX 0.00231928 0.000574341 DU -0.00637727 0.000391663 DUDX -5.52558 -0.0182809 1.35237 
PRESSURE: 45 0 0 0 0 0 0 0 0 0
GPRESSURE: 45 0 0 0 0 0 0 0 0 0
ENERGY:      45         5.9834        20.9267        21.2543         0.1857           -310.2531       -16.4269         0.0000         0.0000         0.0000           -278.3300         0.0000      -278.3300      -278.3300         0.0000

LINE MINIMIZER BRACKET: DX 0.00231928 5.74341e-05 DU -0.00637727 2.90986e-05 DUDX -5.52558 -0.0182809 0.118786 
PRESSURE: 46 0 0 0 0 0 0 0 0 0
GPRESSURE: 46 0 0 0 0 0 0 0 0 0
ENERGY:      46         5.9834        20.9264        21.2544         0.1857           -310.2531       -16.4268         0.0000         0.0000         0.0000           -278.3300         0.0000      -278.3300      -278.3300         0.0000

LINE MINIMIZER BRACKET: DX 0.00231928 5.74341e-06 DU -0.00637727 4.02122e-06 DUDX -5.52558 -0.0182809 -0.00457381 
PRESSURE: 47 0 0 0 0 0 0 0 0 0
GPRESSURE: 47 0 0 0 0 0 0 0 0 0
ENERGY:      47         5.9834        20.9263        21.2545         0.1857           -310.2531       -16.4268         0.0000         0.0000         0.0000           -278.3300         0.0000      -278.3300      -278.3300         0.0000

LINE MINIMIZER REDUCING GRADIENT FROM 7.16596 TO 0.00716596
PRESSURE: 48 0 0 0 0 0 0 0 0 0
GPRESSURE: 48 0 0 0 0 0 0 0 0 0
ENERGY:      48        11.6869        23.3416        21.2637         0.1867           -310.0993       -16.4348         0.0000         0.0000         0.0000           -270.0552         0.0000      -270.0552      -270.0552         0.0000

LINE MINIMIZER BRACKET: DX 0 0.0528486 DU 0 8.2748 DUDX -7.16596 -7.16596 320.691 
PRESSURE: 49 0 0 0 0 0 0 0 0 0
GPRESSURE: 49 0 0 0 0 0 0 0 0 0
ENERGY:      49         5.9750        20.9844        21.2471         0.1822           -310.2368       -16.4334         0.0000         0.0000         0.0000           -278.2815         0.0000      -278.2815      -278.2815         0.0000

LINE MINIMIZER BRACKET: DX 0 0.00528486 DU 0 0.0485318 DUDX -7.16596 -7.16596 25.548 
PRESSURE: 50 0 0 0 0 0 0 0 0 0
GPRESSURE: 50 0 0 0 0 0 0 0 0 0
ETITLE:      TS           BOND          ANGLE          DIHED          IMPRP               ELECT            VDW       BOUNDARY           MISC        KINETIC               TOTAL           TEMP      POTENTIAL         TOTAL3        TEMPAVG

ENERGY:      50         5.9834        20.9263        21.2545         0.1857           -310.2531       -16.4267         0.0000         0.0000         0.0000           -278.3300         0.0000      -278.3300      -278.3300         0.0000

WRITING EXTENDED SYSTEM TO OUTPUT FILE AT STEP 50
WRITING COORDINATES TO OUTPUT FILE AT STEP 50
The last position output (seq=-2) takes 0.001 seconds, 149.250 MB of memory in use
WRITING VELOCITIES TO OUTPUT FILE AT STEP 50
The last velocity output (seq=-2) takes 0.001 seconds, 149.250 MB of memory in use
====================================================

WallClock: 0.136731  CPUTime: 0.133980  Memory: 149.250000 MB
[Partition 0][Node 0] End of program
