Charm++: standalone mode (not using charmrun)
Charm++> Running in Multicore mode:  1 threads
Charm++> Using recursive bisection (scheme 3) for topology aware partitions
Converse/Charm++ Commit ID: v6.7.1-0-gbdf6a1b-namd-charm-6.7.1-build-2016-Nov-07-136676
Warning> Randomization of stack pointer is turned on in kernel, thread migration may not work! Run 'echo 0 > /proc/sys/kernel/randomize_va_space' as root to disable it, or try run with '+isomalloc_sync'.  
CharmLB> Load balancer assumes all CPUs are same.
Charm++> Running on 1 unique compute nodes (12-way SMP).
Charm++> cpu topology info is gathered in 0.000 seconds.
Info: NAMD CVS-2016-12-28 for Linux-x86_64-multicore
Info: 
Info: Please visit http://www.ks.uiuc.edu/Research/namd/
Info: for updates, documentation, and support information.
Info: 
Info: Please cite Phillips et al., J. Comp. Chem. 26:1781-1802 (2005)
Info: in all publications reporting results obtained with NAMD.
Info: 
Info: Based on Charm++/Converse 60701 for multicore-linux64-iccstatic
Info: Built Wed Dec 28 02:08:02 CST 2016 by jim on canberra.ks.uiuc.edu
Info: 1 NAMD  CVS-2016-12-28  Linux-x86_64-multicore  1    lionxf176.hpc.rcc.psu.edu  mfa5147
Info: Running on 1 processors, 1 nodes, 1 physical nodes.
Info: CPU topology information available.
Info: Charm++/Converse parallel runtime startup completed at 0.00474405 s
CkLoopLib is used in SMP with a simple dynamic scheduling (converse-level notification) but not using node-level queue
Info: 49.668 MB of memory in use based on /proc/self/stat
Info: Configuration file is /gpfs/work/m/mfa5147/OptMAVEn2.0/input_files/namd_relaxation.conf
Info: Changed directory to /gpfs/work/m/mfa5147/OptMAVEn2.0/input_files
TCL: Suspending until startup complete.
Info: SIMULATION PARAMETERS:
Info: TIMESTEP               2
Info: NUMBER OF STEPS        0
Info: STEPS PER CYCLE        25
Info: LOAD BALANCER  Centralized
Info: LOAD BALANCING STRATEGY  New Load Balancers -- DEFAULT
Info: LDB PERIOD             5000 steps
Info: FIRST LDB TIMESTEP     125
Info: LAST LDB TIMESTEP     -1
Info: LDB BACKGROUND SCALING 1
Info: HOM BACKGROUND SCALING 1
Info: MIN ATOMS PER PATCH    40
Info: INITIAL TEMPERATURE    0
Info: CENTER OF MASS MOVING INITIALLY? NO
Info: DIELECTRIC             1
Info: EXCLUDE                SCALED ONE-FOUR
Info: 1-4 ELECTROSTATICS SCALED BY 1
Info: MODIFIED 1-4 VDW PARAMETERS WILL BE USED
Info: NO DCD TRAJECTORY OUTPUT
Info: NO EXTENDED SYSTEM TRAJECTORY OUTPUT
Info: NO VELOCITY DCD OUTPUT
Info: NO FORCE DCD OUTPUT
Info: OUTPUT FILENAME        /gpfs/work/m/mfa5147/OptMAVEn2.0/experiments/rep1_1n64_20/structures/relaxed_MoleculeA
Info: NO RESTART FILE
Info: SWITCHING ACTIVE
Info: SWITCHING ON           10
Info: SWITCHING OFF          12
Info: PAIRLIST DISTANCE      14
Info: PAIRLIST SHRINK RATE   0.01
Info: PAIRLIST GROW RATE     0.01
Info: PAIRLIST TRIGGER       0.3
Info: PAIRLISTS PER CYCLE    2
Info: PAIRLISTS ENABLED
Info: MARGIN                 0
Info: HYDROGEN GROUP CUTOFF  2.5
Info: PATCH DIMENSION        20
Info: CROSSTERM ENERGY INCLUDED IN DIHEDRAL
Info: TIMING OUTPUT STEPS    125
Info: PRESSURE OUTPUT STEPS  1
Info: GBIS GENERALIZED BORN IMPLICIT SOLVENT ACTIVE
Info: GBIS SOLVENT DIELECTRIC: 78.5
Info: GBIS PROTEIN DIELECTRIC: 1
Info: GBIS COULOMB RADIUS OFFSET: 0.09 Ang
Info: GBIS ION CONCENTRATION: 0.2 M
Info: GBIS DEBYE SCREENING LENGTH: 6.82308 Ang
Info: GBIS DELTA: 1
Info: GBIS BETA: 0.8
Info: GBIS GAMMA: 4.85
Info: GBIS BORN RADIUS CUTOFF: 20 Ang
Info: GBIS MAX BORN RADIUS: 30 Ang
Info: LANGEVIN DYNAMICS ACTIVE
Info: LANGEVIN TEMPERATURE   310
Info: LANGEVIN USING BBK INTEGRATOR
Info: LANGEVIN DAMPING COEFFICIENT IS 1 INVERSE PS
Info: LANGEVIN DYNAMICS NOT APPLIED TO HYDROGENS
Info: CONJUGATE GRADIENT MINIMIZATION ACTIVE
Info: LINE MINIMIZATION GOAL = 0.001
Info: BABY STEP SIZE = 0.001
Info: TINY STEP SIZE = 1e-06
Info: FULL ELECTROSTATIC EVALUATION FREQUENCY      25
Info: USING VERLET I (r-RESPA) MTS SCHEME.
Info: C1 SPLITTING OF LONG RANGE ELECTROSTATICS
Info: PLACING ATOMS IN PATCHES BY HYDROGEN GROUPS
Info: RIGID BONDS TO HYDROGEN : ALL
Info:         ERROR TOLERANCE : 1e-08
Info:          MAX ITERATIONS : 100
Info: RIGID WATER USING SETTLE ALGORITHM
Info: RANDOM NUMBER SEED     1496609555
Info: USE HYDROGEN BONDS?    NO
Info: COORDINATE PDB         /gpfs/work/m/mfa5147/OptMAVEn2.0/experiments/rep1_1n64_20/structures/relaxed_MoleculeA.coor
Info: STRUCTURE FILE         /gpfs/work/m/mfa5147/OptMAVEn2.0/experiments/rep1_1n64_20/structures/MoleculeA.psf
Info: PARAMETER file: CHARMM format! 
Info: PARAMETERS             /gpfs/work/m/mfa5147/OptMAVEn2.0/input_files/par_all27_prot_na.prm
Info: USING ARITHMETIC MEAN TO COMBINE L-J SIGMA PARAMETERS
Info: SUMMARY OF PARAMETERS:
Info: 258 BONDS
Info: 666 ANGLES
Info: 1134 DIHEDRAL
Info: 70 IMPROPER
Info: 6 CROSSTERM
Info: 167 VDW
Info: 0 VDW_PAIRS
Info: 0 NBTHOLE_PAIRS
Info: TIME FOR READING PSF FILE: 0.046989
Info: Reading pdb file /gpfs/work/m/mfa5147/OptMAVEn2.0/experiments/rep1_1n64_20/structures/relaxed_MoleculeA.coor
Info: TIME FOR READING PDB FILE: 0.00917602
Info: 
Info: ****************************
Info: STRUCTURE SUMMARY:
Info: 241 ATOMS
Info: 243 BONDS
Info: 442 ANGLES
Info: 645 DIHEDRALS
Info: 37 IMPROPERS
Info: 14 CROSSTERMS
Info: 0 EXCLUSIONS
Info: 125 RIGID BONDS
Info: 598 DEGREES OF FREEDOM
Info: 116 HYDROGEN GROUPS
Info: 4 ATOMS IN LARGEST HYDROGEN GROUP
Info: 116 MIGRATION GROUPS
Info: 4 ATOMS IN LARGEST MIGRATION GROUP
Info: TOTAL MASS = 1640.96 amu
Info: TOTAL CHARGE = 2 e
Info: *****************************
Info: 
Info: Entering startup at 0.121159 s, 147.25 MB of memory in use
Info: Startup phase 0 took 8.70228e-05 s, 147.25 MB of memory in use
Info: ADDED 1317 IMPLICIT EXCLUSIONS
Info: Startup phase 1 took 0.00056386 s, 147.379 MB of memory in use
Info: NONBONDED TABLE R-SQUARED SPACING: 0.0625
Info: NONBONDED TABLE SIZE: 769 POINTS
Info: ABSOLUTE IMPRECISION IN FAST TABLE ENERGY: 2.53117e-21 AT 11.9974
Info: RELATIVE IMPRECISION IN FAST TABLE ENERGY: 1.68907e-16 AT 11.9974
Info: INCONSISTENCY IN FAST TABLE ENERGY VS FORCE: 0.000290274 AT 0.251946
Info: ABSOLUTE IMPRECISION IN VDWA TABLE ENERGY: 4.59334e-32 AT 11.9974
Info: RELATIVE IMPRECISION IN VDWA TABLE ENERGY: 7.4108e-17 AT 11.9974
Info: INCONSISTENCY IN VDWA TABLE ENERGY VS FORCE: 0.0040507 AT 0.251946
Info: ABSOLUTE IMPRECISION IN VDWB TABLE ENERGY: 1.53481e-26 AT 11.9974
Info: RELATIVE IMPRECISION IN VDWB TABLE ENERGY: 7.96691e-18 AT 11.9974
Info: INCONSISTENCY IN VDWB TABLE ENERGY VS FORCE: 0.00150189 AT 0.251946
Info: Startup phase 2 took 0.00138807 s, 148.68 MB of memory in use
Info: Startup phase 3 took 7.39098e-05 s, 148.68 MB of memory in use
Info: Startup phase 4 took 4.60148e-05 s, 148.68 MB of memory in use
Info: Startup phase 5 took 4.31538e-05 s, 148.68 MB of memory in use
Info: ORIGINAL ATOMS MINMAX IS -36.097 5.631 24.978  -12.754 24.729 49.627
Info: ADJUSTED ATOMS MINMAX IS -32.1987 9.80325 27.9024  -12.7412 21.5308 48.4186
Info: PATCH GRID IS 1 BY 2 BY 2
Info: PATCH GRID IS 1-AWAY BY 1-AWAY BY 1-AWAY
Info: REMOVING COM VELOCITY 0 0 0
Info: LARGEST PATCH (1) HAS 81 ATOMS
Info: TORUS A SIZE 1 USING 0
Info: TORUS B SIZE 1 USING 0
Info: TORUS C SIZE 1 USING 0
Info: TORUS MINIMAL MESH SIZE IS 1 BY 1 BY 1
Info: Placed 100% of base nodes on same physical node as patch
Info: Startup phase 6 took 0.000355005 s, 148.68 MB of memory in use
Info: Startup phase 7 took 5.79357e-05 s, 148.68 MB of memory in use
Info: Startup phase 8 took 4.69685e-05 s, 148.68 MB of memory in use
LDB: Central LB being created...
Info: Startup phase 9 took 6.79493e-05 s, 148.68 MB of memory in use
Info: CREATING 35 COMPUTE OBJECTS
Info: Startup phase 10 took 0.000484943 s, 148.809 MB of memory in use
Info: Startup phase 11 took 7.31945e-05 s, 148.809 MB of memory in use
Info: Startup phase 12 took 7.89165e-05 s, 149.52 MB of memory in use
Info: Finished startup at 0.124526 s, 149.52 MB of memory in use

TCL: Minimizing for 50 steps
PRESSURE: 0 0 0 0 0 0 0 0 0 0
GPRESSURE: 0 0 0 0 0 0 0 0 0 0
ETITLE:      TS           BOND          ANGLE          DIHED          IMPRP               ELECT            VDW       BOUNDARY           MISC        KINETIC               TOTAL           TEMP      POTENTIAL         TOTAL3        TEMPAVG

ENERGY:       0        15.7358        55.7004        41.1460         0.9339           -647.0873         4.1633         0.0000         0.0000         0.0000           -529.4079         0.0000      -529.4079      -529.4079         0.0000

MINIMIZER STARTING CONJUGATE GRADIENT ALGORITHM
LINE MINIMIZER REDUCING GRADIENT FROM 16743.9 TO 16.7439
PRESSURE: 1 0 0 0 0 0 0 0 0 0
GPRESSURE: 1 0 0 0 0 0 0 0 0 0
ENERGY:       1        61.6739        61.2052        41.0428         1.1549           -648.2043         3.9063         0.0000         0.0000         0.0000           -479.2211         0.0000      -479.2211      -479.2211         0.0000

LINE MINIMIZER BRACKET: DX 0 0.00244988 DU 0 50.1868 DUDX -16743.9 -16743.9 54193 
PRESSURE: 2 0 0 0 0 0 0 0 0 0
GPRESSURE: 2 0 0 0 0 0 0 0 0 0
ENERGY:       2        14.2339        54.4348        41.1157         0.9719           -647.3230         4.0486         0.0000         0.0000         0.0000           -532.5181         0.0000      -532.5181      -532.5181         0.0000

LINE MINIMIZER BRACKET: DX 0.000550916 0.00189896 DU -3.11012 53.297 DUDX -16743.9 1932.04 54193 
PRESSURE: 3 0 0 0 0 0 0 0 0 0
GPRESSURE: 3 0 0 0 0 0 0 0 0 0
ENERGY:       3        14.0414        54.5181        41.1193         0.9668           -647.2924         4.0615         0.0000         0.0000         0.0000           -532.5855         0.0000      -532.5855      -532.5855         0.0000

LINE MINIMIZER BRACKET: DX 0.000480681 7.02345e-05 DU -3.17753 0.0674137 DUDX -16743.9 -1.22899 1932.04 
MINIMIZER RESTARTING CONJUGATE GRADIENT ALGORITHM
LINE MINIMIZER REDUCING GRADIENT FROM 4520.15 TO 4.52015
PRESSURE: 4 0 0 0 0 0 0 0 0 0
GPRESSURE: 4 0 0 0 0 0 0 0 0 0
ENERGY:       4        62.7956        55.3878        41.2841         0.9517           -645.4977         0.7137         0.0000         0.0000         0.0000           -484.3647         0.0000      -484.3647      -484.3647         0.0000

LINE MINIMIZER BRACKET: DX 0 0.0050697 DU 0 48.2207 DUDX -4520.15 -4520.15 23464.6 
PRESSURE: 5 0 0 0 0 0 0 0 0 0
GPRESSURE: 5 0 0 0 0 0 0 0 0 0
ENERGY:       5        14.0916        52.9201        41.1496         0.9581           -647.0019         3.4697         0.0000         0.0000         0.0000           -534.4128         0.0000      -534.4128      -534.4128         0.0000

LINE MINIMIZER BRACKET: DX 0.000816571 0.00425312 DU -1.82734 50.0481 DUDX -4520.15 6.28127 23464.6 
PRESSURE: 6 0 0 0 0 0 0 0 0 0
GPRESSURE: 6 0 0 0 0 0 0 0 0 0
ENERGY:       6        13.9523        53.0505        41.1465         0.9588           -647.0308         3.5281         0.0000         0.0000         0.0000           -534.3945         0.0000      -534.3945      -534.3945         0.0000

LINE MINIMIZER BRACKET: DX 8.16571e-05 0.00425312 DU -0.0182795 50.0481 DUDX -446.385 6.28127 23464.6 
PRESSURE: 7 0 0 0 0 0 0 0 0 0
GPRESSURE: 7 0 0 0 0 0 0 0 0 0
ENERGY:       7        14.0763        52.9328        41.1493         0.9581           -647.0048         3.4756         0.0000         0.0000         0.0000           -534.4126         0.0000      -534.4126      -534.4126         0.0000

LINE MINIMIZER BRACKET: DX 8.16571e-06 0.00425312 DU -0.000191467 50.0481 DUDX -38.982 6.28127 23464.6 
PRESSURE: 8 0 0 0 0 0 0 0 0 0
GPRESSURE: 8 0 0 0 0 0 0 0 0 0
ENERGY:       8        14.0900        52.9214        41.1496         0.9581           -647.0022         3.4704         0.0000         0.0000         0.0000           -534.4129         0.0000      -534.4129      -534.4129         0.0000

LINE MINIMIZER BRACKET: DX 7.30306e-06 8.62645e-07 DU -0.00022615 3.46828e-05 DUDX -38.982 1.49928 6.28127 
MINIMIZER RESTARTING CONJUGATE GRADIENT ALGORITHM
LINE MINIMIZER REDUCING GRADIENT FROM 5519.38 TO 5.51938
PRESSURE: 9 0 0 0 0 0 0 0 0 0
GPRESSURE: 9 0 0 0 0 0 0 0 0 0
ENERGY:       9        57.2987        55.9571        40.9720         1.0820           -647.8493         3.4628         0.0000         0.0000         0.0000           -489.0768         0.0000      -489.0768      -489.0768         0.0000

LINE MINIMIZER BRACKET: DX 0 0.0034441 DU 0 45.336 DUDX -5519.38 -5519.38 31851.8 
PRESSURE: 10 0 0 0 0 0 0 0 0 0
GPRESSURE: 10 0 0 0 0 0 0 0 0 0
ETITLE:      TS           BOND          ANGLE          DIHED          IMPRP               ELECT            VDW       BOUNDARY           MISC        KINETIC               TOTAL           TEMP      POTENTIAL         TOTAL3        TEMPAVG

ENERGY:      10        13.6085        52.1729        41.1229         0.9718           -647.1261         3.4351         0.0000         0.0000         0.0000           -535.8149         0.0000      -535.8149      -535.8149         0.0000

LINE MINIMIZER BRACKET: DX 0.000508738 0.00293536 DU -1.40203 46.7381 DUDX -5519.38 -2.26619 31851.8 
LINE MINIMIZER REDUCING GRADIENT FROM 2836.77 TO 2.83677
PRESSURE: 11 0 0 0 0 0 0 0 0 0
GPRESSURE: 11 0 0 0 0 0 0 0 0 0
ENERGY:      11        13.0521        47.1892        41.0456         0.9844           -646.4028         1.0750         0.0000         0.0000         0.0000           -543.0566         0.0000      -543.0566      -543.0566         0.0000

PRESSURE: 12 0 0 0 0 0 0 0 0 0
GPRESSURE: 12 0 0 0 0 0 0 0 0 0
ENERGY:      12        13.8327        50.3430        40.8633         1.0391           -645.5967        -0.9911         0.0000         0.0000         0.0000           -540.5098         0.0000      -540.5098      -540.5098         0.0000

LINE MINIMIZER BRACKET: DX 0.00428497 0.00428497 DU -7.2417 2.54682 DUDX -2836.77 -573.686 1587.44 
PRESSURE: 13 0 0 0 0 0 0 0 0 0
GPRESSURE: 13 0 0 0 0 0 0 0 0 0
ENERGY:      13        13.1355        47.1945        41.0098         0.9939           -646.2120         0.5429         0.0000         0.0000         0.0000           -543.3353         0.0000      -543.3353      -543.3353         0.0000

LINE MINIMIZER BRACKET: DX 0.00105228 0.00323269 DU -0.278757 2.82558 DUDX -573.686 -40.7983 1587.44 
PRESSURE: 14 0 0 0 0 0 0 0 0 0
GPRESSURE: 14 0 0 0 0 0 0 0 0 0
ENERGY:      14        13.1763        47.2936        40.9981         0.9974           -646.1526         0.3825         0.0000         0.0000         0.0000           -543.3048         0.0000      -543.3048      -543.3048         0.0000

LINE MINIMIZER BRACKET: DX 0.00105228 0.000323269 DU -0.278757 0.0305859 DUDX -573.686 -40.7983 124.133 
PRESSURE: 15 0 0 0 0 0 0 0 0 0
GPRESSURE: 15 0 0 0 0 0 0 0 0 0
ENERGY:      15        13.1412        47.2064        41.0081         0.9944           -646.2031         0.5187         0.0000         0.0000         0.0000           -543.3344         0.0000      -543.3344      -543.3344         0.0000

LINE MINIMIZER BRACKET: DX 0.00105228 4.86987e-05 DU -0.278757 0.000981991 DUDX -573.686 -40.7983 -15.9557 
PRESSURE: 16 0 0 0 0 0 0 0 0 0
GPRESSURE: 16 0 0 0 0 0 0 0 0 0
ENERGY:      16        13.1355        47.1945        41.0098         0.9939           -646.2120         0.5429         0.0000         0.0000         0.0000           -543.3353         0.0000      -543.3353      -543.3353         0.0000

LINE MINIMIZER REDUCING GRADIENT FROM 3158.87 TO 3.15887
PRESSURE: 17 0 0 0 0 0 0 0 0 0
GPRESSURE: 17 0 0 0 0 0 0 0 0 0
ENERGY:      17        19.0172        45.2892        40.9647         0.8800           -646.1702        -1.1042         0.0000         0.0000         0.0000           -541.1232         0.0000      -541.1232      -541.1232         0.0000

LINE MINIMIZER BRACKET: DX 0 0.00274938 DU 0 2.21217 DUDX -3158.87 -3158.87 4789.55 
PRESSURE: 18 0 0 0 0 0 0 0 0 0
GPRESSURE: 18 0 0 0 0 0 0 0 0 0
ENERGY:      18        13.5484        45.7957        40.9917         0.9399           -646.1975        -0.1431         0.0000         0.0000         0.0000           -545.0648         0.0000      -545.0648      -545.0648         0.0000

LINE MINIMIZER BRACKET: DX 0.00109562 0.00165376 DU -1.72948 3.94165 DUDX -3158.87 -13.7557 4789.55 
PRESSURE: 19 0 0 0 0 0 0 0 0 0
GPRESSURE: 19 0 0 0 0 0 0 0 0 0
ENERGY:      19        13.8324        45.6575        40.9890         0.9328           -646.1951        -0.2431         0.0000         0.0000         0.0000           -545.0266         0.0000      -545.0266      -545.0266         0.0000

LINE MINIMIZER BRACKET: DX 0.00109562 0.000165376 DU -1.72948 0.0382696 DUDX -3158.87 -13.7557 463.61 
PRESSURE: 20 0 0 0 0 0 0 0 0 0
GPRESSURE: 20 0 0 0 0 0 0 0 0 0
ETITLE:      TS           BOND          ANGLE          DIHED          IMPRP               ELECT            VDW       BOUNDARY           MISC        KINETIC               TOTAL           TEMP      POTENTIAL         TOTAL3        TEMPAVG

ENERGY:      20        13.5742        45.7810        40.9914         0.9392           -646.1973        -0.1531         0.0000         0.0000         0.0000           -545.0645         0.0000      -545.0645      -545.0645         0.0000

LINE MINIMIZER BRACKET: DX 0.00109562 1.65376e-05 DU -1.72948 0.000277166 DUDX -3158.87 -13.7557 33.9456 
PRESSURE: 21 0 0 0 0 0 0 0 0 0
GPRESSURE: 21 0 0 0 0 0 0 0 0 0
ENERGY:      21        13.5542        45.7924        40.9916         0.9398           -646.1974        -0.1453         0.0000         0.0000         0.0000           -545.0648         0.0000      -545.0648      -545.0648         0.0000

LINE MINIMIZER BRACKET: DX 0.00109562 3.72739e-06 DU -1.72948 1.83018e-05 DUDX -3158.87 -13.7557 -3.01023 
PRESSURE: 22 0 0 0 0 0 0 0 0 0
GPRESSURE: 22 0 0 0 0 0 0 0 0 0
ENERGY:      22        13.5484        45.7957        40.9917         0.9399           -646.1975        -0.1431         0.0000         0.0000         0.0000           -545.0648         0.0000      -545.0648      -545.0648         0.0000

LINE MINIMIZER REDUCING GRADIENT FROM 5330.96 TO 5.33096
PRESSURE: 23 0 0 0 0 0 0 0 0 0
GPRESSURE: 23 0 0 0 0 0 0 0 0 0
ENERGY:      23        13.4328        43.4471        40.8347         0.8789           -646.5057        -2.0209         0.0000         0.0000         0.0000           -549.9330         0.0000      -549.9330      -549.9330         0.0000

PRESSURE: 24 0 0 0 0 0 0 0 0 0
GPRESSURE: 24 0 0 0 0 0 0 0 0 0
ENERGY:      24        15.9660        44.6986        40.6875         0.8817           -646.7542        -3.6982         0.0000         0.0000         0.0000           -548.2187         0.0000      -548.2187      -548.2187         0.0000

LDB: ============= START OF LOAD BALANCING ============== 0.247009
LDB: ============== END OF LOAD BALANCING =============== 0.247058
LDB: =============== DONE WITH MIGRATION ================ 0.247284
LINE MINIMIZER BRACKET: DX 0.00151455 0.00151455 DU -4.8682 1.71435 DUDX -5330.96 -980.834 3770.95 
PRESSURE: 25 0 0 0 0 0 0 0 0 0
GPRESSURE: 25 0 0 0 0 0 0 0 0 0
ENERGY:      25        13.7801        43.4165        40.8004         0.8739           -646.5700        -2.4285         0.0000         0.0000         0.0000           -550.1276         0.0000      -550.1276      -550.1276         0.0000

LINE MINIMIZER BRACKET: DX 0.00035156 0.00116299 DU -0.194567 1.90892 DUDX -980.834 69.3787 3770.95 
PRESSURE: 26 0 0 0 0 0 0 0 0 0
GPRESSURE: 26 0 0 0 0 0 0 0 0 0
ENERGY:      26        13.7388        43.4118        40.8040         0.8743           -646.5638        -2.3883         0.0000         0.0000         0.0000           -550.1233         0.0000      -550.1233      -550.1233         0.0000

LINE MINIMIZER BRACKET: DX 3.5156e-05 0.00116299 DU -0.00431169 1.90892 DUDX -38.7763 69.3787 3770.95 
PRESSURE: 27 0 0 0 0 0 0 0 0 0
GPRESSURE: 27 0 0 0 0 0 0 0 0 0
ENERGY:      27        13.7725        43.4155        40.8011         0.8740           -646.5689        -2.4213         0.0000         0.0000         0.0000           -550.1271         0.0000      -550.1271      -550.1271         0.0000

LINE MINIMIZER BRACKET: DX 6.35098e-06 0.00116299 DU -0.000455981 1.90892 DUDX 49.8154 69.3787 3770.95 
PRESSURE: 28 0 0 0 0 0 0 0 0 0
GPRESSURE: 28 0 0 0 0 0 0 0 0 0
ENERGY:      28        13.7801        43.4165        40.8004         0.8739           -646.5700        -2.4285         0.0000         0.0000         0.0000           -550.1276         0.0000      -550.1276      -550.1276         0.0000

LINE MINIMIZER REDUCING GRADIENT FROM 3323.65 TO 3.32365
PRESSURE: 29 0 0 0 0 0 0 0 0 0
GPRESSURE: 29 0 0 0 0 0 0 0 0 0
ENERGY:      29        17.0301        43.2943        40.6837         0.8914           -646.2782        -4.1633         0.0000         0.0000         0.0000           -548.5421         0.0000      -548.5421      -548.5421         0.0000

LINE MINIMIZER BRACKET: DX 0 0.00233251 DU 0 1.58552 DUDX -3323.65 -3323.65 4788.2 
PRESSURE: 30 0 0 0 0 0 0 0 0 0
GPRESSURE: 30 0 0 0 0 0 0 0 0 0
ETITLE:      TS           BOND          ANGLE          DIHED          IMPRP               ELECT            VDW       BOUNDARY           MISC        KINETIC               TOTAL           TEMP      POTENTIAL         TOTAL3        TEMPAVG

ENERGY:      30        13.6340        42.6415        40.7510         0.8701           -646.4560        -3.1830         0.0000         0.0000         0.0000           -551.7425         0.0000      -551.7425      -551.7425         0.0000

LINE MINIMIZER BRACKET: DX 0.000968232 0.00136428 DU -1.61489 3.20041 DUDX -3323.65 24.6025 4788.2 
PRESSURE: 31 0 0 0 0 0 0 0 0 0
GPRESSURE: 31 0 0 0 0 0 0 0 0 0
ENERGY:      31        13.5533        42.6732        40.7559         0.8697           -646.4678        -3.1097         0.0000         0.0000         0.0000           -551.7253         0.0000      -551.7253      -551.7253         0.0000

LINE MINIMIZER BRACKET: DX 9.68232e-05 0.00136428 DU -0.0171239 3.20041 DUDX -311.697 24.6025 4788.2 
PRESSURE: 32 0 0 0 0 0 0 0 0 0
GPRESSURE: 32 0 0 0 0 0 0 0 0 0
ENERGY:      32        13.6250        42.6442        40.7515         0.8700           -646.4572        -3.1757         0.0000         0.0000         0.0000           -551.7422         0.0000      -551.7422      -551.7422         0.0000

LINE MINIMIZER BRACKET: DX 9.68232e-06 0.00136428 DU -0.000298848 3.20041 DUDX -9.04523 24.6025 4788.2 
PRESSURE: 33 0 0 0 0 0 0 0 0 0
GPRESSURE: 33 0 0 0 0 0 0 0 0 0
ENERGY:      33        13.6320        42.6421        40.7511         0.8700           -646.4563        -3.1814         0.0000         0.0000         0.0000           -551.7424         0.0000      -551.7424      -551.7424         0.0000

LINE MINIMIZER BRACKET: DX 2.14727e-06 0.00136428 DU -2.0452e-05 3.20041 DUDX 17.1347 24.6025 4788.2 
PRESSURE: 34 0 0 0 0 0 0 0 0 0
GPRESSURE: 34 0 0 0 0 0 0 0 0 0
ENERGY:      34        13.6340        42.6415        40.7510         0.8701           -646.4560        -3.1830         0.0000         0.0000         0.0000           -551.7424         0.0000      -551.7424      -551.7424         0.0000

LINE MINIMIZER REDUCING GRADIENT FROM 2836.75 TO 2.83675
PRESSURE: 35 0 0 0 0 0 0 0 0 0
GPRESSURE: 35 0 0 0 0 0 0 0 0 0
ENERGY:      35        15.5685        45.9265        40.1964         0.9152           -647.8475        -6.5107         0.0000         0.0000         0.0000           -551.7516         0.0000      -551.7516      -551.7516         0.0000

PRESSURE: 36 0 0 0 0 0 0 0 0 0
GPRESSURE: 36 0 0 0 0 0 0 0 0 0
ENERGY:      36        25.7408        56.5748        39.7068         1.0083           -649.1351        -9.3056         0.0000         0.0000         0.0000           -535.4100         0.0000      -535.4100      -535.4100         0.0000

LINE MINIMIZER BRACKET: DX 0.00287465 0.00287465 DU -0.00918165 16.3416 DUDX -2836.75 2817.8 8326.45 
PRESSURE: 37 0 0 0 0 0 0 0 0 0
GPRESSURE: 37 0 0 0 0 0 0 0 0 0
ENERGY:      37        13.5555        43.3670        40.4762         0.8872           -647.1647        -4.9157         0.0000         0.0000         0.0000           -553.7945         0.0000      -553.7945      -553.7945         0.0000

LINE MINIMIZER BRACKET: DX 0.00143895 0.0014357 DU -2.05207 2.04288 DUDX -2836.75 -12.5313 2817.8 
PRESSURE: 38 0 0 0 0 0 0 0 0 0
GPRESSURE: 38 0 0 0 0 0 0 0 0 0
ENERGY:      38        13.6634        43.5365        40.4485         0.8895           -647.2343        -5.0813         0.0000         0.0000         0.0000           -553.7777         0.0000      -553.7777      -553.7777         0.0000

LINE MINIMIZER BRACKET: DX 0.00143895 0.00014357 DU -2.05207 0.0168233 DUDX -2836.75 -12.5313 269.816 
PRESSURE: 39 0 0 0 0 0 0 0 0 0
GPRESSURE: 39 0 0 0 0 0 0 0 0 0
ENERGY:      39        13.5653        43.3831        40.4734         0.8874           -647.1718        -4.9323         0.0000         0.0000         0.0000           -553.7948         0.0000      -553.7948      -553.7948         0.0000

LINE MINIMIZER BRACKET: DX 1.4357e-05 0.000129213 DU -0.000270707 0.017094 DUDX -12.5313 15.7082 269.816 
PRESSURE: 40 0 0 0 0 0 0 0 0 0
GPRESSURE: 40 0 0 0 0 0 0 0 0 0
ETITLE:      TS           BOND          ANGLE          DIHED          IMPRP               ELECT            VDW       BOUNDARY           MISC        KINETIC               TOTAL           TEMP      POTENTIAL         TOTAL3        TEMPAVG

ENERGY:      40        13.5631        43.3794        40.4740         0.8874           -647.1702        -4.9285         0.0000         0.0000         0.0000           -553.7948         0.0000      -553.7948      -553.7948         0.0000

LINE MINIMIZER BRACKET: DX 3.26242e-06 0.000129213 DU -1.31259e-05 0.017094 DUDX 9.28905 15.7082 269.816 
PRESSURE: 41 0 0 0 0 0 0 0 0 0
GPRESSURE: 41 0 0 0 0 0 0 0 0 0
ENERGY:      41        13.5653        43.3831        40.4734         0.8874           -647.1718        -4.9323         0.0000         0.0000         0.0000           -553.7948         0.0000      -553.7948      -553.7948         0.0000

LINE MINIMIZER REDUCING GRADIENT FROM 2797.55 TO 2.79755
PRESSURE: 42 0 0 0 0 0 0 0 0 0
GPRESSURE: 42 0 0 0 0 0 0 0 0 0
ENERGY:      42        16.9147        46.6864        39.8357         0.8738           -648.7824        -8.1941         0.0000         0.0000         0.0000           -552.6658         0.0000      -552.6658      -552.6658         0.0000

LINE MINIMIZER BRACKET: DX 0 0.00265335 DU 0 1.12899 DUDX -2797.55 -2797.55 3613.1 
PRESSURE: 43 0 0 0 0 0 0 0 0 0
GPRESSURE: 43 0 0 0 0 0 0 0 0 0
ENERGY:      43        13.8299        44.0148        40.1881         0.8620           -647.8810        -6.4178         0.0000         0.0000         0.0000           -555.4040         0.0000      -555.4040      -555.4040         0.0000

LINE MINIMIZER BRACKET: DX 0.00115153 0.00150182 DU -1.6092 2.73819 DUDX -2797.55 0.0493112 3613.1 
LINE MINIMIZER REDUCING GRADIENT FROM 1838.46 TO 1.83846
PRESSURE: 44 0 0 0 0 0 0 0 0 0
GPRESSURE: 44 0 0 0 0 0 0 0 0 0
ENERGY:      44        22.5419        49.9683        39.3160         1.0041           -649.9601       -10.7075         0.0000         0.0000         0.0000           -547.8373         0.0000      -547.8373      -547.8373         0.0000

LINE MINIMIZER BRACKET: DX 0 0.00420627 DU 0 7.56672 DUDX -1838.46 -1838.46 5426.7 
PRESSURE: 45 0 0 0 0 0 0 0 0 0
GPRESSURE: 45 0 0 0 0 0 0 0 0 0
ENERGY:      45        14.0885        44.7086        39.9575         0.8695           -648.4099        -7.5935         0.0000         0.0000         0.0000           -556.3794         0.0000      -556.3794      -556.3794         0.0000

LINE MINIMIZER BRACKET: DX 0.001063 0.00314327 DU -0.975426 8.54214 DUDX -1838.46 0.988219 5426.7 
LINE MINIMIZER REDUCING GRADIENT FROM 1919.84 TO 1.91984
PRESSURE: 46 0 0 0 0 0 0 0 0 0
GPRESSURE: 46 0 0 0 0 0 0 0 0 0
ENERGY:      46        17.8698        49.6077        39.0218         1.0038           -649.7154       -11.8000         0.0000         0.0000         0.0000           -554.0123         0.0000      -554.0123      -554.0123         0.0000

LINE MINIMIZER BRACKET: DX 0 0.00429502 DU 0 2.36708 DUDX -1919.84 -1919.84 3036.32 
PRESSURE: 47 0 0 0 0 0 0 0 0 0
GPRESSURE: 47 0 0 0 0 0 0 0 0 0
ENERGY:      47        14.4372        45.3953        39.5719         0.9016           -648.9207        -9.3660         0.0000         0.0000         0.0000           -557.9807         0.0000      -557.9807      -557.9807         0.0000

LINE MINIMIZER BRACKET: DX 0.00166853 0.00262649 DU -1.6013 3.96838 DUDX -1919.84 2.07791 3036.32 
PRESSURE: 48 0 0 0 0 0 0 0 0 0
GPRESSURE: 48 0 0 0 0 0 0 0 0 0
ENERGY:      48        14.3388        45.2564        39.6095         0.8972           -648.8699        -9.1969         0.0000         0.0000         0.0000           -557.9648         0.0000      -557.9648      -557.9648         0.0000

LINE MINIMIZER BRACKET: DX 0.000166853 0.00262649 DU -0.015921 3.96838 DUDX -190.389 2.07791 3036.32 
PRESSURE: 49 0 0 0 0 0 0 0 0 0
GPRESSURE: 49 0 0 0 0 0 0 0 0 0
ENERGY:      49        14.4267        45.3807        39.5757         0.9011           -648.9156        -9.3492         0.0000         0.0000         0.0000           -557.9806         0.0000      -557.9806      -557.9806         0.0000

LINE MINIMIZER BRACKET: DX 1.66853e-05 0.00262649 DU -8.90923e-05 3.96838 DUDX -17.1723 2.07791 3036.32 
PRESSURE: 50 0 0 0 0 0 0 0 0 0
GPRESSURE: 50 0 0 0 0 0 0 0 0 0
ETITLE:      TS           BOND          ANGLE          DIHED          IMPRP               ELECT            VDW       BOUNDARY           MISC        KINETIC               TOTAL           TEMP      POTENTIAL         TOTAL3        TEMPAVG

ENERGY:      50        14.4372        45.3953        39.5719         0.9016           -648.9207        -9.3660         0.0000         0.0000         0.0000           -557.9807         0.0000      -557.9807      -557.9807         0.0000

WRITING EXTENDED SYSTEM TO OUTPUT FILE AT STEP 50
WRITING COORDINATES TO OUTPUT FILE AT STEP 50
The last position output (seq=-2) takes 0.010 seconds, 149.910 MB of memory in use
WRITING VELOCITIES TO OUTPUT FILE AT STEP 50
The last velocity output (seq=-2) takes 0.014 seconds, 149.910 MB of memory in use
====================================================

WallClock: 0.422034  CPUTime: 0.274958  Memory: 149.910156 MB
[Partition 0][Node 0] End of program
