Charm++: standalone mode (not using charmrun)
Charm++> Running in Multicore mode:  1 threads
Charm++> Using recursive bisection (scheme 3) for topology aware partitions
Converse/Charm++ Commit ID: v6.7.1-0-gbdf6a1b-namd-charm-6.7.1-build-2016-Nov-07-136676
Warning> Randomization of stack pointer is turned on in kernel, thread migration may not work! Run 'echo 0 > /proc/sys/kernel/randomize_va_space' as root to disable it, or try run with '+isomalloc_sync'.  
CharmLB> Load balancer assumes all CPUs are same.
Charm++> Running on 1 unique compute nodes (12-way SMP).
Charm++> cpu topology info is gathered in 0.000 seconds.
Info: NAMD CVS-2016-12-28 for Linux-x86_64-multicore
Info: 
Info: Please visit http://www.ks.uiuc.edu/Research/namd/
Info: for updates, documentation, and support information.
Info: 
Info: Please cite Phillips et al., J. Comp. Chem. 26:1781-1802 (2005)
Info: in all publications reporting results obtained with NAMD.
Info: 
Info: Based on Charm++/Converse 60701 for multicore-linux64-iccstatic
Info: Built Wed Dec 28 02:08:02 CST 2016 by jim on canberra.ks.uiuc.edu
Info: 1 NAMD  CVS-2016-12-28  Linux-x86_64-multicore  1    lionxf171.hpc.rcc.psu.edu  mfa5147
Info: Running on 1 processors, 1 nodes, 1 physical nodes.
Info: CPU topology information available.
Info: Charm++/Converse parallel runtime startup completed at 0.00439692 s
CkLoopLib is used in SMP with a simple dynamic scheduling (converse-level notification) but not using node-level queue
Info: 49.6719 MB of memory in use based on /proc/self/stat
Info: Configuration file is /gpfs/work/m/mfa5147/OptMAVEn2.0/input_files/namd_relaxation.conf
Info: Changed directory to /gpfs/work/m/mfa5147/OptMAVEn2.0/input_files
TCL: Suspending until startup complete.
Info: SIMULATION PARAMETERS:
Info: TIMESTEP               2
Info: NUMBER OF STEPS        0
Info: STEPS PER CYCLE        25
Info: LOAD BALANCER  Centralized
Info: LOAD BALANCING STRATEGY  New Load Balancers -- DEFAULT
Info: LDB PERIOD             5000 steps
Info: FIRST LDB TIMESTEP     125
Info: LAST LDB TIMESTEP     -1
Info: LDB BACKGROUND SCALING 1
Info: HOM BACKGROUND SCALING 1
Info: MIN ATOMS PER PATCH    40
Info: INITIAL TEMPERATURE    0
Info: CENTER OF MASS MOVING INITIALLY? NO
Info: DIELECTRIC             1
Info: EXCLUDE                SCALED ONE-FOUR
Info: 1-4 ELECTROSTATICS SCALED BY 1
Info: MODIFIED 1-4 VDW PARAMETERS WILL BE USED
Info: NO DCD TRAJECTORY OUTPUT
Info: NO EXTENDED SYSTEM TRAJECTORY OUTPUT
Info: NO VELOCITY DCD OUTPUT
Info: NO FORCE DCD OUTPUT
Info: OUTPUT FILENAME        /gpfs/work/m/mfa5147/OptMAVEn2.0/experiments/rep1_2qhr_01/structures/relaxed_MoleculeA
Info: NO RESTART FILE
Info: SWITCHING ACTIVE
Info: SWITCHING ON           10
Info: SWITCHING OFF          12
Info: PAIRLIST DISTANCE      14
Info: PAIRLIST SHRINK RATE   0.01
Info: PAIRLIST GROW RATE     0.01
Info: PAIRLIST TRIGGER       0.3
Info: PAIRLISTS PER CYCLE    2
Info: PAIRLISTS ENABLED
Info: MARGIN                 0
Info: HYDROGEN GROUP CUTOFF  2.5
Info: PATCH DIMENSION        20
Info: CROSSTERM ENERGY INCLUDED IN DIHEDRAL
Info: TIMING OUTPUT STEPS    125
Info: PRESSURE OUTPUT STEPS  1
Info: GBIS GENERALIZED BORN IMPLICIT SOLVENT ACTIVE
Info: GBIS SOLVENT DIELECTRIC: 78.5
Info: GBIS PROTEIN DIELECTRIC: 1
Info: GBIS COULOMB RADIUS OFFSET: 0.09 Ang
Info: GBIS ION CONCENTRATION: 0.2 M
Info: GBIS DEBYE SCREENING LENGTH: 6.82308 Ang
Info: GBIS DELTA: 1
Info: GBIS BETA: 0.8
Info: GBIS GAMMA: 4.85
Info: GBIS BORN RADIUS CUTOFF: 20 Ang
Info: GBIS MAX BORN RADIUS: 30 Ang
Info: LANGEVIN DYNAMICS ACTIVE
Info: LANGEVIN TEMPERATURE   310
Info: LANGEVIN USING BBK INTEGRATOR
Info: LANGEVIN DAMPING COEFFICIENT IS 1 INVERSE PS
Info: LANGEVIN DYNAMICS NOT APPLIED TO HYDROGENS
Info: CONJUGATE GRADIENT MINIMIZATION ACTIVE
Info: LINE MINIMIZATION GOAL = 0.001
Info: BABY STEP SIZE = 0.001
Info: TINY STEP SIZE = 1e-06
Info: FULL ELECTROSTATIC EVALUATION FREQUENCY      25
Info: USING VERLET I (r-RESPA) MTS SCHEME.
Info: C1 SPLITTING OF LONG RANGE ELECTROSTATICS
Info: PLACING ATOMS IN PATCHES BY HYDROGEN GROUPS
Info: RIGID BONDS TO HYDROGEN : ALL
Info:         ERROR TOLERANCE : 1e-08
Info:          MAX ITERATIONS : 100
Info: RIGID WATER USING SETTLE ALGORITHM
Info: RANDOM NUMBER SEED     1497058539
Info: USE HYDROGEN BONDS?    NO
Info: COORDINATE PDB         /gpfs/work/m/mfa5147/OptMAVEn2.0/experiments/rep1_2qhr_01/structures/relaxed_MoleculeA.coor
Info: STRUCTURE FILE         /gpfs/work/m/mfa5147/OptMAVEn2.0/experiments/rep1_2qhr_01/structures/MoleculeA.psf
Info: PARAMETER file: CHARMM format! 
Info: PARAMETERS             /gpfs/work/m/mfa5147/OptMAVEn2.0/input_files/par_all27_prot_na.prm
Info: USING ARITHMETIC MEAN TO COMBINE L-J SIGMA PARAMETERS
Info: SUMMARY OF PARAMETERS:
Info: 258 BONDS
Info: 666 ANGLES
Info: 1134 DIHEDRAL
Info: 70 IMPROPER
Info: 6 CROSSTERM
Info: 167 VDW
Info: 0 VDW_PAIRS
Info: 0 NBTHOLE_PAIRS
Info: TIME FOR READING PSF FILE: 0.026166
Info: Reading pdb file /gpfs/work/m/mfa5147/OptMAVEn2.0/experiments/rep1_2qhr_01/structures/relaxed_MoleculeA.coor
Info: TIME FOR READING PDB FILE: 0.00835204
Info: 
Info: ****************************
Info: STRUCTURE SUMMARY:
Info: 185 ATOMS
Info: 186 BONDS
Info: 327 ANGLES
Info: 476 DIHEDRALS
Info: 46 IMPROPERS
Info: 9 CROSSTERMS
Info: 0 EXCLUSIONS
Info: 86 RIGID BONDS
Info: 469 DEGREES OF FREEDOM
Info: 99 HYDROGEN GROUPS
Info: 4 ATOMS IN LARGEST HYDROGEN GROUP
Info: 99 MIGRATION GROUPS
Info: 4 ATOMS IN LARGEST MIGRATION GROUP
Info: TOTAL MASS = 1405.43 amu
Info: TOTAL CHARGE = -1 e
Info: *****************************
Info: 
Info: Entering startup at 0.0696809 s, 147.27 MB of memory in use
Info: Startup phase 0 took 7.20024e-05 s, 147.27 MB of memory in use
Info: ADDED 979 IMPLICIT EXCLUSIONS
Info: Startup phase 1 took 0.000468016 s, 147.398 MB of memory in use
Info: NONBONDED TABLE R-SQUARED SPACING: 0.0625
Info: NONBONDED TABLE SIZE: 769 POINTS
Info: ABSOLUTE IMPRECISION IN FAST TABLE ENERGY: 2.53117e-21 AT 11.9974
Info: RELATIVE IMPRECISION IN FAST TABLE ENERGY: 1.68907e-16 AT 11.9974
Info: INCONSISTENCY IN FAST TABLE ENERGY VS FORCE: 0.000290274 AT 0.251946
Info: ABSOLUTE IMPRECISION IN VDWA TABLE ENERGY: 4.59334e-32 AT 11.9974
Info: RELATIVE IMPRECISION IN VDWA TABLE ENERGY: 7.4108e-17 AT 11.9974
Info: INCONSISTENCY IN VDWA TABLE ENERGY VS FORCE: 0.0040507 AT 0.251946
Info: ABSOLUTE IMPRECISION IN VDWB TABLE ENERGY: 1.53481e-26 AT 11.9974
Info: RELATIVE IMPRECISION IN VDWB TABLE ENERGY: 7.96691e-18 AT 11.9974
Info: INCONSISTENCY IN VDWB TABLE ENERGY VS FORCE: 0.00150189 AT 0.251946
Info: Startup phase 2 took 0.00122619 s, 148.652 MB of memory in use
Info: Startup phase 3 took 5.19753e-05 s, 148.652 MB of memory in use
Info: Startup phase 4 took 4.1008e-05 s, 148.652 MB of memory in use
Info: Startup phase 5 took 3.88622e-05 s, 148.652 MB of memory in use
Info: ORIGINAL ATOMS MINMAX IS 69.242 -27.701 46.483  95.243 -9.109 62.406
Info: ADJUSTED ATOMS MINMAX IS 72.1638 -27.8061 48.174  93.8362 -10.9649 60.584
Info: PATCH GRID IS 2 BY 2 BY 1
Info: PATCH GRID IS 1-AWAY BY 1-AWAY BY 1-AWAY
Info: REMOVING COM VELOCITY 0 0 0
Info: LARGEST PATCH (3) HAS 87 ATOMS
Info: TORUS A SIZE 1 USING 0
Info: TORUS B SIZE 1 USING 0
Info: TORUS C SIZE 1 USING 0
Info: TORUS MINIMAL MESH SIZE IS 1 BY 1 BY 1
Info: Placed 100% of base nodes on same physical node as patch
Info: Startup phase 6 took 0.000304937 s, 148.652 MB of memory in use
Info: Startup phase 7 took 4.72069e-05 s, 148.652 MB of memory in use
Info: Startup phase 8 took 4.19617e-05 s, 148.652 MB of memory in use
LDB: Central LB being created...
Info: Startup phase 9 took 6.10352e-05 s, 148.652 MB of memory in use
Info: CREATING 35 COMPUTE OBJECTS
Info: Startup phase 10 took 0.000339985 s, 148.781 MB of memory in use
Info: Startup phase 11 took 5.79357e-05 s, 148.781 MB of memory in use
Info: Startup phase 12 took 6.79493e-05 s, 149.5 MB of memory in use
Info: Finished startup at 0.0725 s, 149.5 MB of memory in use

TCL: Minimizing for 50 steps
PRESSURE: 0 0 0 0 0 0 0 0 0 0
GPRESSURE: 0 0 0 0 0 0 0 0 0 0
ETITLE:      TS           BOND          ANGLE          DIHED          IMPRP               ELECT            VDW       BOUNDARY           MISC        KINETIC               TOTAL           TEMP      POTENTIAL         TOTAL3        TEMPAVG

ENERGY:       0        94.7150        64.8610        28.3652         0.9227          -1071.2261         1.5745         0.0000         0.0000         0.0000           -880.7877         0.0000      -880.7877      -880.7877         0.0000

MINIMIZER STARTING CONJUGATE GRADIENT ALGORITHM
LINE MINIMIZER REDUCING GRADIENT FROM 441948 TO 441.948
PRESSURE: 1 0 0 0 0 0 0 0 0 0
GPRESSURE: 1 0 0 0 0 0 0 0 0 0
ENERGY:       1        32.1695        40.1209        28.0245         0.7181          -1073.1368         0.3513         0.0000         0.0000         0.0000           -971.7524         0.0000      -971.7524      -971.7524         0.0000

PRESSURE: 2 0 0 0 0 0 0 0 0 0
GPRESSURE: 2 0 0 0 0 0 0 0 0 0
ENERGY:       2        13.2902        33.2691        27.7413         0.6101          -1075.3478        -0.4034         0.0000         0.0000         0.0000          -1000.8403         0.0000     -1000.8403     -1000.8403         0.0000

PRESSURE: 3 0 0 0 0 0 0 0 0 0
GPRESSURE: 3 0 0 0 0 0 0 0 0 0
ENERGY:       3        45.5130        39.6631        27.5157         0.6044          -1077.7635        -0.7187         0.0000         0.0000         0.0000           -965.1861         0.0000      -965.1861      -965.1861         0.0000

LINE MINIMIZER BRACKET: DX 0.000278159 0.000278159 DU -29.0879 35.6543 DUDX -217576 10124.5 247649 
PRESSURE: 4 0 0 0 0 0 0 0 0 0
GPRESSURE: 4 0 0 0 0 0 0 0 0 0
ENERGY:       4        12.9785        33.3026        27.7671         0.6164          -1075.1159        -0.3479         0.0000         0.0000         0.0000          -1000.7991         0.0000     -1000.7991     -1000.7991         0.0000

LINE MINIMIZER BRACKET: DX 2.78159e-05 0.000278159 DU -0.0412239 35.6543 DUDX -13111.9 10124.5 247649 
PRESSURE: 5 0 0 0 0 0 0 0 0 0
GPRESSURE: 5 0 0 0 0 0 0 0 0 0
ENERGY:       5        13.0916        33.2674        27.7525         0.6127          -1075.2462        -0.3796         0.0000         0.0000         0.0000          -1000.9016         0.0000     -1000.9016     -1000.9016         0.0000

LINE MINIMIZER BRACKET: DX 1.56838e-05 1.2132e-05 DU -0.102479 0.0612548 DUDX -13111.9 -23.2474 10124.5 
MINIMIZER RESTARTING CONJUGATE GRADIENT ALGORITHM
LINE MINIMIZER REDUCING GRADIENT FROM 26105.3 TO 26.1053
PRESSURE: 6 0 0 0 0 0 0 0 0 0
GPRESSURE: 6 0 0 0 0 0 0 0 0 0
ENERGY:       6        16.6978        29.4958        26.9839         0.4737          -1079.2633        -3.8459         0.0000         0.0000         0.0000          -1009.4579         0.0000     -1009.4579     -1009.4579         0.0000

PRESSURE: 7 0 0 0 0 0 0 0 0 0
GPRESSURE: 7 0 0 0 0 0 0 0 0 0
ENERGY:       7        58.8948        42.9227        26.8167         0.9950          -1083.2433        -6.4860         0.0000         0.0000         0.0000           -960.0999         0.0000      -960.0999      -960.0999         0.0000

LINE MINIMIZER BRACKET: DX 0.00145008 0.00145008 DU -8.55633 49.358 DUDX -26105.3 14166.8 53719.6 
PRESSURE: 8 0 0 0 0 0 0 0 0 0
GPRESSURE: 8 0 0 0 0 0 0 0 0 0
ENERGY:       8        10.9807        28.8340        27.1905         0.4459          -1077.8464        -2.7227         0.0000         0.0000         0.0000          -1013.1179         0.0000     -1013.1179     -1013.1179         0.0000

LINE MINIMIZER BRACKET: DX 0.00093823 0.00051185 DU -12.2163 3.65999 DUDX -26105.3 5.5815 14166.8 
MINIMIZER RESTARTING CONJUGATE GRADIENT ALGORITHM
LINE MINIMIZER REDUCING GRADIENT FROM 18399.3 TO 18.3993
PRESSURE: 9 0 0 0 0 0 0 0 0 0
GPRESSURE: 9 0 0 0 0 0 0 0 0 0
ENERGY:       9        64.9969        40.5913        26.3793         1.1413          -1083.4444        -5.4335         0.0000         0.0000         0.0000           -955.7691         0.0000      -955.7691      -955.7691         0.0000

LINE MINIMIZER BRACKET: DX 0 0.0025409 DU 0 57.3488 DUDX -18399.3 -18399.3 63774 
PRESSURE: 10 0 0 0 0 0 0 0 0 0
GPRESSURE: 10 0 0 0 0 0 0 0 0 0
ETITLE:      TS           BOND          ANGLE          DIHED          IMPRP               ELECT            VDW       BOUNDARY           MISC        KINETIC               TOTAL           TEMP      POTENTIAL         TOTAL3        TEMPAVG

ENERGY:      10         8.9459        27.7962        26.9320         0.5230          -1079.0855        -3.4877         0.0000         0.0000         0.0000          -1018.3760         0.0000     -1018.3760     -1018.3760         0.0000

LINE MINIMIZER BRACKET: DX 0.000570556 0.00197035 DU -5.25808 62.6069 DUDX -18399.3 -65.3461 63774 
PRESSURE: 11 0 0 0 0 0 0 0 0 0
GPRESSURE: 11 0 0 0 0 0 0 0 0 0
ENERGY:      11        10.1329        27.9367        26.8528         0.5600          -1079.5161        -3.7292         0.0000         0.0000         0.0000          -1017.7630         0.0000     -1017.7630     -1017.7630         0.0000

LINE MINIMIZER BRACKET: DX 0.000570556 0.000197035 DU -5.25808 0.612961 DUDX -18399.3 -65.3461 6285.17 
PRESSURE: 12 0 0 0 0 0 0 0 0 0
GPRESSURE: 12 0 0 0 0 0 0 0 0 0
ENERGY:      12         9.0208        27.7988        26.9239         0.5265          -1079.1285        -3.5123         0.0000         0.0000         0.0000          -1018.3709         0.0000     -1018.3709     -1018.3709         0.0000

LINE MINIMIZER BRACKET: DX 0.000570556 1.97035e-05 DU -5.25808 0.00505171 DUDX -18399.3 -65.3461 569.343 
PRESSURE: 13 0 0 0 0 0 0 0 0 0
GPRESSURE: 13 0 0 0 0 0 0 0 0 0
ENERGY:      13         8.9530        27.7964        26.9312         0.5234          -1079.0898        -3.4902         0.0000         0.0000         0.0000          -1018.3760         0.0000     -1018.3760     -1018.3760         0.0000

LINE MINIMIZER BRACKET: DX 2.00095e-06 1.77025e-05 DU -1.88863e-05 0.00507059 DUDX -65.3461 -0.922967 569.343 
LINE MINIMIZER REDUCING GRADIENT FROM 8729.02 TO 8.72902
PRESSURE: 14 0 0 0 0 0 0 0 0 0
GPRESSURE: 14 0 0 0 0 0 0 0 0 0
ENERGY:      14        11.1643        29.7565        26.2582         1.2253          -1086.7297        -8.0591         0.0000         0.0000         0.0000          -1026.3844         0.0000     -1026.3844     -1026.3844         0.0000

PRESSURE: 15 0 0 0 0 0 0 0 0 0
GPRESSURE: 15 0 0 0 0 0 0 0 0 0
ENERGY:      15        26.6293        48.5096        26.8033         2.7507          -1094.0032       -10.8311         0.0000         0.0000         0.0000          -1000.1413         0.0000     -1000.1413     -1000.1413         0.0000

LINE MINIMIZER BRACKET: DX 0.00290109 0.00290109 DU -8.00844 26.2431 DUDX -8729.02 3204.17 15059.6 
PRESSURE: 16 0 0 0 0 0 0 0 0 0
GPRESSURE: 16 0 0 0 0 0 0 0 0 0
ENERGY:      16         9.2992        27.5618        26.3208         0.9512          -1084.7114        -7.0331         0.0000         0.0000         0.0000          -1027.6115         0.0000     -1027.6115     -1027.6115         0.0000

LINE MINIMIZER BRACKET: DX 0.00212187 0.00077922 DU -9.23549 1.22705 DUDX -8729.02 -1.27609 3204.17 
LINE MINIMIZER REDUCING GRADIENT FROM 14881.6 TO 14.8816
PRESSURE: 17 0 0 0 0 0 0 0 0 0
GPRESSURE: 17 0 0 0 0 0 0 0 0 0
ENERGY:      17        16.1267        28.5113        25.9925         1.4890          -1091.4075       -10.5936         0.0000         0.0000         0.0000          -1029.8815         0.0000     -1029.8815     -1029.8815         0.0000

PRESSURE: 18 0 0 0 0 0 0 0 0 0
GPRESSURE: 18 0 0 0 0 0 0 0 0 0
ENERGY:      18        48.2302        37.5315        26.3330         2.4735          -1097.9857       -13.0798         0.0000         0.0000         0.0000           -996.4973         0.0000      -996.4973      -996.4973         0.0000

LINE MINIMIZER BRACKET: DX 0.00135773 0.00135773 DU -2.27001 33.3842 DUDX -14881.6 11525.5 37718.6 
PRESSURE: 19 0 0 0 0 0 0 0 0 0
GPRESSURE: 19 0 0 0 0 0 0 0 0 0
ENERGY:      19        10.0215        27.1085        26.0607         1.1969          -1088.4950        -9.1850         0.0000         0.0000         0.0000          -1033.2924         0.0000     -1033.2924     -1033.2924         0.0000

LINE MINIMIZER BRACKET: DX 0.000764869 0.000592864 DU -5.68094 3.41093 DUDX -14881.6 15.634 11525.5 
PRESSURE: 20 0 0 0 0 0 0 0 0 0
GPRESSURE: 20 0 0 0 0 0 0 0 0 0
ETITLE:      TS           BOND          ANGLE          DIHED          IMPRP               ELECT            VDW       BOUNDARY           MISC        KINETIC               TOTAL           TEMP      POTENTIAL         TOTAL3        TEMPAVG

ENERGY:      20         9.5858        27.0400        26.0784         1.1656          -1088.1181        -8.9875         0.0000         0.0000         0.0000          -1033.2358         0.0000     -1033.2358     -1033.2358         0.0000

LINE MINIMIZER BRACKET: DX 7.64869e-05 0.000592864 DU -0.0566103 3.41093 DUDX -1471.42 15.634 11525.5 
PRESSURE: 21 0 0 0 0 0 0 0 0 0
GPRESSURE: 21 0 0 0 0 0 0 0 0 0
ENERGY:      21         9.9743        27.1005        26.0624         1.1937          -1088.4572        -9.1654         0.0000         0.0000         0.0000          -1033.2918         0.0000     -1033.2918     -1033.2918         0.0000

LINE MINIMIZER BRACKET: DX 7.64869e-06 0.000592864 DU -0.00063356 3.41093 DUDX -133.044 15.634 11525.5 
PRESSURE: 22 0 0 0 0 0 0 0 0 0
GPRESSURE: 22 0 0 0 0 0 0 0 0 0
ENERGY:      22        10.0167        27.1077        26.0609         1.1966          -1088.4913        -9.1831         0.0000         0.0000         0.0000          -1033.2925         0.0000     -1033.2925     -1033.2925         0.0000

LINE MINIMIZER BRACKET: DX 6.88382e-06 7.64869e-07 DU -0.000699035 6.54745e-05 DUDX -133.044 0.76275 15.634 
LINE MINIMIZER REDUCING GRADIENT FROM 3962.37 TO 3.96237
PRESSURE: 23 0 0 0 0 0 0 0 0 0
GPRESSURE: 23 0 0 0 0 0 0 0 0 0
ENERGY:      23        31.9561        40.1577        26.0214         1.9687          -1098.6859       -13.9494         0.0000         0.0000         0.0000          -1012.5315         0.0000     -1012.5315     -1012.5315         0.0000

LINE MINIMIZER BRACKET: DX 0 0.00558135 DU 0 20.761 DUDX -3962.37 -3962.37 11353.6 
PRESSURE: 24 0 0 0 0 0 0 0 0 0
GPRESSURE: 24 0 0 0 0 0 0 0 0 0
ENERGY:      24        10.9073        27.6834        25.8958         1.1382          -1091.1055       -10.6581         0.0000         0.0000         0.0000          -1036.1388         0.0000     -1036.1388     -1036.1388         0.0000

LDB: ============= START OF LOAD BALANCING ============== 0.142794
LDB: ============== END OF LOAD BALANCING =============== 0.142832
LDB: =============== DONE WITH MIGRATION ================ 0.142957
LINE MINIMIZER BRACKET: DX 0.00143942 0.00414194 DU -2.84634 23.6073 DUDX -3962.37 2.87881 11353.6 
LINE MINIMIZER REDUCING GRADIENT FROM 5263.32 TO 5.26332
PRESSURE: 25 0 0 0 0 0 0 0 0 0
GPRESSURE: 25 0 0 0 0 0 0 0 0 0
ENERGY:      25        26.6722        43.2126        25.9467         1.7707          -1100.0584       -16.1047         0.0000         0.0000         0.0000          -1018.5609         0.0000     -1018.5609     -1018.5609         0.0000

LINE MINIMIZER BRACKET: DX 0 0.00381974 DU 0 17.5779 DUDX -5263.32 -5263.32 14457.3 
PRESSURE: 26 0 0 0 0 0 0 0 0 0
GPRESSURE: 26 0 0 0 0 0 0 0 0 0
ENERGY:      26        10.9760        29.1806        25.7167         1.1437          -1093.4903       -12.3407         0.0000         0.0000         0.0000          -1038.8140         0.0000     -1038.8140     -1038.8140         0.0000

LINE MINIMIZER BRACKET: DX 0.00101897 0.00280078 DU -2.67522 20.2531 DUDX -5263.32 4.7719 14457.3 
LINE MINIMIZER REDUCING GRADIENT FROM 3389.54 TO 3.38954
PRESSURE: 27 0 0 0 0 0 0 0 0 0
GPRESSURE: 27 0 0 0 0 0 0 0 0 0
ENERGY:      27        16.9401        33.8656        25.5698         0.8323          -1094.5202       -16.3274         0.0000         0.0000         0.0000          -1033.6397         0.0000     -1033.6397     -1033.6397         0.0000

LINE MINIMIZER BRACKET: DX 0 0.00368796 DU 0 5.1743 DUDX -3389.54 -3389.54 6194.14 
PRESSURE: 28 0 0 0 0 0 0 0 0 0
GPRESSURE: 28 0 0 0 0 0 0 0 0 0
ENERGY:      28        10.8153        29.3670        25.5465         0.9891          -1093.8594       -13.8806         0.0000         0.0000         0.0000          -1041.0220         0.0000     -1041.0220     -1041.0220         0.0000

LINE MINIMIZER BRACKET: DX 0.00130416 0.00238381 DU -2.20797 7.38227 DUDX -3389.54 4.66721 6194.14 
PRESSURE: 29 0 0 0 0 0 0 0 0 0
GPRESSURE: 29 0 0 0 0 0 0 0 0 0
ENERGY:      29        10.7197        29.2760        25.5577         1.0024          -1093.8228       -13.7332         0.0000         0.0000         0.0000          -1041.0002         0.0000     -1041.0002     -1041.0002         0.0000

LINE MINIMIZER BRACKET: DX 0.000130416 0.00238381 DU -0.0218416 7.38227 DUDX -334.69 4.66721 6194.14 
PRESSURE: 30 0 0 0 0 0 0 0 0 0
GPRESSURE: 30 0 0 0 0 0 0 0 0 0
ETITLE:      TS           BOND          ANGLE          DIHED          IMPRP               ELECT            VDW       BOUNDARY           MISC        KINETIC               TOTAL           TEMP      POTENTIAL         TOTAL3        TEMPAVG

ENERGY:      30        10.8047        29.3572        25.5476         0.9904          -1093.8556       -13.8659         0.0000         0.0000         0.0000          -1041.0217         0.0000     -1041.0217     -1041.0217         0.0000

LINE MINIMIZER BRACKET: DX 1.30416e-05 0.00238381 DU -0.000287987 7.38227 DUDX -29.2667 4.66721 6194.14 
PRESSURE: 31 0 0 0 0 0 0 0 0 0
GPRESSURE: 31 0 0 0 0 0 0 0 0 0
ENERGY:      31        10.8143        29.3660        25.5466         0.9892          -1093.8589       -13.8791         0.0000         0.0000         0.0000          -1041.0219         0.0000     -1041.0219     -1041.0219         0.0000

LINE MINIMIZER BRACKET: DX 1.30416e-06 0.00238381 DU -0.000109503 7.38227 DUDX 1.27173 4.66721 6194.14 
PRESSURE: 32 0 0 0 0 0 0 0 0 0
GPRESSURE: 32 0 0 0 0 0 0 0 0 0
ENERGY:      32        10.8153        29.3670        25.5465         0.9891          -1093.8594       -13.8806         0.0000         0.0000         0.0000          -1041.0220         0.0000     -1041.0220     -1041.0220         0.0000

LINE MINIMIZER REDUCING GRADIENT FROM 3074.4 TO 3.0744
PRESSURE: 33 0 0 0 0 0 0 0 0 0
GPRESSURE: 33 0 0 0 0 0 0 0 0 0
ENERGY:      33        24.2458        38.7761        26.3357         1.4526          -1096.0970       -19.7838         0.0000         0.0000         0.0000          -1025.0707         0.0000     -1025.0707     -1025.0707         0.0000

LINE MINIMIZER BRACKET: DX 0 0.00554691 DU 0 15.9513 DUDX -3074.4 -3074.4 8805.27 
PRESSURE: 34 0 0 0 0 0 0 0 0 0
GPRESSURE: 34 0 0 0 0 0 0 0 0 0
ENERGY:      34        11.0341        29.6385        25.4292         0.8109          -1094.4394       -15.6867         0.0000         0.0000         0.0000          -1043.2133         0.0000     -1043.2133     -1043.2133         0.0000

LINE MINIMIZER BRACKET: DX 0.00143303 0.00411387 DU -2.19124 18.1426 DUDX -3074.4 9.11664 8805.27 
PRESSURE: 35 0 0 0 0 0 0 0 0 0
GPRESSURE: 35 0 0 0 0 0 0 0 0 0
ENERGY:      35        10.9107        29.5432        25.4311         0.8196          -1094.3812       -15.5155         0.0000         0.0000         0.0000          -1043.1922         0.0000     -1043.1922     -1043.1922         0.0000

LINE MINIMIZER BRACKET: DX 0.000143303 0.00411387 DU -0.0211301 18.1426 DUDX -298.984 9.11664 8805.27 
PRESSURE: 36 0 0 0 0 0 0 0 0 0
GPRESSURE: 36 0 0 0 0 0 0 0 0 0
ENERGY:      36        11.0208        29.6283        25.4293         0.8117          -1094.4335       -15.6697         0.0000         0.0000         0.0000          -1043.2131         0.0000     -1043.2131     -1043.2131         0.0000

LINE MINIMIZER BRACKET: DX 1.43303e-05 0.00411387 DU -0.000159168 18.1426 DUDX -21.6888 9.11664 8805.27 
PRESSURE: 37 0 0 0 0 0 0 0 0 0
GPRESSURE: 37 0 0 0 0 0 0 0 0 0
ENERGY:      37        11.0311        29.6362        25.4292         0.8111          -1094.4379       -15.6829         0.0000         0.0000         0.0000          -1043.2132         0.0000     -1043.2132     -1043.2132         0.0000

LINE MINIMIZER BRACKET: DX 3.22998e-06 0.00411387 DU -0.000125092 18.1426 DUDX 2.17219 9.11664 8805.27 
PRESSURE: 38 0 0 0 0 0 0 0 0 0
GPRESSURE: 38 0 0 0 0 0 0 0 0 0
ENERGY:      38        11.0341        29.6385        25.4292         0.8109          -1094.4393       -15.6867         0.0000         0.0000         0.0000          -1043.2133         0.0000     -1043.2133     -1043.2133         0.0000

LINE MINIMIZER REDUCING GRADIENT FROM 3940.29 TO 3.94029
PRESSURE: 39 0 0 0 0 0 0 0 0 0
GPRESSURE: 39 0 0 0 0 0 0 0 0 0
ENERGY:      39        21.5524        39.5865        26.5704         1.4465          -1098.3401       -20.1866         0.0000         0.0000         0.0000          -1029.3710         0.0000     -1029.3710     -1029.3710         0.0000

LINE MINIMIZER BRACKET: DX 0 0.00358218 DU 0 13.8423 DUDX -3940.29 -3940.29 11700 
PRESSURE: 40 0 0 0 0 0 0 0 0 0
GPRESSURE: 40 0 0 0 0 0 0 0 0 0
ETITLE:      TS           BOND          ANGLE          DIHED          IMPRP               ELECT            VDW       BOUNDARY           MISC        KINETIC               TOTAL           TEMP      POTENTIAL         TOTAL3        TEMPAVG

ENERGY:      40        10.7254        30.4747        25.4590         0.7747          -1095.4264       -17.0116         0.0000         0.0000         0.0000          -1045.0041         0.0000     -1045.0041     -1045.0041         0.0000

LINE MINIMIZER BRACKET: DX 0.000904276 0.0026779 DU -1.79089 15.6331 DUDX -3940.29 -21.9333 11700 
PRESSURE: 41 0 0 0 0 0 0 0 0 0
GPRESSURE: 41 0 0 0 0 0 0 0 0 0
ENERGY:      41        11.0151        30.9374        25.5017         0.7889          -1095.7189       -17.3783         0.0000         0.0000         0.0000          -1044.8540         0.0000     -1044.8540     -1044.8540         0.0000

LINE MINIMIZER BRACKET: DX 0.000904276 0.00026779 DU -1.79089 0.150133 DUDX -3940.29 -21.9333 1142.51 
PRESSURE: 42 0 0 0 0 0 0 0 0 0
GPRESSURE: 42 0 0 0 0 0 0 0 0 0
ENERGY:      42        10.7465        30.5165        25.4626         0.7756          -1095.4556       -17.0487         0.0000         0.0000         0.0000          -1045.0031         0.0000     -1045.0031     -1045.0031         0.0000

LINE MINIMIZER BRACKET: DX 0.000904276 2.6779e-05 DU -1.79089 0.00100758 DUDX -3940.29 -21.9333 94.4359 
PRESSURE: 43 0 0 0 0 0 0 0 0 0
GPRESSURE: 43 0 0 0 0 0 0 0 0 0
ENERGY:      43        10.7292        30.4823        25.4597         0.7749          -1095.4318       -17.0184         0.0000         0.0000         0.0000          -1045.0042         0.0000     -1045.0042     -1045.0042         0.0000

LINE MINIMIZER BRACKET: DX 4.93084e-06 2.18482e-05 DU -5.4597e-05 0.00106218 DUDX -21.9333 -0.520228 94.4359 
LINE MINIMIZER REDUCING GRADIENT FROM 1656.86 TO 1.65686
PRESSURE: 44 0 0 0 0 0 0 0 0 0
GPRESSURE: 44 0 0 0 0 0 0 0 0 0
ENERGY:      44        31.2013        38.2662        26.6326         1.2924          -1101.1593       -20.3708         0.0000         0.0000         0.0000          -1024.1378         0.0000     -1024.1378     -1024.1378         0.0000

LINE MINIMIZER BRACKET: DX 0 0.00699914 DU 0 20.8664 DUDX -1656.86 -1656.86 7596.05 
PRESSURE: 45 0 0 0 0 0 0 0 0 0
GPRESSURE: 45 0 0 0 0 0 0 0 0 0
ENERGY:      45        11.3893        30.4911        25.5275         0.7200          -1096.4277       -17.7386         0.0000         0.0000         0.0000          -1046.0385         0.0000     -1046.0385     -1046.0385         0.0000

LINE MINIMIZER BRACKET: DX 0.00125014 0.00574901 DU -1.03434 21.9008 DUDX -1656.86 -1.53138 7596.05 
LINE MINIMIZER REDUCING GRADIENT FROM 2015.47 TO 2.01547
PRESSURE: 46 0 0 0 0 0 0 0 0 0
GPRESSURE: 46 0 0 0 0 0 0 0 0 0
ENERGY:      46        18.2049        38.3776        26.1485         1.0083          -1100.9633       -20.8582         0.0000         0.0000         0.0000          -1038.0822         0.0000     -1038.0822     -1038.0822         0.0000

LINE MINIMIZER BRACKET: DX 0 0.00473022 DU 0 7.9563 DUDX -2015.47 -2015.47 5355.77 
PRESSURE: 47 0 0 0 0 0 0 0 0 0
GPRESSURE: 47 0 0 0 0 0 0 0 0 0
ENERGY:      47        11.4011        31.3573        25.5818         0.6914          -1097.6339       -18.7338         0.0000         0.0000         0.0000          -1047.3361         0.0000     -1047.3361     -1047.3361         0.0000

LINE MINIMIZER BRACKET: DX 0.0012892 0.00344102 DU -1.29753 9.25383 DUDX -2015.47 -0.818981 5355.77 
LINE MINIMIZER REDUCING GRADIENT FROM 1386.86 TO 1.38686
PRESSURE: 48 0 0 0 0 0 0 0 0 0
GPRESSURE: 48 0 0 0 0 0 0 0 0 0
ENERGY:      48        19.8796        41.1452        25.8235         0.7612          -1099.8330       -21.2111         0.0000         0.0000         0.0000          -1033.4345         0.0000     -1033.4345     -1033.4345         0.0000

LINE MINIMIZER BRACKET: DX 0 0.00684438 DU 0 13.9015 DUDX -1386.86 -1386.86 5468.9 
PRESSURE: 49 0 0 0 0 0 0 0 0 0
GPRESSURE: 49 0 0 0 0 0 0 0 0 0
ENERGY:      49        10.8919        32.0885        25.5250         0.6211          -1098.0372       -19.3905         0.0000         0.0000         0.0000          -1048.3012         0.0000     -1048.3012     -1048.3012         0.0000

LINE MINIMIZER BRACKET: DX 0.00138858 0.0054558 DU -0.965139 14.8667 DUDX -1386.86 -4.44994 5468.9 
PRESSURE: 50 0 0 0 0 0 0 0 0 0
GPRESSURE: 50 0 0 0 0 0 0 0 0 0
ETITLE:      TS           BOND          ANGLE          DIHED          IMPRP               ELECT            VDW       BOUNDARY           MISC        KINETIC               TOTAL           TEMP      POTENTIAL         TOTAL3        TEMPAVG

ENERGY:      50        10.8919        32.0885        25.5250         0.6211          -1098.0372       -19.3905         0.0000         0.0000         0.0000          -1048.3012         0.0000     -1048.3012     -1048.3012         0.0000

WRITING EXTENDED SYSTEM TO OUTPUT FILE AT STEP 50
WRITING COORDINATES TO OUTPUT FILE AT STEP 50
The last position output (seq=-2) takes 0.008 seconds, 149.770 MB of memory in use
WRITING VELOCITIES TO OUTPUT FILE AT STEP 50
The last velocity output (seq=-2) takes 0.001 seconds, 149.770 MB of memory in use
====================================================

WallClock: 0.225654  CPUTime: 0.182972  Memory: 149.769531 MB
[Partition 0][Node 0] End of program
