1
                 Chemistry at HARvard Macromolecular Mechanics
                   (CHARMM) - Developmental Version 34b1     August 15, 2007   
       Copyright(c) 1984-2001  President and Fellows of Harvard College
                              All Rights Reserved
      Current operating system: Linux-2.6.18-348.12.1.el5(x86_64)@hammer14.r
                 Created on  6/ 4/14 at 15:51:44 by user: mjg5185     

            Maximum number of ATOMS:    240480, and RESidues:       80160
            Current HEAP size:        10240000, and STACK size:  10000000

 RDTITL> * THE PERTURBATION OF DESIGN GROUP 1
 RDTITL> *
  
 CHARMM>     
  
 CHARMM>    wrnl -2
  
 CHARMM>    !prnl -2
 CHARMM>    bomb -2
  
 CHARMM>     
  
 CHARMM>    ! Load the Topology file(s)
 CHARMM>    open read unit 10 form name mcr_topology.rtf card
 VOPEN> Attempting to open::mcr_topology.rtf::
 OPNLGU> Unit 10 opened for READONLY access to mcr_topology.rtf
  
 CHARMM>    read rtf card unit 10
 MAINIO> Residue topology file being read from unit  10.
 TITLE> *>>>>>>>>CHARMM22 ALL-HYDROGEN TOPOLOGY FILE FOR PROTEINS <<<<<<<
 TITLE> *>>>>>>>>>>>>>>>>>>>> AND NUCLEIC ACIDS <<<<<<<<<<<<<<<<<<<<<<<<<
 TITLE> *>>>>> INCLUDES PHI, PSI CROSS TERM MAP (CMAP) CORRECTION <<<<<<<
 TITLE> *>>>>>>>>>>>>>>>>>>>>>>   JULY, 2004    <<<<<<<<<<<<<<<<<<<<<<<<<<
 TITLE> * ALL COMMENTS TO ADM JR. VIA THE CHARMM WEB SITE: WWW.CHARMM.ORG
 TITLE> *               PARAMETER SET DISCUSSION FORUM
 TITLE> *
  
 CHARMM>    close unit 10
 VCLOSE: Closing unit   10 with status "KEEP"
  
 CHARMM>     
  
 CHARMM>    ! Load the Parameter file(s)
 CHARMM>    open read unit 10 form name mcr_parameters.prm card
 VOPEN> Attempting to open::mcr_parameters.prm::
 OPNLGU> Unit 10 opened for READONLY access to mcr_parameters.prm
  
 CHARMM>    read para card unit 10

          PARAMETER FILE BEING READ FROM UNIT 10
 TITLE> * PARAMETERS FOR MCR WITH UNMODIFIED F430, COM, AND COB
 TITLE>  
 PARMIO> NONBOND, HBOND lists and IMAGE atoms cleared.
  
 CHARMM>    close unit 10
 VCLOSE: Closing unit   10 with status "KEEP"
  
 CHARMM>     
  
 CHARMM>    ! Load DESIGN Molecule A
 CHARMM>    open read unit 10 form name group1_moleculea_preperturbation.pdb
 VOPEN> Attempting to open::group1_moleculea_preperturbation.pdb::
 OPNLGU> Unit 10 opened for READONLY access to group1_moleculea_preperturbation.pdb
  
 CHARMM>    read sequ pdb offi unit 10
 MAINIO> Sequence information being read from unit  10.
 TITLE>   Created by mjg5185 on 6/4/2014 at 15:51:43
 TITLE>  *

          RESIDUE SEQUENCE --   578 RESIDUES
          PRO TYR ASN ASP ILE GLN HSD ASN PHE LEU LYS ALA MET SER ASP LYS PHE ALA GLU LYS 
          PRO GLU SER THR ALA THR GLU PHE TYR THR TYR GLY GLY ILE ALA GLN LYS GLY GLY MET 
          ARG LYS ARG GLU PHE ILE ALA GLU ALA SER LYS ILE VAL ASP SER ARG VAL ASN SER THR 
          PRO ALA TYR ASN PRO ASP ALA GLY MET PRO GLN GLY GLN ARG TYR LEU MET PRO TYR MET 
          MET ASN HSD THR ASP ILE MET VAL ASN ALA ASP ASP LEU HSD TRP ILE ASN ASN ALA ALA 
          MET GLN GLN ALA TRP ASP ASP MET LYS ARG GLY ILE VAL LEU GLY LEU ASP ASP ALA HSD 
          GLY LEU LEU GLU ALA ARG LEU GLY LYS GLU VAL THR PRO ASP THR ILE SER ASN TYR MET 
          GLU VAL LEU ASN HSD ALA LEU PRO GLY GLY ALA VAL ILE GLN GLU HSD MET GLY GLY GLY 
          GLY PRO GLY GLY GLY GLY GLY GLY GLY GLY LYS ILE PHE SER GLY ASP ASP ASP LEU VAL 
          ASP SER VAL ASP ARG ARG PHE ILE LEU ASP ILE ASN LYS GLU PHE ALA ALA GLY TYR ASP 
          LYS PRO GLY GLU GLN ALA ASP GLN LEU LYS ASP ALA ILE GLY LYS LYS ILE TRP GLN ILE 
          LEU TRP MET PRO THR GLY VAL ALA ARG GLN THR ASP GLY GLY THR MET PHE ARG TRP VAL 
          GLY MET GLN VAL GLY MET THR MET ILE ASN ALA TYR LYS LEU CYS ALA GLY GLU SER VAL 
          THR GLY GLU PHE ALA TYR TYR ALA LYS HSD ALA ALA VAL VAL GLN LEU SER ASN TYR MET 
          PRO VAL LYS ARG ALA ARG SER HSD ASN GLU PRO GLY GLY MET PRO LEU GLY ILE ASN ALA 
          ASP SER THR ARG SER PRO ALA LEU PHE PRO ASN ASP PRO ILE ARG ALA GLU LEU GLU SER 
          ILE ALA VAL ALA ALA MET VAL TYR ASP GLN LEU TRP PHE GLY THR TYR MET SER GLY GLY 
          VAL GLY PHE THR GLN TYR ALA SER ALA THR TYR THR ASP ASN ILE LEU GLU ASP PHE CYS 
          TYR LYS GLY CYS GLU ILE GLY LEU ASP TYR ALA GLY GLY LYS MET ALA SER ILE LYS GLY 
          ASP LYS LEU ASN MET ASP ILE LEU GLU GLU ILE ILE ARG ALA GLU ASN ASP TYR ALA LEU 
          THR GLN TYR GLU ALA TYR PRO THR VAL ALA GLU SER HSD PHE GLY GLY SER VAL ARG ALA 
          CYS CYS ALA ALA ALA GLY CYS GLY SER ALA VAL ALA CYS ALA THR GLY LEU ALA GLN PRO 
          ALA LEU SER ALA TRP SER LEU SER MET LEU GLY HSD TYR GLU ARG VAL GLY ARG LEU GLY 
          PHE PHE GLY TYR ASP LEU GLN ASP GLN CYS THR ALA CYS GLY SER TYR SER TYR GLN SER 
          ASP GLU GLY MET PRO PHE GLU MET ARG GLY VAL ASN TYR PRO ASN TYR ALA MET ASN VAL 
          GLY HSD GLN SER ALA TYR ALA GLY LEU VAL ALA GLY ALA HSD SER ALA ASN HSD ASP ALA 
          TRP VAL LEU SER PRO LEU TRP LYS VAL ALA PHE SER ASP ARG ASP LEU PRO PHE ASP ARG 
          GLY TYR VAL THR ARG GLU TYR GLY LEU GLY ALA ASN ARG GLU TYR THR LYS VAL GLY GLY 
          GLY GLY GLY LEU GLY ILE ALA GLY HSD TYR GLY ARG GLU PRO GLY ALA LYS LEU 
  
 CHARMM>    close unit 10
 VCLOSE: Closing unit   10 with status "KEEP"
  
 CHARMM>    gene mla setup
 THE PATCH 'PROP' WILL BE USED FOR THE FIRST RESIDUE
 THE PATCH 'CTER' WILL BE USED FOR THE LAST  RESIDUE
 GENPSF> Segment   1 has been generated. Its identifier is MLA.
 PSFSUM> PSF modified: NONBOND lists and IMAGE atoms cleared.
 PSFSUM> Summary of the structure file counters :
         Number of segments      =        1   Number of residues   =      578
         Number of atoms         =     8580   Number of groups     =     2610
         Number of bonds         =     8686   Number of angles     =    15599
         Number of dihedrals     =    22759   Number of impropers  =     1510
         Number of cross-terms   =      576
         Number of HB acceptors  =      857   Number of HB donors  =      955
         Number of NB exclusions =        0   Total charge =  -19.00000
 QXFORM> Expanded format used.
         More than 4 character atom type used.
  
 CHARMM>    open read unit 10 form name group1_moleculea_preperturbation.pdb
 VOPEN> Attempting to open::group1_moleculea_preperturbation.pdb::
 OPNLGU> Unit 10 opened for READONLY access to group1_moleculea_preperturbation.pdb
  
 CHARMM>    read coor pdb unit 10
  read CHARMM-pdb format
          SPATIAL COORDINATES BEING READ FROM UNIT 10
 TITLE>   CREATED BY MJG5185 ON 6/4/2014 AT 15:51:43
 TITLE>  *
  
 CHARMM>    close unit 10
 VCLOSE: Closing unit   10 with status "KEEP"
  
 CHARMM>     
  
 CHARMM>    ! Load TARGET Molecule F
 CHARMM>    open read unit 10 form name group1_moleculef_preperturbation.pdb
 VOPEN> Attempting to open::group1_moleculef_preperturbation.pdb::
 OPNLGU> Unit 10 opened for READONLY access to group1_moleculef_preperturbation.pdb
  
 CHARMM>    read sequ pdb offi unit 10
 MAINIO> Sequence information being read from unit  10.
 TITLE>   Created by mjg5185 on 6/4/2014 at 15:51:44
 TITLE>  *

          RESIDUE SEQUENCE --     1 RESIDUES
          F43     
  
 CHARMM>    close unit 10
 VCLOSE: Closing unit   10 with status "KEEP"
  
 CHARMM>    gene mlf setup
 NO PATCHING WILL BE DONE ON THE FIRST RESIDUE
 NO PATCHING WILL BE DONE ON THE LAST  RESIDUE
 CHECKDH> dihedral : 8589 8688 8597 8596 will NOT be generated
 CHECKDH> dihedral : 8589 8688 8597 8598 will NOT be generated
 CHECKDH> dihedral : 8586 8601 8688 8593 will NOT be generated
 CHECKDH> dihedral : 8593 8688 8601 8600 will NOT be generated
 CHECKDH> dihedral : 8590 8589 8688 8597 will NOT be generated
 CHECKDH> dihedral : 8588 8589 8688 8597 will NOT be generated
 CHECKDH> dihedral : 8592 8593 8688 8601 will NOT be generated
 CHECKDH> dihedral : 8594 8593 8688 8601 will NOT be generated
 GENPSF> Segment   2 has been generated. Its identifier is MLF.
 PSFSUM> PSF modified: NONBOND lists and IMAGE atoms cleared.
 PSFSUM> Summary of the structure file counters :
         Number of segments      =        2   Number of residues   =      579
         Number of atoms         =     8688   Number of groups     =     2611
         Number of bonds         =     8803   Number of angles     =    15830
         Number of dihedrals     =    23147   Number of impropers  =     1518
         Number of cross-terms   =      576
         Number of HB acceptors  =      872   Number of HB donors  =      958
         Number of NB exclusions =        0   Total charge =  -24.00000
  
 CHARMM>    open read unit 10 form name group1_moleculef_preperturbation.pdb
 VOPEN> Attempting to open::group1_moleculef_preperturbation.pdb::
 OPNLGU> Unit 10 opened for READONLY access to group1_moleculef_preperturbation.pdb
  
 CHARMM>    read coor pdb unit 10
  read CHARMM-pdb format
          SPATIAL COORDINATES BEING READ FROM UNIT 10
 TITLE>   CREATED BY MJG5185 ON 6/4/2014 AT 15:51:44
 TITLE>  *
  
 CHARMM>    close unit 10
 VCLOSE: Closing unit   10 with status "KEEP"
  
 CHARMM>     
  
 CHARMM>    ! Add missing Atoms and assign them coordinates
 CHARMM>    ic fill preserve
  
 CHARMM>    ic param
  
 CHARMM>    ic build
  
 CHARMM>    hbuild
  
 CHARMM>     
  
 CHARMM>    cons dihe 162 C 163 N 163 CA 163 C force 32800.0 min -68.207
 NEW DIHEDRAL RESTRAINT ADDED
    1:    162      MLA      C       /  163      MLA      N       /  163      MLA      CA      /  163      MLA      C       
      FORCe= 32800.00  MIN=   -68.21  PERIod=   0  WIDTh=     0.00
  
 CHARMM>    cons dihe 163 N 163 CA 163 C 164 N  force 32800.0 min -38.577
 NEW DIHEDRAL RESTRAINT ADDED
    2:    163      MLA      N       /  163      MLA      CA      /  163      MLA      C       /  164      MLA      N       
      FORCe= 32800.00  MIN=   -38.58  PERIod=   0  WIDTh=     0.00
  
 CHARMM>    cons dihe 163 C 164 N 164 CA 164 C force 32800.0 min -75.530
 NEW DIHEDRAL RESTRAINT ADDED
    3:    163      MLA      C       /  164      MLA      N       /  164      MLA      CA      /  164      MLA      C       
      FORCe= 32800.00  MIN=   -75.53  PERIod=   0  WIDTh=     0.00
  
 CHARMM>    cons dihe 164 N 164 CA 164 C 165 N  force 32800.0 min -13.489
 NEW DIHEDRAL RESTRAINT ADDED
    4:    164      MLA      N       /  164      MLA      CA      /  164      MLA      C       /  165      MLA      N       
      FORCe= 32800.00  MIN=   -13.49  PERIod=   0  WIDTh=     0.00
  
 CHARMM>    cons dihe 164 C 165 N 165 CA 165 C force 32800.0 min -128.880
 NEW DIHEDRAL RESTRAINT ADDED
    5:    164      MLA      C       /  165      MLA      N       /  165      MLA      CA      /  165      MLA      C       
      FORCe= 32800.00  MIN=  -128.88  PERIod=   0  WIDTh=     0.00
  
 CHARMM>    cons dihe 165 N 165 CA 165 C 166 N  force 32800.0 min 23.939
 NEW DIHEDRAL RESTRAINT ADDED
    6:    165      MLA      N       /  165      MLA      CA      /  165      MLA      C       /  166      MLA      N       
      FORCe= 32800.00  MIN=    23.94  PERIod=   0  WIDTh=     0.00
  
 CHARMM>    ! Carry out an energy minimization
 CHARMM>     
  
 CHARMM>     
  
 CHARMM>    nbon nbxm 5

 NONBOND OPTION FLAGS: 
     ELEC     VDW      ATOMs    CDIElec  SHIFt    VATOm    VSWItch 
     BYGRoup  NOEXtnd  NOEWald 
 CUTNB  = 14.000 CTEXNB =999.000 CTONNB = 10.000 CTOFNB = 12.000
 WMIN   =  1.500 WRNMXD =  0.500 E14FAC =  1.000 EPS    =  1.000
 NBXMOD =      5
 There are        0 atom  pairs and        0 atom  exclusions.
 There are        0 group pairs and        0 group exclusions.
 <MAKINB> with mode   5 found  24633 exclusions and  22700 interactions(1-4)
 <MAKGRP> found   7599 group exclusions.
 Generating nonbond list with Exclusion mode = 5
 == PRIMARY == SPACE FOR  2496511 ATOM PAIRS AND        0 GROUP PAIRS
 == PRIMARY == SPACE FOR  3744786 ATOM PAIRS AND        0 GROUP PAIRS

 General atom nonbond list generation found:
  3168176 ATOM PAIRS WERE FOUND FOR ATOM LIST
   178399 GROUP PAIRS REQUIRED ATOM SEARCHES

  
 CHARMM>    defi fixed sele none end
 SELRPN>      0 atoms have been selected out of   8688
  
 CHARMM>    defi fixed sele fixed .or. resi 1 end
 SELRPN>     16 atoms have been selected out of   8688
  
 CHARMM>    defi fixed sele fixed .or. resi 2 end
 SELRPN>     37 atoms have been selected out of   8688
  
 CHARMM>    defi fixed sele fixed .or. resi 3 end
 SELRPN>     51 atoms have been selected out of   8688
  
 CHARMM>    defi fixed sele fixed .or. resi 4 end
 SELRPN>     63 atoms have been selected out of   8688
  
 CHARMM>    defi fixed sele fixed .or. resi 5 end
 SELRPN>     82 atoms have been selected out of   8688
  
 CHARMM>    defi fixed sele fixed .or. resi 6 end
 SELRPN>     99 atoms have been selected out of   8688
  
 CHARMM>    defi fixed sele fixed .or. resi 7 end
 SELRPN>    116 atoms have been selected out of   8688
  
 CHARMM>    defi fixed sele fixed .or. resi 8 end
 SELRPN>    130 atoms have been selected out of   8688
  
 CHARMM>    defi fixed sele fixed .or. resi 9 end
 SELRPN>    150 atoms have been selected out of   8688
  
 CHARMM>    defi fixed sele fixed .or. resi 10 end
 SELRPN>    169 atoms have been selected out of   8688
  
 CHARMM>    defi fixed sele fixed .or. resi 11 end
 SELRPN>    191 atoms have been selected out of   8688
  
 CHARMM>    defi fixed sele fixed .or. resi 12 end
 SELRPN>    201 atoms have been selected out of   8688
  
 CHARMM>    defi fixed sele fixed .or. resi 13 end
 SELRPN>    218 atoms have been selected out of   8688
  
 CHARMM>    defi fixed sele fixed .or. resi 14 end
 SELRPN>    229 atoms have been selected out of   8688
  
 CHARMM>    defi fixed sele fixed .or. resi 15 end
 SELRPN>    241 atoms have been selected out of   8688
  
 CHARMM>    defi fixed sele fixed .or. resi 16 end
 SELRPN>    263 atoms have been selected out of   8688
  
 CHARMM>    defi fixed sele fixed .or. resi 17 end
 SELRPN>    283 atoms have been selected out of   8688
  
 CHARMM>    defi fixed sele fixed .or. resi 18 end
 SELRPN>    293 atoms have been selected out of   8688
  
 CHARMM>    defi fixed sele fixed .or. resi 19 end
 SELRPN>    308 atoms have been selected out of   8688
  
 CHARMM>    defi fixed sele fixed .or. resi 20 end
 SELRPN>    330 atoms have been selected out of   8688
  
 CHARMM>    defi fixed sele fixed .or. resi 21 end
 SELRPN>    344 atoms have been selected out of   8688
  
 CHARMM>    defi fixed sele fixed .or. resi 22 end
 SELRPN>    359 atoms have been selected out of   8688
  
 CHARMM>    defi fixed sele fixed .or. resi 23 end
 SELRPN>    370 atoms have been selected out of   8688
  
 CHARMM>    defi fixed sele fixed .or. resi 24 end
 SELRPN>    384 atoms have been selected out of   8688
  
 CHARMM>    defi fixed sele fixed .or. resi 25 end
 SELRPN>    394 atoms have been selected out of   8688
  
 CHARMM>    defi fixed sele fixed .or. resi 26 end
 SELRPN>    408 atoms have been selected out of   8688
  
 CHARMM>    defi fixed sele fixed .or. resi 27 end
 SELRPN>    423 atoms have been selected out of   8688
  
 CHARMM>    defi fixed sele fixed .or. resi 28 end
 SELRPN>    443 atoms have been selected out of   8688
  
 CHARMM>    defi fixed sele fixed .or. resi 29 end
 SELRPN>    464 atoms have been selected out of   8688
  
 CHARMM>    defi fixed sele fixed .or. resi 30 end
 SELRPN>    478 atoms have been selected out of   8688
  
 CHARMM>    defi fixed sele fixed .or. resi 31 end
 SELRPN>    499 atoms have been selected out of   8688
  
 CHARMM>    defi fixed sele fixed .or. resi 32 end
 SELRPN>    506 atoms have been selected out of   8688
  
 CHARMM>    defi fixed sele fixed .or. resi 33 end
 SELRPN>    513 atoms have been selected out of   8688
  
 CHARMM>    defi fixed sele fixed .or. resi 34 end
 SELRPN>    532 atoms have been selected out of   8688
  
 CHARMM>    defi fixed sele fixed .or. resi 35 end
 SELRPN>    542 atoms have been selected out of   8688
  
 CHARMM>    defi fixed sele fixed .or. resi 36 end
 SELRPN>    559 atoms have been selected out of   8688
  
 CHARMM>    defi fixed sele fixed .or. resi 37 end
 SELRPN>    581 atoms have been selected out of   8688
  
 CHARMM>    defi fixed sele fixed .or. resi 38 end
 SELRPN>    588 atoms have been selected out of   8688
  
 CHARMM>    defi fixed sele fixed .or. resi 39 end
 SELRPN>    595 atoms have been selected out of   8688
  
 CHARMM>    defi fixed sele fixed .or. resi 40 end
 SELRPN>    612 atoms have been selected out of   8688
  
 CHARMM>    defi fixed sele fixed .or. resi 41 end
 SELRPN>    636 atoms have been selected out of   8688
  
 CHARMM>    defi fixed sele fixed .or. resi 42 end
 SELRPN>    658 atoms have been selected out of   8688
  
 CHARMM>    defi fixed sele fixed .or. resi 43 end
 SELRPN>    682 atoms have been selected out of   8688
  
 CHARMM>    defi fixed sele fixed .or. resi 44 end
 SELRPN>    697 atoms have been selected out of   8688
  
 CHARMM>    defi fixed sele fixed .or. resi 45 end
 SELRPN>    717 atoms have been selected out of   8688
  
 CHARMM>    defi fixed sele fixed .or. resi 46 end
 SELRPN>    736 atoms have been selected out of   8688
  
 CHARMM>    defi fixed sele fixed .or. resi 47 end
 SELRPN>    746 atoms have been selected out of   8688
  
 CHARMM>    defi fixed sele fixed .or. resi 48 end
 SELRPN>    761 atoms have been selected out of   8688
  
 CHARMM>    defi fixed sele fixed .or. resi 49 end
 SELRPN>    771 atoms have been selected out of   8688
  
 CHARMM>    defi fixed sele fixed .or. resi 50 end
 SELRPN>    782 atoms have been selected out of   8688
  
 CHARMM>    defi fixed sele fixed .or. resi 51 end
 SELRPN>    804 atoms have been selected out of   8688
  
 CHARMM>    defi fixed sele fixed .or. resi 52 end
 SELRPN>    823 atoms have been selected out of   8688
  
 CHARMM>    defi fixed sele fixed .or. resi 53 end
 SELRPN>    839 atoms have been selected out of   8688
  
 CHARMM>    defi fixed sele fixed .or. resi 54 end
 SELRPN>    851 atoms have been selected out of   8688
  
 CHARMM>    defi fixed sele fixed .or. resi 55 end
 SELRPN>    862 atoms have been selected out of   8688
  
 CHARMM>    defi fixed sele fixed .or. resi 56 end
 SELRPN>    886 atoms have been selected out of   8688
  
 CHARMM>    defi fixed sele fixed .or. resi 57 end
 SELRPN>    902 atoms have been selected out of   8688
  
 CHARMM>    defi fixed sele fixed .or. resi 58 end
 SELRPN>    916 atoms have been selected out of   8688
  
 CHARMM>    defi fixed sele fixed .or. resi 59 end
 SELRPN>    927 atoms have been selected out of   8688
  
 CHARMM>    defi fixed sele fixed .or. resi 60 end
 SELRPN>    941 atoms have been selected out of   8688
  
 CHARMM>    defi fixed sele fixed .or. resi 61 end
 SELRPN>    955 atoms have been selected out of   8688
  
 CHARMM>    defi fixed sele fixed .or. resi 62 end
 SELRPN>    965 atoms have been selected out of   8688
  
 CHARMM>    defi fixed sele fixed .or. resi 63 end
 SELRPN>    986 atoms have been selected out of   8688
  
 CHARMM>    defi fixed sele fixed .or. resi 64 end
 SELRPN>   1000 atoms have been selected out of   8688
  
 CHARMM>    defi fixed sele fixed .or. resi 65 end
 SELRPN>   1014 atoms have been selected out of   8688
  
 CHARMM>    defi fixed sele fixed .or. resi 66 end
 SELRPN>   1026 atoms have been selected out of   8688
  
 CHARMM>    defi fixed sele fixed .or. resi 67 end
 SELRPN>   1036 atoms have been selected out of   8688
  
 CHARMM>    defi fixed sele fixed .or. resi 68 end
 SELRPN>   1043 atoms have been selected out of   8688
  
 CHARMM>    defi fixed sele fixed .or. resi 69 end
 SELRPN>   1060 atoms have been selected out of   8688
  
 CHARMM>    defi fixed sele fixed .or. resi 70 end
 SELRPN>   1074 atoms have been selected out of   8688
  
 CHARMM>    defi fixed sele fixed .or. resi 71 end
 SELRPN>   1091 atoms have been selected out of   8688
  
 CHARMM>    defi fixed sele fixed .or. resi 72 end
 SELRPN>   1098 atoms have been selected out of   8688
  
 CHARMM>    defi fixed sele fixed .or. resi 73 end
 SELRPN>   1115 atoms have been selected out of   8688
  
 CHARMM>    defi fixed sele fixed .or. resi 74 end
 SELRPN>   1139 atoms have been selected out of   8688
  
 CHARMM>    defi fixed sele fixed .or. resi 75 end
 SELRPN>   1160 atoms have been selected out of   8688
  
 CHARMM>    defi fixed sele fixed .or. resi 76 end
 SELRPN>   1179 atoms have been selected out of   8688
  
 CHARMM>    defi fixed sele fixed .or. resi 77 end
 SELRPN>   1196 atoms have been selected out of   8688
  
 CHARMM>    defi fixed sele fixed .or. resi 78 end
 SELRPN>   1210 atoms have been selected out of   8688
  
 CHARMM>    defi fixed sele fixed .or. resi 79 end
 SELRPN>   1231 atoms have been selected out of   8688
  
 CHARMM>    defi fixed sele fixed .or. resi 80 end
 SELRPN>   1248 atoms have been selected out of   8688
  
 CHARMM>    defi fixed sele fixed .or. resi 81 end
 SELRPN>   1265 atoms have been selected out of   8688
  
 CHARMM>    defi fixed sele fixed .or. resi 82 end
 SELRPN>   1279 atoms have been selected out of   8688
  
 CHARMM>    defi fixed sele fixed .or. resi 83 end
 SELRPN>   1296 atoms have been selected out of   8688
  
 CHARMM>    defi fixed sele fixed .or. resi 84 end
 SELRPN>   1310 atoms have been selected out of   8688
  
 CHARMM>    defi fixed sele fixed .or. resi 85 end
 SELRPN>   1322 atoms have been selected out of   8688
  
 CHARMM>    defi fixed sele fixed .or. resi 86 end
 SELRPN>   1341 atoms have been selected out of   8688
  
 CHARMM>    defi fixed sele fixed .or. resi 87 end
 SELRPN>   1358 atoms have been selected out of   8688
  
 CHARMM>    defi fixed sele fixed .or. resi 88 end
 SELRPN>   1374 atoms have been selected out of   8688
  
 CHARMM>    defi fixed sele fixed .or. resi 89 end
 SELRPN>   1388 atoms have been selected out of   8688
  
 CHARMM>    defi fixed sele fixed .or. resi 90 end
 SELRPN>   1398 atoms have been selected out of   8688
  
 CHARMM>    defi fixed sele fixed .or. resi 91 end
 SELRPN>   1410 atoms have been selected out of   8688
  
 CHARMM>    defi fixed sele fixed .or. resi 92 end
 SELRPN>   1422 atoms have been selected out of   8688
  
 CHARMM>    defi fixed sele fixed .or. resi 93 end
 SELRPN>   1441 atoms have been selected out of   8688
  
 CHARMM>    defi fixed sele fixed .or. resi 94 end
 SELRPN>   1458 atoms have been selected out of   8688
  
 CHARMM>    defi fixed sele fixed .or. resi 95 end
 SELRPN>   1482 atoms have been selected out of   8688
  
 CHARMM>    defi fixed sele fixed .or. resi 96 end
 SELRPN>   1501 atoms have been selected out of   8688
  
 CHARMM>    defi fixed sele fixed .or. resi 97 end
 SELRPN>   1515 atoms have been selected out of   8688
  
 CHARMM>    defi fixed sele fixed .or. resi 98 end
 SELRPN>   1529 atoms have been selected out of   8688
  
 CHARMM>    defi fixed sele fixed .or. resi 99 end
 SELRPN>   1539 atoms have been selected out of   8688
  
 CHARMM>    defi fixed sele fixed .or. resi 100 end
 SELRPN>   1549 atoms have been selected out of   8688
  
 CHARMM>    defi fixed sele fixed .or. resi 101 end
 SELRPN>   1566 atoms have been selected out of   8688
  
 CHARMM>    defi fixed sele fixed .or. resi 102 end
 SELRPN>   1583 atoms have been selected out of   8688
  
 CHARMM>    defi fixed sele fixed .or. resi 103 end
 SELRPN>   1600 atoms have been selected out of   8688
  
 CHARMM>    defi fixed sele fixed .or. resi 104 end
 SELRPN>   1610 atoms have been selected out of   8688
  
 CHARMM>    defi fixed sele fixed .or. resi 105 end
 SELRPN>   1634 atoms have been selected out of   8688
  
 CHARMM>    defi fixed sele fixed .or. resi 106 end
 SELRPN>   1646 atoms have been selected out of   8688
  
 CHARMM>    defi fixed sele fixed .or. resi 107 end
 SELRPN>   1658 atoms have been selected out of   8688
  
 CHARMM>    defi fixed sele fixed .or. resi 108 end
 SELRPN>   1675 atoms have been selected out of   8688
  
 CHARMM>    defi fixed sele fixed .or. resi 109 end
 SELRPN>   1697 atoms have been selected out of   8688
  
 CHARMM>    defi fixed sele fixed .or. resi 110 end
 SELRPN>   1721 atoms have been selected out of   8688
  
 CHARMM>    defi fixed sele fixed .or. resi 111 end
 SELRPN>   1728 atoms have been selected out of   8688
  
 CHARMM>    defi fixed sele fixed .or. resi 112 end
 SELRPN>   1747 atoms have been selected out of   8688
  
 CHARMM>    defi fixed sele fixed .or. resi 113 end
 SELRPN>   1763 atoms have been selected out of   8688
  
 CHARMM>    defi fixed sele fixed .or. resi 114 end
 SELRPN>   1782 atoms have been selected out of   8688
  
 CHARMM>    defi fixed sele fixed .or. resi 115 end
 SELRPN>   1789 atoms have been selected out of   8688
  
 CHARMM>    defi fixed sele fixed .or. resi 116 end
 SELRPN>   1808 atoms have been selected out of   8688
  
 CHARMM>    defi fixed sele fixed .or. resi 117 end
 SELRPN>   1820 atoms have been selected out of   8688
  
 CHARMM>    defi fixed sele fixed .or. resi 118 end
 SELRPN>   1832 atoms have been selected out of   8688
  
 CHARMM>    defi fixed sele fixed .or. resi 119 end
 SELRPN>   1842 atoms have been selected out of   8688
  
 CHARMM>    defi fixed sele fixed .or. resi 120 end
 SELRPN>   1859 atoms have been selected out of   8688
  
 CHARMM>    defi fixed sele fixed .or. resi 121 end
 SELRPN>   1866 atoms have been selected out of   8688
  
 CHARMM>    defi fixed sele fixed .or. resi 122 end
 SELRPN>   1885 atoms have been selected out of   8688
  
 CHARMM>    defi fixed sele fixed .or. resi 123 end
 SELRPN>   1904 atoms have been selected out of   8688
  
 CHARMM>    defi fixed sele fixed .or. resi 124 end
 SELRPN>   1919 atoms have been selected out of   8688
  
 CHARMM>    defi fixed sele fixed .or. resi 125 end
 SELRPN>   1929 atoms have been selected out of   8688
  
 CHARMM>    defi fixed sele fixed .or. resi 126 end
 SELRPN>   1953 atoms have been selected out of   8688
  
 CHARMM>    defi fixed sele fixed .or. resi 127 end
 SELRPN>   1972 atoms have been selected out of   8688
  
 CHARMM>    defi fixed sele fixed .or. resi 128 end
 SELRPN>   1979 atoms have been selected out of   8688
  
 CHARMM>    defi fixed sele fixed .or. resi 129 end
 SELRPN>   2001 atoms have been selected out of   8688
  
 CHARMM>    defi fixed sele fixed .or. resi 130 end
 SELRPN>   2016 atoms have been selected out of   8688
  
 CHARMM>    defi fixed sele fixed .or. resi 131 end
 SELRPN>   2032 atoms have been selected out of   8688
  
 CHARMM>    defi fixed sele fixed .or. resi 132 end
 SELRPN>   2046 atoms have been selected out of   8688
  
 CHARMM>    defi fixed sele fixed .or. resi 133 end
 SELRPN>   2060 atoms have been selected out of   8688
  
 CHARMM>    defi fixed sele fixed .or. resi 134 end
 SELRPN>   2072 atoms have been selected out of   8688
  
 CHARMM>    defi fixed sele fixed .or. resi 135 end
 SELRPN>   2086 atoms have been selected out of   8688
  
 CHARMM>    defi fixed sele fixed .or. resi 136 end
 SELRPN>   2105 atoms have been selected out of   8688
  
 CHARMM>    defi fixed sele fixed .or. resi 137 end
 SELRPN>   2116 atoms have been selected out of   8688
  
 CHARMM>    defi fixed sele fixed .or. resi 138 end
 SELRPN>   2130 atoms have been selected out of   8688
  
 CHARMM>    defi fixed sele fixed .or. resi 139 end
 SELRPN>   2151 atoms have been selected out of   8688
  
 CHARMM>    defi fixed sele fixed .or. resi 140 end
 SELRPN>   2168 atoms have been selected out of   8688
  
 CHARMM>    defi fixed sele fixed .or. resi 141 end
 SELRPN>   2183 atoms have been selected out of   8688
  
 CHARMM>    defi fixed sele fixed .or. resi 142 end
 SELRPN>   2199 atoms have been selected out of   8688
  
 CHARMM>    defi fixed sele fixed .or. resi 143 end
 SELRPN>   2218 atoms have been selected out of   8688
  
 CHARMM>    defi fixed sele fixed .or. resi 144 end
 SELRPN>   2232 atoms have been selected out of   8688
  
 CHARMM>    defi fixed sele fixed .or. resi 145 end
 SELRPN>   2249 atoms have been selected out of   8688
  
 CHARMM>    defi fixed sele fixed .or. resi 146 end
 SELRPN>   2259 atoms have been selected out of   8688
  
 CHARMM>    defi fixed sele fixed .or. resi 147 end
 SELRPN>   2278 atoms have been selected out of   8688
  
 CHARMM>    defi fixed sele fixed .or. resi 149 end
 SELRPN>   2285 atoms have been selected out of   8688
  
 CHARMM>    defi fixed sele fixed .or. resi 150 end
 SELRPN>   2292 atoms have been selected out of   8688
  
 CHARMM>    defi fixed sele fixed .or. resi 151 end
 SELRPN>   2302 atoms have been selected out of   8688
  
 CHARMM>    defi fixed sele fixed .or. resi 152 end
 SELRPN>   2318 atoms have been selected out of   8688
  
 CHARMM>    defi fixed sele fixed .or. resi 153 end
 SELRPN>   2337 atoms have been selected out of   8688
  
 CHARMM>    defi fixed sele fixed .or. resi 154 end
 SELRPN>   2354 atoms have been selected out of   8688
  
 CHARMM>    defi fixed sele fixed .or. resi 155 end
 SELRPN>   2369 atoms have been selected out of   8688
  
 CHARMM>    defi fixed sele fixed .or. resi 156 end
 SELRPN>   2386 atoms have been selected out of   8688
  
 CHARMM>    defi fixed sele fixed .or. resi 157 end
 SELRPN>   2403 atoms have been selected out of   8688
  
 CHARMM>    defi fixed sele fixed .or. resi 171 end
 SELRPN>   2425 atoms have been selected out of   8688
  
 CHARMM>    defi fixed sele fixed .or. resi 172 end
 SELRPN>   2444 atoms have been selected out of   8688
  
 CHARMM>    defi fixed sele fixed .or. resi 173 end
 SELRPN>   2464 atoms have been selected out of   8688
  
 CHARMM>    defi fixed sele fixed .or. resi 174 end
 SELRPN>   2475 atoms have been selected out of   8688
  
 CHARMM>    defi fixed sele fixed .or. resi 175 end
 SELRPN>   2482 atoms have been selected out of   8688
  
 CHARMM>    defi fixed sele fixed .or. resi 176 end
 SELRPN>   2494 atoms have been selected out of   8688
  
 CHARMM>    defi fixed sele fixed .or. resi 177 end
 SELRPN>   2506 atoms have been selected out of   8688
  
 CHARMM>    defi fixed sele fixed .or. resi 178 end
 SELRPN>   2518 atoms have been selected out of   8688
  
 CHARMM>    defi fixed sele fixed .or. resi 179 end
 SELRPN>   2537 atoms have been selected out of   8688
  
 CHARMM>    defi fixed sele fixed .or. resi 180 end
 SELRPN>   2553 atoms have been selected out of   8688
  
 CHARMM>    defi fixed sele fixed .or. resi 181 end
 SELRPN>   2565 atoms have been selected out of   8688
  
 CHARMM>    defi fixed sele fixed .or. resi 182 end
 SELRPN>   2576 atoms have been selected out of   8688
  
 CHARMM>    defi fixed sele fixed .or. resi 183 end
 SELRPN>   2592 atoms have been selected out of   8688
  
 CHARMM>    defi fixed sele fixed .or. resi 184 end
 SELRPN>   2604 atoms have been selected out of   8688
  
 CHARMM>    defi fixed sele fixed .or. resi 185 end
 SELRPN>   2628 atoms have been selected out of   8688
  
 CHARMM>    defi fixed sele fixed .or. resi 186 end
 SELRPN>   2652 atoms have been selected out of   8688
  
 CHARMM>    defi fixed sele fixed .or. resi 187 end
 SELRPN>   2672 atoms have been selected out of   8688
  
 CHARMM>    defi fixed sele fixed .or. resi 188 end
 SELRPN>   2691 atoms have been selected out of   8688
  
 CHARMM>    defi fixed sele fixed .or. resi 189 end
 SELRPN>   2710 atoms have been selected out of   8688
  
 CHARMM>    defi fixed sele fixed .or. resi 190 end
 SELRPN>   2722 atoms have been selected out of   8688
  
 CHARMM>    defi fixed sele fixed .or. resi 191 end
 SELRPN>   2741 atoms have been selected out of   8688
  
 CHARMM>    defi fixed sele fixed .or. resi 192 end
 SELRPN>   2755 atoms have been selected out of   8688
  
 CHARMM>    defi fixed sele fixed .or. resi 193 end
 SELRPN>   2777 atoms have been selected out of   8688
  
 CHARMM>    defi fixed sele fixed .or. resi 194 end
 SELRPN>   2792 atoms have been selected out of   8688
  
 CHARMM>    defi fixed sele fixed .or. resi 195 end
 SELRPN>   2812 atoms have been selected out of   8688
  
 CHARMM>    defi fixed sele fixed .or. resi 196 end
 SELRPN>   2822 atoms have been selected out of   8688
  
 CHARMM>    defi fixed sele fixed .or. resi 197 end
 SELRPN>   2832 atoms have been selected out of   8688
  
 CHARMM>    defi fixed sele fixed .or. resi 198 end
 SELRPN>   2839 atoms have been selected out of   8688
  
 CHARMM>    defi fixed sele fixed .or. resi 199 end
 SELRPN>   2860 atoms have been selected out of   8688
  
 CHARMM>    defi fixed sele fixed .or. resi 200 end
 SELRPN>   2872 atoms have been selected out of   8688
  
 CHARMM>    defi fixed sele fixed .or. resi 201 end
 SELRPN>   2894 atoms have been selected out of   8688
  
 CHARMM>    defi fixed sele fixed .or. resi 202 end
 SELRPN>   2908 atoms have been selected out of   8688
  
 CHARMM>    defi fixed sele fixed .or. resi 203 end
 SELRPN>   2915 atoms have been selected out of   8688
  
 CHARMM>    defi fixed sele fixed .or. resi 204 end
 SELRPN>   2930 atoms have been selected out of   8688
  
 CHARMM>    defi fixed sele fixed .or. resi 205 end
 SELRPN>   2947 atoms have been selected out of   8688
  
 CHARMM>    defi fixed sele fixed .or. resi 206 end
 SELRPN>   2957 atoms have been selected out of   8688
  
 CHARMM>    defi fixed sele fixed .or. resi 207 end
 SELRPN>   2969 atoms have been selected out of   8688
  
 CHARMM>    defi fixed sele fixed .or. resi 208 end
 SELRPN>   2986 atoms have been selected out of   8688
  
 CHARMM>    defi fixed sele fixed .or. resi 209 end
 SELRPN>   3005 atoms have been selected out of   8688
  
 CHARMM>    defi fixed sele fixed .or. resi 210 end
 SELRPN>   3027 atoms have been selected out of   8688
  
 CHARMM>    defi fixed sele fixed .or. resi 211 end
 SELRPN>   3039 atoms have been selected out of   8688
  
 CHARMM>    defi fixed sele fixed .or. resi 212 end
 SELRPN>   3049 atoms have been selected out of   8688
  
 CHARMM>    defi fixed sele fixed .or. resi 213 end
 SELRPN>   3068 atoms have been selected out of   8688
  
 CHARMM>    defi fixed sele fixed .or. resi 214 end
 SELRPN>   3075 atoms have been selected out of   8688
  
 CHARMM>    defi fixed sele fixed .or. resi 215 end
 SELRPN>   3097 atoms have been selected out of   8688
  
 CHARMM>    defi fixed sele fixed .or. resi 216 end
 SELRPN>   3119 atoms have been selected out of   8688
  
 CHARMM>    defi fixed sele fixed .or. resi 217 end
 SELRPN>   3138 atoms have been selected out of   8688
  
 CHARMM>    defi fixed sele fixed .or. resi 218 end
 SELRPN>   3162 atoms have been selected out of   8688
  
 CHARMM>    defi fixed sele fixed .or. resi 219 end
 SELRPN>   3179 atoms have been selected out of   8688
  
 CHARMM>    defi fixed sele fixed .or. resi 220 end
 SELRPN>   3198 atoms have been selected out of   8688
  
 CHARMM>    defi fixed sele fixed .or. resi 221 end
 SELRPN>   3217 atoms have been selected out of   8688
  
 CHARMM>    defi fixed sele fixed .or. resi 222 end
 SELRPN>   3241 atoms have been selected out of   8688
  
 CHARMM>    defi fixed sele fixed .or. resi 223 end
 SELRPN>   3258 atoms have been selected out of   8688
  
 CHARMM>    defi fixed sele fixed .or. resi 225 end
 SELRPN>   3272 atoms have been selected out of   8688
  
 CHARMM>    defi fixed sele fixed .or. resi 227 end
 SELRPN>   3288 atoms have been selected out of   8688
  
 CHARMM>    defi fixed sele fixed .or. resi 228 end
 SELRPN>   3298 atoms have been selected out of   8688
  
 CHARMM>    defi fixed sele fixed .or. resi 229 end
 SELRPN>   3322 atoms have been selected out of   8688
  
 CHARMM>    defi fixed sele fixed .or. resi 230 end
 SELRPN>   3339 atoms have been selected out of   8688
  
 CHARMM>    defi fixed sele fixed .or. resi 231 end
 SELRPN>   3353 atoms have been selected out of   8688
  
 CHARMM>    defi fixed sele fixed .or. resi 232 end
 SELRPN>   3365 atoms have been selected out of   8688
  
 CHARMM>    defi fixed sele fixed .or. resi 233 end
 SELRPN>   3372 atoms have been selected out of   8688
  
 CHARMM>    defi fixed sele fixed .or. resi 234 end
 SELRPN>   3379 atoms have been selected out of   8688
  
 CHARMM>    defi fixed sele fixed .or. resi 235 end
 SELRPN>   3393 atoms have been selected out of   8688
  
 CHARMM>    defi fixed sele fixed .or. resi 236 end
 SELRPN>   3410 atoms have been selected out of   8688
  
 CHARMM>    defi fixed sele fixed .or. resi 237 end
 SELRPN>   3430 atoms have been selected out of   8688
  
 CHARMM>    defi fixed sele fixed .or. resi 238 end
 SELRPN>   3454 atoms have been selected out of   8688
  
 CHARMM>    defi fixed sele fixed .or. resi 239 end
 SELRPN>   3478 atoms have been selected out of   8688
  
 CHARMM>    defi fixed sele fixed .or. resi 240 end
 SELRPN>   3494 atoms have been selected out of   8688
  
 CHARMM>    defi fixed sele fixed .or. resi 241 end
 SELRPN>   3501 atoms have been selected out of   8688
  
 CHARMM>    defi fixed sele fixed .or. resi 242 end
 SELRPN>   3518 atoms have been selected out of   8688
  
 CHARMM>    defi fixed sele fixed .or. resi 243 end
 SELRPN>   3535 atoms have been selected out of   8688
  
 CHARMM>    defi fixed sele fixed .or. resi 244 end
 SELRPN>   3551 atoms have been selected out of   8688
  
 CHARMM>    defi fixed sele fixed .or. resi 245 end
 SELRPN>   3558 atoms have been selected out of   8688
  
 CHARMM>    defi fixed sele fixed .or. resi 246 end
 SELRPN>   3575 atoms have been selected out of   8688
  
 CHARMM>    defi fixed sele fixed .or. resi 247 end
 SELRPN>   3589 atoms have been selected out of   8688
  
 CHARMM>    defi fixed sele fixed .or. resi 248 end
 SELRPN>   3606 atoms have been selected out of   8688
  
 CHARMM>    defi fixed sele fixed .or. resi 249 end
 SELRPN>   3625 atoms have been selected out of   8688
  
 CHARMM>    defi fixed sele fixed .or. resi 250 end
 SELRPN>   3639 atoms have been selected out of   8688
  
 CHARMM>    defi fixed sele fixed .or. resi 251 end
 SELRPN>   3649 atoms have been selected out of   8688
  
 CHARMM>    defi fixed sele fixed .or. resi 252 end
 SELRPN>   3670 atoms have been selected out of   8688
  
 CHARMM>    defi fixed sele fixed .or. resi 253 end
 SELRPN>   3692 atoms have been selected out of   8688
  
 CHARMM>    defi fixed sele fixed .or. resi 254 end
 SELRPN>   3711 atoms have been selected out of   8688
  
 CHARMM>    defi fixed sele fixed .or. resi 255 end
 SELRPN>   3722 atoms have been selected out of   8688
  
 CHARMM>    defi fixed sele fixed .or. resi 256 end
 SELRPN>   3732 atoms have been selected out of   8688
  
 CHARMM>    defi fixed sele fixed .or. resi 257 end
 SELRPN>   3739 atoms have been selected out of   8688
  
 CHARMM>    defi fixed sele fixed .or. resi 258 end
 SELRPN>   3754 atoms have been selected out of   8688
  
 CHARMM>    defi fixed sele fixed .or. resi 259 end
 SELRPN>   3765 atoms have been selected out of   8688
  
 CHARMM>    defi fixed sele fixed .or. resi 260 end
 SELRPN>   3781 atoms have been selected out of   8688
  
 CHARMM>    defi fixed sele fixed .or. resi 261 end
 SELRPN>   3795 atoms have been selected out of   8688
  
 CHARMM>    defi fixed sele fixed .or. resi 262 end
 SELRPN>   3802 atoms have been selected out of   8688
  
 CHARMM>    defi fixed sele fixed .or. resi 263 end
 SELRPN>   3817 atoms have been selected out of   8688
  
 CHARMM>    defi fixed sele fixed .or. resi 264 end
 SELRPN>   3837 atoms have been selected out of   8688
  
 CHARMM>    defi fixed sele fixed .or. resi 265 end
 SELRPN>   3847 atoms have been selected out of   8688
  
 CHARMM>    defi fixed sele fixed .or. resi 266 end
 SELRPN>   3868 atoms have been selected out of   8688
  
 CHARMM>    defi fixed sele fixed .or. resi 267 end
 SELRPN>   3889 atoms have been selected out of   8688
  
 CHARMM>    defi fixed sele fixed .or. resi 268 end
 SELRPN>   3899 atoms have been selected out of   8688
  
 CHARMM>    defi fixed sele fixed .or. resi 269 end
 SELRPN>   3921 atoms have been selected out of   8688
  
 CHARMM>    defi fixed sele fixed .or. resi 270 end
 SELRPN>   3938 atoms have been selected out of   8688
  
 CHARMM>    defi fixed sele fixed .or. resi 271 end
 SELRPN>   3948 atoms have been selected out of   8688
  
 CHARMM>    defi fixed sele fixed .or. resi 272 end
 SELRPN>   3958 atoms have been selected out of   8688
  
 CHARMM>    defi fixed sele fixed .or. resi 273 end
 SELRPN>   3974 atoms have been selected out of   8688
  
 CHARMM>    defi fixed sele fixed .or. resi 274 end
 SELRPN>   3990 atoms have been selected out of   8688
  
 CHARMM>    defi fixed sele fixed .or. resi 275 end
 SELRPN>   4007 atoms have been selected out of   8688
  
 CHARMM>    defi fixed sele fixed .or. resi 276 end
 SELRPN>   4026 atoms have been selected out of   8688
  
 CHARMM>    defi fixed sele fixed .or. resi 277 end
 SELRPN>   4037 atoms have been selected out of   8688
  
 CHARMM>    defi fixed sele fixed .or. resi 278 end
 SELRPN>   4051 atoms have been selected out of   8688
  
 CHARMM>    defi fixed sele fixed .or. resi 279 end
 SELRPN>   4072 atoms have been selected out of   8688
  
 CHARMM>    defi fixed sele fixed .or. resi 280 end
 SELRPN>   4089 atoms have been selected out of   8688
  
 CHARMM>    defi fixed sele fixed .or. resi 281 end
 SELRPN>   4103 atoms have been selected out of   8688
  
 CHARMM>    defi fixed sele fixed .or. resi 282 end
 SELRPN>   4119 atoms have been selected out of   8688
  
 CHARMM>    defi fixed sele fixed .or. resi 283 end
 SELRPN>   4141 atoms have been selected out of   8688
  
 CHARMM>    defi fixed sele fixed .or. resi 284 end
 SELRPN>   4165 atoms have been selected out of   8688
  
 CHARMM>    defi fixed sele fixed .or. resi 285 end
 SELRPN>   4175 atoms have been selected out of   8688
  
 CHARMM>    defi fixed sele fixed .or. resi 286 end
 SELRPN>   4199 atoms have been selected out of   8688
  
 CHARMM>    defi fixed sele fixed .or. resi 287 end
 SELRPN>   4210 atoms have been selected out of   8688
  
 CHARMM>    defi fixed sele fixed .or. resi 288 end
 SELRPN>   4227 atoms have been selected out of   8688
  
 CHARMM>    defi fixed sele fixed .or. resi 289 end
 SELRPN>   4241 atoms have been selected out of   8688
  
 CHARMM>    defi fixed sele fixed .or. resi 290 end
 SELRPN>   4256 atoms have been selected out of   8688
  
 CHARMM>    defi fixed sele fixed .or. resi 291 end
 SELRPN>   4270 atoms have been selected out of   8688
  
 CHARMM>    defi fixed sele fixed .or. resi 292 end
 SELRPN>   4277 atoms have been selected out of   8688
  
 CHARMM>    defi fixed sele fixed .or. resi 293 end
 SELRPN>   4284 atoms have been selected out of   8688
  
 CHARMM>    defi fixed sele fixed .or. resi 294 end
 SELRPN>   4301 atoms have been selected out of   8688
  
 CHARMM>    defi fixed sele fixed .or. resi 295 end
 SELRPN>   4315 atoms have been selected out of   8688
  
 CHARMM>    defi fixed sele fixed .or. resi 296 end
 SELRPN>   4334 atoms have been selected out of   8688
  
 CHARMM>    defi fixed sele fixed .or. resi 297 end
 SELRPN>   4341 atoms have been selected out of   8688
  
 CHARMM>    defi fixed sele fixed .or. resi 298 end
 SELRPN>   4360 atoms have been selected out of   8688
  
 CHARMM>    defi fixed sele fixed .or. resi 299 end
 SELRPN>   4374 atoms have been selected out of   8688
  
 CHARMM>    defi fixed sele fixed .or. resi 300 end
 SELRPN>   4384 atoms have been selected out of   8688
  
 CHARMM>    defi fixed sele fixed .or. resi 301 end
 SELRPN>   4396 atoms have been selected out of   8688
  
 CHARMM>    defi fixed sele fixed .or. resi 302 end
 SELRPN>   4407 atoms have been selected out of   8688
  
 CHARMM>    defi fixed sele fixed .or. resi 303 end
 SELRPN>   4421 atoms have been selected out of   8688
  
 CHARMM>    defi fixed sele fixed .or. resi 304 end
 SELRPN>   4445 atoms have been selected out of   8688
  
 CHARMM>    defi fixed sele fixed .or. resi 305 end
 SELRPN>   4456 atoms have been selected out of   8688
  
 CHARMM>    defi fixed sele fixed .or. resi 306 end
 SELRPN>   4470 atoms have been selected out of   8688
  
 CHARMM>    defi fixed sele fixed .or. resi 307 end
 SELRPN>   4480 atoms have been selected out of   8688
  
 CHARMM>    defi fixed sele fixed .or. resi 308 end
 SELRPN>   4499 atoms have been selected out of   8688
  
 CHARMM>    defi fixed sele fixed .or. resi 309 end
 SELRPN>   4519 atoms have been selected out of   8688
  
 CHARMM>    defi fixed sele fixed .or. resi 310 end
 SELRPN>   4533 atoms have been selected out of   8688
  
 CHARMM>    defi fixed sele fixed .or. resi 311 end
 SELRPN>   4547 atoms have been selected out of   8688
  
 CHARMM>    defi fixed sele fixed .or. resi 312 end
 SELRPN>   4559 atoms have been selected out of   8688
  
 CHARMM>    defi fixed sele fixed .or. resi 313 end
 SELRPN>   4573 atoms have been selected out of   8688
  
 CHARMM>    defi fixed sele fixed .or. resi 314 end
 SELRPN>   4592 atoms have been selected out of   8688
  
 CHARMM>    defi fixed sele fixed .or. resi 315 end
 SELRPN>   4616 atoms have been selected out of   8688
  
 CHARMM>    defi fixed sele fixed .or. resi 316 end
 SELRPN>   4626 atoms have been selected out of   8688
  
 CHARMM>    defi fixed sele fixed .or. resi 317 end
 SELRPN>   4641 atoms have been selected out of   8688
  
 CHARMM>    defi fixed sele fixed .or. resi 318 end
 SELRPN>   4660 atoms have been selected out of   8688
  
 CHARMM>    defi fixed sele fixed .or. resi 319 end
 SELRPN>   4675 atoms have been selected out of   8688
  
 CHARMM>    defi fixed sele fixed .or. resi 320 end
 SELRPN>   4686 atoms have been selected out of   8688
  
 CHARMM>    defi fixed sele fixed .or. resi 321 end
 SELRPN>   4705 atoms have been selected out of   8688
  
 CHARMM>    defi fixed sele fixed .or. resi 322 end
 SELRPN>   4715 atoms have been selected out of   8688
  
 CHARMM>    defi fixed sele fixed .or. resi 323 end
 SELRPN>   4731 atoms have been selected out of   8688
  
 CHARMM>    defi fixed sele fixed .or. resi 324 end
 SELRPN>   4741 atoms have been selected out of   8688
  
 CHARMM>    defi fixed sele fixed .or. resi 325 end
 SELRPN>   4751 atoms have been selected out of   8688
  
 CHARMM>    defi fixed sele fixed .or. resi 326 end
 SELRPN>   4768 atoms have been selected out of   8688
  
 CHARMM>    defi fixed sele fixed .or. resi 327 end
 SELRPN>   4784 atoms have been selected out of   8688
  
 CHARMM>    defi fixed sele fixed .or. resi 328 end
 SELRPN>   4805 atoms have been selected out of   8688
  
 CHARMM>    defi fixed sele fixed .or. resi 329 end
 SELRPN>   4817 atoms have been selected out of   8688
  
 CHARMM>    defi fixed sele fixed .or. resi 330 end
 SELRPN>   4834 atoms have been selected out of   8688
  
 CHARMM>    defi fixed sele fixed .or. resi 331 end
 SELRPN>   4853 atoms have been selected out of   8688
  
 CHARMM>    defi fixed sele fixed .or. resi 332 end
 SELRPN>   4877 atoms have been selected out of   8688
  
 CHARMM>    defi fixed sele fixed .or. resi 333 end
 SELRPN>   4897 atoms have been selected out of   8688
  
 CHARMM>    defi fixed sele fixed .or. resi 334 end
 SELRPN>   4904 atoms have been selected out of   8688
  
 CHARMM>    defi fixed sele fixed .or. resi 335 end
 SELRPN>   4918 atoms have been selected out of   8688
  
 CHARMM>    defi fixed sele fixed .or. resi 336 end
 SELRPN>   4939 atoms have been selected out of   8688
  
 CHARMM>    defi fixed sele fixed .or. resi 337 end
 SELRPN>   4956 atoms have been selected out of   8688
  
 CHARMM>    defi fixed sele fixed .or. resi 338 end
 SELRPN>   4967 atoms have been selected out of   8688
  
 CHARMM>    defi fixed sele fixed .or. resi 339 end
 SELRPN>   4974 atoms have been selected out of   8688
  
 CHARMM>    defi fixed sele fixed .or. resi 340 end
 SELRPN>   4981 atoms have been selected out of   8688
  
 CHARMM>    defi fixed sele fixed .or. resi 341 end
 SELRPN>   4997 atoms have been selected out of   8688
  
 CHARMM>    defi fixed sele fixed .or. resi 342 end
 SELRPN>   5004 atoms have been selected out of   8688
  
 CHARMM>    defi fixed sele fixed .or. resi 343 end
 SELRPN>   5024 atoms have been selected out of   8688
  
 CHARMM>    defi fixed sele fixed .or. resi 344 end
 SELRPN>   5038 atoms have been selected out of   8688
  
 CHARMM>    defi fixed sele fixed .or. resi 345 end
 SELRPN>   5055 atoms have been selected out of   8688
  
 CHARMM>    defi fixed sele fixed .or. resi 346 end
 SELRPN>   5076 atoms have been selected out of   8688
  
 CHARMM>    defi fixed sele fixed .or. resi 347 end
 SELRPN>   5086 atoms have been selected out of   8688
  
 CHARMM>    defi fixed sele fixed .or. resi 348 end
 SELRPN>   5097 atoms have been selected out of   8688
  
 CHARMM>    defi fixed sele fixed .or. resi 349 end
 SELRPN>   5107 atoms have been selected out of   8688
  
 CHARMM>    defi fixed sele fixed .or. resi 350 end
 SELRPN>   5121 atoms have been selected out of   8688
  
 CHARMM>    defi fixed sele fixed .or. resi 351 end
 SELRPN>   5142 atoms have been selected out of   8688
  
 CHARMM>    defi fixed sele fixed .or. resi 352 end
 SELRPN>   5156 atoms have been selected out of   8688
  
 CHARMM>    defi fixed sele fixed .or. resi 353 end
 SELRPN>   5168 atoms have been selected out of   8688
  
 CHARMM>    defi fixed sele fixed .or. resi 354 end
 SELRPN>   5182 atoms have been selected out of   8688
  
 CHARMM>    defi fixed sele fixed .or. resi 355 end
 SELRPN>   5201 atoms have been selected out of   8688
  
 CHARMM>    defi fixed sele fixed .or. resi 356 end
 SELRPN>   5220 atoms have been selected out of   8688
  
 CHARMM>    defi fixed sele fixed .or. resi 357 end
 SELRPN>   5235 atoms have been selected out of   8688
  
 CHARMM>    defi fixed sele fixed .or. resi 358 end
 SELRPN>   5247 atoms have been selected out of   8688
  
 CHARMM>    defi fixed sele fixed .or. resi 359 end
 SELRPN>   5267 atoms have been selected out of   8688
  
 CHARMM>    defi fixed sele fixed .or. resi 360 end
 SELRPN>   5278 atoms have been selected out of   8688
  
 CHARMM>    defi fixed sele fixed .or. resi 361 end
 SELRPN>   5299 atoms have been selected out of   8688
  
 CHARMM>    defi fixed sele fixed .or. resi 362 end
 SELRPN>   5321 atoms have been selected out of   8688
  
 CHARMM>    defi fixed sele fixed .or. resi 363 end
 SELRPN>   5328 atoms have been selected out of   8688
  
 CHARMM>    defi fixed sele fixed .or. resi 364 end
 SELRPN>   5339 atoms have been selected out of   8688
  
 CHARMM>    defi fixed sele fixed .or. resi 365 end
 SELRPN>   5354 atoms have been selected out of   8688
  
 CHARMM>    defi fixed sele fixed .or. resi 366 end
 SELRPN>   5373 atoms have been selected out of   8688
  
 CHARMM>    defi fixed sele fixed .or. resi 367 end
 SELRPN>   5380 atoms have been selected out of   8688
  
 CHARMM>    defi fixed sele fixed .or. resi 368 end
 SELRPN>   5399 atoms have been selected out of   8688
  
 CHARMM>    defi fixed sele fixed .or. resi 369 end
 SELRPN>   5411 atoms have been selected out of   8688
  
 CHARMM>    defi fixed sele fixed .or. resi 370 end
 SELRPN>   5432 atoms have been selected out of   8688
  
 CHARMM>    defi fixed sele fixed .or. resi 371 end
 SELRPN>   5442 atoms have been selected out of   8688
  
 CHARMM>    defi fixed sele fixed .or. resi 372 end
 SELRPN>   5449 atoms have been selected out of   8688
  
 CHARMM>    defi fixed sele fixed .or. resi 373 end
 SELRPN>   5456 atoms have been selected out of   8688
  
 CHARMM>    defi fixed sele fixed .or. resi 374 end
 SELRPN>   5478 atoms have been selected out of   8688
  
 CHARMM>    defi fixed sele fixed .or. resi 375 end
 SELRPN>   5495 atoms have been selected out of   8688
  
 CHARMM>    defi fixed sele fixed .or. resi 376 end
 SELRPN>   5505 atoms have been selected out of   8688
  
 CHARMM>    defi fixed sele fixed .or. resi 377 end
 SELRPN>   5516 atoms have been selected out of   8688
  
 CHARMM>    defi fixed sele fixed .or. resi 378 end
 SELRPN>   5535 atoms have been selected out of   8688
  
 CHARMM>    defi fixed sele fixed .or. resi 379 end
 SELRPN>   5557 atoms have been selected out of   8688
  
 CHARMM>    defi fixed sele fixed .or. resi 380 end
 SELRPN>   5564 atoms have been selected out of   8688
  
 CHARMM>    defi fixed sele fixed .or. resi 381 end
 SELRPN>   5576 atoms have been selected out of   8688
  
 CHARMM>    defi fixed sele fixed .or. resi 382 end
 SELRPN>   5598 atoms have been selected out of   8688
  
 CHARMM>    defi fixed sele fixed .or. resi 383 end
 SELRPN>   5617 atoms have been selected out of   8688
  
 CHARMM>    defi fixed sele fixed .or. resi 384 end
 SELRPN>   5631 atoms have been selected out of   8688
  
 CHARMM>    defi fixed sele fixed .or. resi 385 end
 SELRPN>   5648 atoms have been selected out of   8688
  
 CHARMM>    defi fixed sele fixed .or. resi 386 end
 SELRPN>   5660 atoms have been selected out of   8688
  
 CHARMM>    defi fixed sele fixed .or. resi 387 end
 SELRPN>   5679 atoms have been selected out of   8688
  
 CHARMM>    defi fixed sele fixed .or. resi 388 end
 SELRPN>   5698 atoms have been selected out of   8688
  
 CHARMM>    defi fixed sele fixed .or. resi 389 end
 SELRPN>   5713 atoms have been selected out of   8688
  
 CHARMM>    defi fixed sele fixed .or. resi 390 end
 SELRPN>   5728 atoms have been selected out of   8688
  
 CHARMM>    defi fixed sele fixed .or. resi 391 end
 SELRPN>   5747 atoms have been selected out of   8688
  
 CHARMM>    defi fixed sele fixed .or. resi 392 end
 SELRPN>   5766 atoms have been selected out of   8688
  
 CHARMM>    defi fixed sele fixed .or. resi 393 end
 SELRPN>   5790 atoms have been selected out of   8688
  
 CHARMM>    defi fixed sele fixed .or. resi 394 end
 SELRPN>   5800 atoms have been selected out of   8688
  
 CHARMM>    defi fixed sele fixed .or. resi 395 end
 SELRPN>   5815 atoms have been selected out of   8688
  
 CHARMM>    defi fixed sele fixed .or. resi 396 end
 SELRPN>   5829 atoms have been selected out of   8688
  
 CHARMM>    defi fixed sele fixed .or. resi 397 end
 SELRPN>   5841 atoms have been selected out of   8688
  
 CHARMM>    defi fixed sele fixed .or. resi 398 end
 SELRPN>   5862 atoms have been selected out of   8688
  
 CHARMM>    defi fixed sele fixed .or. resi 399 end
 SELRPN>   5872 atoms have been selected out of   8688
  
 CHARMM>    defi fixed sele fixed .or. resi 400 end
 SELRPN>   5891 atoms have been selected out of   8688
  
 CHARMM>    defi fixed sele fixed .or. resi 401 end
 SELRPN>   5905 atoms have been selected out of   8688
  
 CHARMM>    defi fixed sele fixed .or. resi 402 end
 SELRPN>   5922 atoms have been selected out of   8688
  
 CHARMM>    defi fixed sele fixed .or. resi 403 end
 SELRPN>   5943 atoms have been selected out of   8688
  
 CHARMM>    defi fixed sele fixed .or. resi 404 end
 SELRPN>   5958 atoms have been selected out of   8688
  
 CHARMM>    defi fixed sele fixed .or. resi 405 end
 SELRPN>   5968 atoms have been selected out of   8688
  
 CHARMM>    defi fixed sele fixed .or. resi 406 end
 SELRPN>   5989 atoms have been selected out of   8688
  
 CHARMM>    defi fixed sele fixed .or. resi 407 end
 SELRPN>   6003 atoms have been selected out of   8688
  
 CHARMM>    defi fixed sele fixed .or. resi 408 end
 SELRPN>   6017 atoms have been selected out of   8688
  
 CHARMM>    defi fixed sele fixed .or. resi 409 end
 SELRPN>   6033 atoms have been selected out of   8688
  
 CHARMM>    defi fixed sele fixed .or. resi 410 end
 SELRPN>   6043 atoms have been selected out of   8688
  
 CHARMM>    defi fixed sele fixed .or. resi 411 end
 SELRPN>   6058 atoms have been selected out of   8688
  
 CHARMM>    defi fixed sele fixed .or. resi 412 end
 SELRPN>   6069 atoms have been selected out of   8688
  
 CHARMM>    defi fixed sele fixed .or. resi 413 end
 SELRPN>   6086 atoms have been selected out of   8688
  
 CHARMM>    defi fixed sele fixed .or. resi 414 end
 SELRPN>   6106 atoms have been selected out of   8688
  
 CHARMM>    defi fixed sele fixed .or. resi 415 end
 SELRPN>   6113 atoms have been selected out of   8688
  
 CHARMM>    defi fixed sele fixed .or. resi 416 end
 SELRPN>   6120 atoms have been selected out of   8688
  
 CHARMM>    defi fixed sele fixed .or. resi 417 end
 SELRPN>   6131 atoms have been selected out of   8688
  
 CHARMM>    defi fixed sele fixed .or. resi 418 end
 SELRPN>   6147 atoms have been selected out of   8688
  
 CHARMM>    defi fixed sele fixed .or. resi 419 end
 SELRPN>   6171 atoms have been selected out of   8688
  
 CHARMM>    defi fixed sele fixed .or. resi 420 end
 SELRPN>   6181 atoms have been selected out of   8688
  
 CHARMM>    defi fixed sele fixed .or. resi 421 end
 SELRPN>   6192 atoms have been selected out of   8688
  
 CHARMM>    defi fixed sele fixed .or. resi 422 end
 SELRPN>   6203 atoms have been selected out of   8688
  
 CHARMM>    defi fixed sele fixed .or. resi 423 end
 SELRPN>   6213 atoms have been selected out of   8688
  
 CHARMM>    defi fixed sele fixed .or. resi 424 end
 SELRPN>   6223 atoms have been selected out of   8688
  
 CHARMM>    defi fixed sele fixed .or. resi 425 end
 SELRPN>   6233 atoms have been selected out of   8688
  
 CHARMM>    defi fixed sele fixed .or. resi 426 end
 SELRPN>   6240 atoms have been selected out of   8688
  
 CHARMM>    defi fixed sele fixed .or. resi 427 end
 SELRPN>   6251 atoms have been selected out of   8688
  
 CHARMM>    defi fixed sele fixed .or. resi 428 end
 SELRPN>   6258 atoms have been selected out of   8688
  
 CHARMM>    defi fixed sele fixed .or. resi 429 end
 SELRPN>   6269 atoms have been selected out of   8688
  
 CHARMM>    defi fixed sele fixed .or. resi 430 end
 SELRPN>   6279 atoms have been selected out of   8688
  
 CHARMM>    defi fixed sele fixed .or. resi 431 end
 SELRPN>   6295 atoms have been selected out of   8688
  
 CHARMM>    defi fixed sele fixed .or. resi 432 end
 SELRPN>   6305 atoms have been selected out of   8688
  
 CHARMM>    defi fixed sele fixed .or. resi 433 end
 SELRPN>   6316 atoms have been selected out of   8688
  
 CHARMM>    defi fixed sele fixed .or. resi 434 end
 SELRPN>   6326 atoms have been selected out of   8688
  
 CHARMM>    defi fixed sele fixed .or. resi 435 end
 SELRPN>   6340 atoms have been selected out of   8688
  
 CHARMM>    defi fixed sele fixed .or. resi 436 end
 SELRPN>   6347 atoms have been selected out of   8688
  
 CHARMM>    defi fixed sele fixed .or. resi 437 end
 SELRPN>   6366 atoms have been selected out of   8688
  
 CHARMM>    defi fixed sele fixed .or. resi 438 end
 SELRPN>   6376 atoms have been selected out of   8688
  
 CHARMM>    defi fixed sele fixed .or. resi 439 end
 SELRPN>   6393 atoms have been selected out of   8688
  
 CHARMM>    defi fixed sele fixed .or. resi 440 end
 SELRPN>   6407 atoms have been selected out of   8688
  
 CHARMM>    defi fixed sele fixed .or. resi 441 end
 SELRPN>   6417 atoms have been selected out of   8688
  
 CHARMM>    defi fixed sele fixed .or. resi 442 end
 SELRPN>   6436 atoms have been selected out of   8688
  
 CHARMM>    defi fixed sele fixed .or. resi 443 end
 SELRPN>   6447 atoms have been selected out of   8688
  
 CHARMM>    defi fixed sele fixed .or. resi 444 end
 SELRPN>   6457 atoms have been selected out of   8688
  
 CHARMM>    defi fixed sele fixed .or. resi 445 end
 SELRPN>   6481 atoms have been selected out of   8688
  
 CHARMM>    defi fixed sele fixed .or. resi 446 end
 SELRPN>   6492 atoms have been selected out of   8688
  
 CHARMM>    defi fixed sele fixed .or. resi 447 end
 SELRPN>   6511 atoms have been selected out of   8688
  
 CHARMM>    defi fixed sele fixed .or. resi 448 end
 SELRPN>   6522 atoms have been selected out of   8688
  
 CHARMM>    defi fixed sele fixed .or. resi 449 end
 SELRPN>   6539 atoms have been selected out of   8688
  
 CHARMM>    defi fixed sele fixed .or. resi 450 end
 SELRPN>   6558 atoms have been selected out of   8688
  
 CHARMM>    defi fixed sele fixed .or. resi 451 end
 SELRPN>   6565 atoms have been selected out of   8688
  
 CHARMM>    defi fixed sele fixed .or. resi 452 end
 SELRPN>   6582 atoms have been selected out of   8688
  
 CHARMM>    defi fixed sele fixed .or. resi 453 end
 SELRPN>   6603 atoms have been selected out of   8688
  
 CHARMM>    defi fixed sele fixed .or. resi 454 end
 SELRPN>   6618 atoms have been selected out of   8688
  
 CHARMM>    defi fixed sele fixed .or. resi 455 end
 SELRPN>   6642 atoms have been selected out of   8688
  
 CHARMM>    defi fixed sele fixed .or. resi 456 end
 SELRPN>   6658 atoms have been selected out of   8688
  
 CHARMM>    defi fixed sele fixed .or. resi 457 end
 SELRPN>   6665 atoms have been selected out of   8688
  
 CHARMM>    defi fixed sele fixed .or. resi 458 end
 SELRPN>   6689 atoms have been selected out of   8688
  
 CHARMM>    defi fixed sele fixed .or. resi 459 end
 SELRPN>   6708 atoms have been selected out of   8688
  
 CHARMM>    defi fixed sele fixed .or. resi 460 end
 SELRPN>   6715 atoms have been selected out of   8688
  
 CHARMM>    defi fixed sele fixed .or. resi 461 end
 SELRPN>   6735 atoms have been selected out of   8688
  
 CHARMM>    defi fixed sele fixed .or. resi 462 end
 SELRPN>   6755 atoms have been selected out of   8688
  
 CHARMM>    defi fixed sele fixed .or. resi 463 end
 SELRPN>   6762 atoms have been selected out of   8688
  
 CHARMM>    defi fixed sele fixed .or. resi 464 end
 SELRPN>   6783 atoms have been selected out of   8688
  
 CHARMM>    defi fixed sele fixed .or. resi 465 end
 SELRPN>   6795 atoms have been selected out of   8688
  
 CHARMM>    defi fixed sele fixed .or. resi 466 end
 SELRPN>   6814 atoms have been selected out of   8688
  
 CHARMM>    defi fixed sele fixed .or. resi 467 end
 SELRPN>   6831 atoms have been selected out of   8688
  
 CHARMM>    defi fixed sele fixed .or. resi 468 end
 SELRPN>   6843 atoms have been selected out of   8688
  
 CHARMM>    defi fixed sele fixed .or. resi 469 end
 SELRPN>   6860 atoms have been selected out of   8688
  
 CHARMM>    defi fixed sele fixed .or. resi 470 end
 SELRPN>   6871 atoms have been selected out of   8688
  
 CHARMM>    defi fixed sele fixed .or. resi 471 end
 SELRPN>   6885 atoms have been selected out of   8688
  
 CHARMM>    defi fixed sele fixed .or. resi 472 end
 SELRPN>   6895 atoms have been selected out of   8688
  
 CHARMM>    defi fixed sele fixed .or. resi 473 end
 SELRPN>   6906 atoms have been selected out of   8688
  
 CHARMM>    defi fixed sele fixed .or. resi 474 end
 SELRPN>   6913 atoms have been selected out of   8688
  
 CHARMM>    defi fixed sele fixed .or. resi 475 end
 SELRPN>   6924 atoms have been selected out of   8688
  
 CHARMM>    defi fixed sele fixed .or. resi 476 end
 SELRPN>   6945 atoms have been selected out of   8688
  
 CHARMM>    defi fixed sele fixed .or. resi 477 end
 SELRPN>   6956 atoms have been selected out of   8688
  
 CHARMM>    defi fixed sele fixed .or. resi 478 end
 SELRPN>   6977 atoms have been selected out of   8688
  
 CHARMM>    defi fixed sele fixed .or. resi 479 end
 SELRPN>   6994 atoms have been selected out of   8688
  
 CHARMM>    defi fixed sele fixed .or. resi 480 end
 SELRPN>   7005 atoms have been selected out of   8688
  
 CHARMM>    defi fixed sele fixed .or. resi 481 end
 SELRPN>   7017 atoms have been selected out of   8688
  
 CHARMM>    defi fixed sele fixed .or. resi 482 end
 SELRPN>   7032 atoms have been selected out of   8688
  
 CHARMM>    defi fixed sele fixed .or. resi 483 end
 SELRPN>   7039 atoms have been selected out of   8688
  
 CHARMM>    defi fixed sele fixed .or. resi 484 end
 SELRPN>   7056 atoms have been selected out of   8688
  
 CHARMM>    defi fixed sele fixed .or. resi 485 end
 SELRPN>   7070 atoms have been selected out of   8688
  
 CHARMM>    defi fixed sele fixed .or. resi 486 end
 SELRPN>   7090 atoms have been selected out of   8688
  
 CHARMM>    defi fixed sele fixed .or. resi 487 end
 SELRPN>   7105 atoms have been selected out of   8688
  
 CHARMM>    defi fixed sele fixed .or. resi 488 end
 SELRPN>   7122 atoms have been selected out of   8688
  
 CHARMM>    defi fixed sele fixed .or. resi 489 end
 SELRPN>   7146 atoms have been selected out of   8688
  
 CHARMM>    defi fixed sele fixed .or. resi 490 end
 SELRPN>   7153 atoms have been selected out of   8688
  
 CHARMM>    defi fixed sele fixed .or. resi 491 end
 SELRPN>   7169 atoms have been selected out of   8688
  
 CHARMM>    defi fixed sele fixed .or. resi 492 end
 SELRPN>   7183 atoms have been selected out of   8688
  
 CHARMM>    defi fixed sele fixed .or. resi 493 end
 SELRPN>   7204 atoms have been selected out of   8688
  
 CHARMM>    defi fixed sele fixed .or. resi 494 end
 SELRPN>   7218 atoms have been selected out of   8688
  
 CHARMM>    defi fixed sele fixed .or. resi 495 end
 SELRPN>   7232 atoms have been selected out of   8688
  
 CHARMM>    defi fixed sele fixed .or. resi 496 end
 SELRPN>   7253 atoms have been selected out of   8688
  
 CHARMM>    defi fixed sele fixed .or. resi 497 end
 SELRPN>   7263 atoms have been selected out of   8688
  
 CHARMM>    defi fixed sele fixed .or. resi 498 end
 SELRPN>   7280 atoms have been selected out of   8688
  
 CHARMM>    defi fixed sele fixed .or. resi 499 end
 SELRPN>   7294 atoms have been selected out of   8688
  
 CHARMM>    defi fixed sele fixed .or. resi 500 end
 SELRPN>   7310 atoms have been selected out of   8688
  
 CHARMM>    defi fixed sele fixed .or. resi 501 end
 SELRPN>   7317 atoms have been selected out of   8688
  
 CHARMM>    defi fixed sele fixed .or. resi 502 end
 SELRPN>   7334 atoms have been selected out of   8688
  
 CHARMM>    defi fixed sele fixed .or. resi 503 end
 SELRPN>   7351 atoms have been selected out of   8688
  
 CHARMM>    defi fixed sele fixed .or. resi 504 end
 SELRPN>   7362 atoms have been selected out of   8688
  
 CHARMM>    defi fixed sele fixed .or. resi 505 end
 SELRPN>   7372 atoms have been selected out of   8688
  
 CHARMM>    defi fixed sele fixed .or. resi 506 end
 SELRPN>   7393 atoms have been selected out of   8688
  
 CHARMM>    defi fixed sele fixed .or. resi 507 end
 SELRPN>   7403 atoms have been selected out of   8688
  
 CHARMM>    defi fixed sele fixed .or. resi 508 end
 SELRPN>   7410 atoms have been selected out of   8688
  
 CHARMM>    defi fixed sele fixed .or. resi 509 end
 SELRPN>   7429 atoms have been selected out of   8688
  
 CHARMM>    defi fixed sele fixed .or. resi 510 end
 SELRPN>   7445 atoms have been selected out of   8688
  
 CHARMM>    defi fixed sele fixed .or. resi 511 end
 SELRPN>   7455 atoms have been selected out of   8688
  
 CHARMM>    defi fixed sele fixed .or. resi 512 end
 SELRPN>   7462 atoms have been selected out of   8688
  
 CHARMM>    defi fixed sele fixed .or. resi 513 end
 SELRPN>   7472 atoms have been selected out of   8688
  
 CHARMM>    defi fixed sele fixed .or. resi 514 end
 SELRPN>   7489 atoms have been selected out of   8688
  
 CHARMM>    defi fixed sele fixed .or. resi 515 end
 SELRPN>   7500 atoms have been selected out of   8688
  
 CHARMM>    defi fixed sele fixed .or. resi 516 end
 SELRPN>   7510 atoms have been selected out of   8688
  
 CHARMM>    defi fixed sele fixed .or. resi 517 end
 SELRPN>   7524 atoms have been selected out of   8688
  
 CHARMM>    defi fixed sele fixed .or. resi 518 end
 SELRPN>   7541 atoms have been selected out of   8688
  
 CHARMM>    defi fixed sele fixed .or. resi 519 end
 SELRPN>   7553 atoms have been selected out of   8688
  
 CHARMM>    defi fixed sele fixed .or. resi 520 end
 SELRPN>   7563 atoms have been selected out of   8688
  
 CHARMM>    defi fixed sele fixed .or. resi 521 end
 SELRPN>   7587 atoms have been selected out of   8688
  
 CHARMM>    defi fixed sele fixed .or. resi 522 end
 SELRPN>   7603 atoms have been selected out of   8688
  
 CHARMM>    defi fixed sele fixed .or. resi 523 end
 SELRPN>   7622 atoms have been selected out of   8688
  
 CHARMM>    defi fixed sele fixed .or. resi 524 end
 SELRPN>   7633 atoms have been selected out of   8688
  
 CHARMM>    defi fixed sele fixed .or. resi 525 end
 SELRPN>   7647 atoms have been selected out of   8688
  
 CHARMM>    defi fixed sele fixed .or. resi 526 end
 SELRPN>   7666 atoms have been selected out of   8688
  
 CHARMM>    defi fixed sele fixed .or. resi 527 end
 SELRPN>   7690 atoms have been selected out of   8688
  
 CHARMM>    defi fixed sele fixed .or. resi 528 end
 SELRPN>   7712 atoms have been selected out of   8688
  
 CHARMM>    defi fixed sele fixed .or. resi 529 end
 SELRPN>   7728 atoms have been selected out of   8688
  
 CHARMM>    defi fixed sele fixed .or. resi 530 end
 SELRPN>   7738 atoms have been selected out of   8688
  
 CHARMM>    defi fixed sele fixed .or. resi 531 end
 SELRPN>   7758 atoms have been selected out of   8688
  
 CHARMM>    defi fixed sele fixed .or. resi 532 end
 SELRPN>   7769 atoms have been selected out of   8688
  
 CHARMM>    defi fixed sele fixed .or. resi 533 end
 SELRPN>   7781 atoms have been selected out of   8688
  
 CHARMM>    defi fixed sele fixed .or. resi 534 end
 SELRPN>   7805 atoms have been selected out of   8688
  
 CHARMM>    defi fixed sele fixed .or. resi 535 end
 SELRPN>   7817 atoms have been selected out of   8688
  
 CHARMM>    defi fixed sele fixed .or. resi 536 end
 SELRPN>   7836 atoms have been selected out of   8688
  
 CHARMM>    defi fixed sele fixed .or. resi 537 end
 SELRPN>   7850 atoms have been selected out of   8688
  
 CHARMM>    defi fixed sele fixed .or. resi 538 end
 SELRPN>   7870 atoms have been selected out of   8688
  
 CHARMM>    defi fixed sele fixed .or. resi 539 end
 SELRPN>   7882 atoms have been selected out of   8688
  
 CHARMM>    defi fixed sele fixed .or. resi 540 end
 SELRPN>   7906 atoms have been selected out of   8688
  
 CHARMM>    defi fixed sele fixed .or. resi 541 end
 SELRPN>   7913 atoms have been selected out of   8688
  
 CHARMM>    defi fixed sele fixed .or. resi 542 end
 SELRPN>   7934 atoms have been selected out of   8688
  
 CHARMM>    defi fixed sele fixed .or. resi 543 end
 SELRPN>   7950 atoms have been selected out of   8688
  
 CHARMM>    defi fixed sele fixed .or. resi 544 end
 SELRPN>   7964 atoms have been selected out of   8688
  
 CHARMM>    defi fixed sele fixed .or. resi 545 end
 SELRPN>   7988 atoms have been selected out of   8688
  
 CHARMM>    defi fixed sele fixed .or. resi 546 end
 SELRPN>   8003 atoms have been selected out of   8688
  
 CHARMM>    defi fixed sele fixed .or. resi 547 end
 SELRPN>   8024 atoms have been selected out of   8688
  
 CHARMM>    defi fixed sele fixed .or. resi 548 end
 SELRPN>   8031 atoms have been selected out of   8688
  
 CHARMM>    defi fixed sele fixed .or. resi 549 end
 SELRPN>   8050 atoms have been selected out of   8688
  
 CHARMM>    defi fixed sele fixed .or. resi 550 end
 SELRPN>   8057 atoms have been selected out of   8688
  
 CHARMM>    defi fixed sele fixed .or. resi 551 end
 SELRPN>   8067 atoms have been selected out of   8688
  
 CHARMM>    defi fixed sele fixed .or. resi 552 end
 SELRPN>   8081 atoms have been selected out of   8688
  
 CHARMM>    defi fixed sele fixed .or. resi 553 end
 SELRPN>   8105 atoms have been selected out of   8688
  
 CHARMM>    defi fixed sele fixed .or. resi 554 end
 SELRPN>   8120 atoms have been selected out of   8688
  
 CHARMM>    defi fixed sele fixed .or. resi 555 end
 SELRPN>   8141 atoms have been selected out of   8688
  
 CHARMM>    defi fixed sele fixed .or. resi 556 end
 SELRPN>   8155 atoms have been selected out of   8688
  
 CHARMM>    defi fixed sele fixed .or. resi 557 end
 SELRPN>   8177 atoms have been selected out of   8688
  
 CHARMM>    defi fixed sele fixed .or. resi 558 end
 SELRPN>   8193 atoms have been selected out of   8688
  
 CHARMM>    defi fixed sele fixed .or. resi 564 end
 SELRPN>   8212 atoms have been selected out of   8688
  
 CHARMM>    defi fixed sele fixed .or. resi 566 end
 SELRPN>   8231 atoms have been selected out of   8688
  
 CHARMM>    defi fixed sele fixed .or. resi 567 end
 SELRPN>   8241 atoms have been selected out of   8688
  
 CHARMM>    defi fixed sele fixed .or. resi 568 end
 SELRPN>   8248 atoms have been selected out of   8688
  
 CHARMM>    defi fixed sele fixed .or. resi 569 end
 SELRPN>   8265 atoms have been selected out of   8688
  
 CHARMM>    defi fixed sele fixed .or. resi 570 end
 SELRPN>   8286 atoms have been selected out of   8688
  
 CHARMM>    defi fixed sele fixed .or. resi 571 end
 SELRPN>   8293 atoms have been selected out of   8688
  
 CHARMM>    defi fixed sele fixed .or. resi 572 end
 SELRPN>   8317 atoms have been selected out of   8688
  
 CHARMM>    defi fixed sele fixed .or. resi 573 end
 SELRPN>   8332 atoms have been selected out of   8688
  
 CHARMM>    defi fixed sele fixed .or. resi 574 end
 SELRPN>   8346 atoms have been selected out of   8688
  
 CHARMM>    defi fixed sele fixed .or. resi 575 end
 SELRPN>   8353 atoms have been selected out of   8688
  
 CHARMM>    defi fixed sele fixed .or. resi 576 end
 SELRPN>   8363 atoms have been selected out of   8688
  
 CHARMM>    defi fixed sele fixed .or. resi 577 end
 SELRPN>   8385 atoms have been selected out of   8688
  
 CHARMM>    defi fixed sele fixed .or. resi 578 end
 SELRPN>   8405 atoms have been selected out of   8688
  
 CHARMM>    defi fixed sele fixed .or. resi 579 end
 SELRPN>   8513 atoms have been selected out of   8688
  
 CHARMM>    cons fix sele fixed end
 SELRPN>   8513 atoms have been selected out of   8688
  
 CHARMM>     
  
 CHARMM>    skip all excl angl bond dihe elec impr urey vdw cdih
 SKIPE> The following energy terms will be computed :
  BOND ANGL UREY DIHE IMPR VDW  ELEC CDIH
  
 CHARMM>    mini abnr nstep 5000 nprint 50 -
 CHARMM>     tolgrd 0.01 tolenr 0.0001 tolstp 0.00

 NONBOND OPTION FLAGS: 
     ELEC     VDW      ATOMs    CDIElec  SHIFt    VATOm    VSWItch 
     BYGRoup  NOEXtnd  NOEWald 
 CUTNB  = 14.000 CTEXNB =999.000 CTONNB = 10.000 CTOFNB = 12.000
 WMIN   =  1.500 WRNMXD =  0.500 E14FAC =  1.000 EPS    =  1.000
 NBXMOD =      5
 There are  3168176 atom  pairs and    47333 atom  exclusions.
 There are        0 group pairs and     7599 group exclusions.
 Generating nonbond list with Exclusion mode = 5
 == PRIMARY == SPACE FOR  3744786 ATOM PAIRS AND        0 GROUP PAIRS

 General atom nonbond list generation found:
    81191 ATOM PAIRS WERE FOUND FOR ATOM LIST
     5168 GROUP PAIRS REQUIRED ATOM SEARCHES



 ABNER> An energy minimization has been requested.

 EIGRNG =    0.0005000   MINDIM =            5
 NPRINT =           50   NSTEP  =         5000
 PSTRCT =    0.0000000   SDSTP  =    0.0200000
 STPLIM =    1.0000000   STRICT =    0.1000000
 TOLFUN =    0.0001000   TOLGRD =    0.0100000
 TOLITR =          100   TOLSTP =    0.0000000
 FMEM   =    0.0000000
MINI MIN: Cycle      ENERgy      Delta-E         GRMS    Step-size
MINI INTERN:          BONDs       ANGLes       UREY-b    DIHEdrals    IMPRopers
MINI EXTERN:        VDWaals         ELEC       HBONds          ASP         USER
MINI CONSTR:       HARMonic    CDIHedral          CIC     RESDistance       NOE
 ----------       ---------    ---------    ---------    ---------    ---------
MINI>        0    344.33263      0.00000    724.50128      0.00000
MINI INTERN>       13.30650     68.13701      0.41907     56.71855      2.17963
MINI EXTERN>      -65.47719     35.47370      0.00000      0.00000      0.00000
MINI CONSTR>        0.00000    233.57535      0.00000      0.00000      0.00000
 ----------       ---------    ---------    ---------    ---------    ---------
MINI>       50     90.32135    254.01128     11.28606      0.00197
MINI INTERN>       14.11825     59.91616      0.44169     56.09839      2.11891
MINI EXTERN>      -66.67074     24.18271      0.00000      0.00000      0.00000
MINI CONSTR>        0.00000      0.11598      0.00000      0.00000      0.00000
 ----------       ---------    ---------    ---------    ---------    ---------
MINI>      100     86.66076      3.66058      3.85928      0.00037
MINI INTERN>       11.07099     60.01497      0.42841     55.85671      1.85374
MINI EXTERN>      -66.62594     24.05020      0.00000      0.00000      0.00000
MINI CONSTR>        0.00000      0.01169      0.00000      0.00000      0.00000
 ----------       ---------    ---------    ---------    ---------    ---------
MINI>      150     84.05916      2.60160      2.71922      0.00052
MINI INTERN>       11.27049     59.73520      0.45723     55.48667      2.20838
MINI EXTERN>      -65.59320     20.47883      0.00000      0.00000      0.00000
MINI CONSTR>        0.00000      0.01556      0.00000      0.00000      0.00000
 ----------       ---------    ---------    ---------    ---------    ---------
MINI>      200     82.76208      1.29708      4.11950      0.00044
MINI INTERN>       12.41372     59.09102      0.45845     55.16670      2.12919
MINI EXTERN>      -65.94233     19.43093      0.00000      0.00000      0.00000
MINI CONSTR>        0.00000      0.01441      0.00000      0.00000      0.00000
 ----------       ---------    ---------    ---------    ---------    ---------
MINI>      250     80.42394      2.33814      2.09480      0.00038
MINI INTERN>       11.72624     60.17994      0.45884     54.64026      2.21675
MINI EXTERN>      -66.53037     17.71918      0.00000      0.00000      0.00000
MINI CONSTR>        0.00000      0.01311      0.00000      0.00000      0.00000
 ----------       ---------    ---------    ---------    ---------    ---------
MINI>      300     78.88844      1.53550      4.72337      0.00019
MINI INTERN>       11.44874     60.78855      0.47820     54.41188      2.30964
MINI EXTERN>      -66.48433     15.89271      0.00000      0.00000      0.00000
MINI CONSTR>        0.00000      0.04305      0.00000      0.00000      0.00000
 ----------       ---------    ---------    ---------    ---------    ---------
MINI>      350     77.01771      1.87073      5.29516      0.00046
MINI INTERN>       11.12523     61.09178      0.48775     54.53792      2.28834
MINI EXTERN>      -67.32579     14.79697      0.00000      0.00000      0.00000
MINI CONSTR>        0.00000      0.01551      0.00000      0.00000      0.00000
 ----------       ---------    ---------    ---------    ---------    ---------
MINI>      400     75.36520      1.65251      2.41614      0.00023
MINI INTERN>       10.77754     61.34299      0.47905     54.82720      2.16716
MINI EXTERN>      -69.55148     15.30697      0.00000      0.00000      0.00000
MINI CONSTR>        0.00000      0.01577      0.00000      0.00000      0.00000
 ----------       ---------    ---------    ---------    ---------    ---------
MINI>      450     73.96943      1.39577      3.33542      0.00033
MINI INTERN>       11.18643     60.84940      0.49002     55.16511      2.10011
MINI EXTERN>      -70.52093     14.69096      0.00000      0.00000      0.00000
MINI CONSTR>        0.00000      0.00835      0.00000      0.00000      0.00000
 ----------       ---------    ---------    ---------    ---------    ---------
MINI>      500     71.82700      2.14244      6.24135      0.00047
MINI INTERN>       11.23531     59.73347      0.47400     55.50493      2.22649
MINI EXTERN>      -69.62998     12.25812      0.00000      0.00000      0.00000
MINI CONSTR>        0.00000      0.02465      0.00000      0.00000      0.00000
 ----------       ---------    ---------    ---------    ---------    ---------
MINI>      550     70.42973      1.39727      5.54743      0.00040
MINI INTERN>       10.64399     58.61439      0.46019     55.65753      2.36483
MINI EXTERN>      -69.94192     12.61810      0.00000      0.00000      0.00000
MINI CONSTR>        0.00000      0.01262      0.00000      0.00000      0.00000
 ----------       ---------    ---------    ---------    ---------    ---------

 ABNER> Minimization exiting with function tolerance ( 0.0001000) satisfied.

ABNR MIN: Cycle      ENERgy      Delta-E         GRMS    Step-size
ABNR INTERN:          BONDs       ANGLes       UREY-b    DIHEdrals    IMPRopers
ABNR EXTERN:        VDWaals         ELEC       HBONds          ASP         USER
ABNR CONSTR:       HARMonic    CDIHedral          CIC     RESDistance       NOE
 ----------       ---------    ---------    ---------    ---------    ---------
ABNR>      564     70.11797      0.31176      7.38110      0.00038
ABNR INTERN>       10.51496     58.26076      0.45550     55.69676      2.32512
ABNR EXTERN>      -69.93852     12.77434      0.00000      0.00000      0.00000
ABNR CONSTR>        0.00000      0.02905      0.00000      0.00000      0.00000
 ----------       ---------    ---------    ---------    ---------    ---------
  
 CHARMM>     
  
 CHARMM>    ! Output DESIGN Molecule A
 CHARMM>    open write unit 10 name group1_moleculea_postperturbation.pdb card
 VOPEN> Attempting to open::group1_moleculea_postperturbation.pdb::
 OPNLGU> Unit 10 opened for WRITE access to group1_moleculea_postperturbation.pdb
  
 CHARMM>    write coor sele segi mla end pdb unit 10 card
 RDTITL> CLOSE UNIT 10
  Write CHARMM-pdb format
 SELRPN>   8580 atoms have been selected out of   8688
 NOTE: A SELECTED SUBSET OF ATOMS WILL BE USED

  
 CHARMM>    close unit 10
 VCLOSE: Closing unit   10 with status "KEEP"
  
 CHARMM>     
  
 CHARMM>    ! Output TARGET Molecule F
 CHARMM>    open write unit 10 name group1_moleculef_postperturbation.pdb card
 VOPEN> Attempting to open::group1_moleculef_postperturbation.pdb::
 OPNLGU> Unit 10 opened for WRITE access to group1_moleculef_postperturbation.pdb
  
 CHARMM>    write coor sele segi mlf end pdb unit 10 card
 RDTITL> CLOSE UNIT 10
  Write CHARMM-pdb format
 SELRPN>    108 atoms have been selected out of   8688
 NOTE: A SELECTED SUBSET OF ATOMS WILL BE USED

  
 CHARMM>    close unit 10
 VCLOSE: Closing unit   10 with status "KEEP"
  
 CHARMM>     
  
 CHARMM>    stop
$$$$$$  New timer profile $$$$$
         Electrostatic & VDW             1.80 Other:            0.00
      Nonbond force                   1.81 Other:            0.00
         Bond energy                     0.02 Other:            0.00
         Angle energy                    0.05 Other:            0.00
         Dihedral energy                 0.09 Other:            0.00
         Restraints energy               0.06 Other:            0.00
      INTRNL energy                   0.24 Other:            0.02
   Energy time                     2.12 Other:            0.07
 Total time                      3.94 Other:            1.82

                    NORMAL TERMINATION BY NORMAL STOP
                    MAXIMUM STACK SPACE USED IS  166184
                    STACK CURRENTLY IN USE IS         0
                    MOST SEVERE WARNING WAS AT LEVEL  4
                    HEAP PRINTOUT-  HEAP SIZE         10240000
                    SPACE CURRENTLY IN USE IS            13824
                    MAXIMUM SPACE USED IS              4004062
                    FREE LIST
  PRINHP> ADDRESS:               1 LENGTH:        10225676 NEXT:        10239501
  PRINHP> ADDRESS:        10239501 LENGTH:             500 NEXT:               0

                    $$$$$ JOB ACCOUNTING INFORMATION $$$$$
                     ELAPSED TIME:     4.02  SECONDS 
                         CPU TIME:     0.00  SECONDS 
