Charm++: standalone mode (not using charmrun)
Charm++> Running in Multicore mode:  1 threads
Charm++> Using recursive bisection (scheme 3) for topology aware partitions
Converse/Charm++ Commit ID: v6.7.1-0-gbdf6a1b-namd-charm-6.7.1-build-2016-Nov-07-136676
Warning> Randomization of stack pointer is turned on in kernel, thread migration may not work! Run 'echo 0 > /proc/sys/kernel/randomize_va_space' as root to disable it, or try run with '+isomalloc_sync'.  
CharmLB> Load balancer assumes all CPUs are same.
Charm++> Running on 1 unique compute nodes (12-way SMP).
Charm++> cpu topology info is gathered in 0.000 seconds.
Info: NAMD CVS-2016-12-28 for Linux-x86_64-multicore
Info: 
Info: Please visit http://www.ks.uiuc.edu/Research/namd/
Info: for updates, documentation, and support information.
Info: 
Info: Please cite Phillips et al., J. Comp. Chem. 26:1781-1802 (2005)
Info: in all publications reporting results obtained with NAMD.
Info: 
Info: Based on Charm++/Converse 60701 for multicore-linux64-iccstatic
Info: Built Wed Dec 28 02:08:02 CST 2016 by jim on canberra.ks.uiuc.edu
Info: 1 NAMD  CVS-2016-12-28  Linux-x86_64-multicore  1    lionxf169.hpc.rcc.psu.edu  mfa5147
Info: Running on 1 processors, 1 nodes, 1 physical nodes.
Info: CPU topology information available.
Info: Charm++/Converse parallel runtime startup completed at 0.00438905 s
CkLoopLib is used in SMP with a simple dynamic scheduling (converse-level notification) but not using node-level queue
Info: 49.668 MB of memory in use based on /proc/self/stat
Info: Configuration file is /gpfs/work/m/mfa5147/OptMAVEn2.0/input_files/namd_relaxation.conf
Info: Changed directory to /gpfs/work/m/mfa5147/OptMAVEn2.0/input_files
TCL: Suspending until startup complete.
Info: SIMULATION PARAMETERS:
Info: TIMESTEP               2
Info: NUMBER OF STEPS        0
Info: STEPS PER CYCLE        25
Info: LOAD BALANCER  Centralized
Info: LOAD BALANCING STRATEGY  New Load Balancers -- DEFAULT
Info: LDB PERIOD             5000 steps
Info: FIRST LDB TIMESTEP     125
Info: LAST LDB TIMESTEP     -1
Info: LDB BACKGROUND SCALING 1
Info: HOM BACKGROUND SCALING 1
Info: MIN ATOMS PER PATCH    40
Info: INITIAL TEMPERATURE    0
Info: CENTER OF MASS MOVING INITIALLY? NO
Info: DIELECTRIC             1
Info: EXCLUDE                SCALED ONE-FOUR
Info: 1-4 ELECTROSTATICS SCALED BY 1
Info: MODIFIED 1-4 VDW PARAMETERS WILL BE USED
Info: NO DCD TRAJECTORY OUTPUT
Info: NO EXTENDED SYSTEM TRAJECTORY OUTPUT
Info: NO VELOCITY DCD OUTPUT
Info: NO FORCE DCD OUTPUT
Info: OUTPUT FILENAME        /gpfs/work/m/mfa5147/OptMAVEn2.0/experiments/rep1_2r0w_20/structures/relaxed_MoleculeA
Info: NO RESTART FILE
Info: SWITCHING ACTIVE
Info: SWITCHING ON           10
Info: SWITCHING OFF          12
Info: PAIRLIST DISTANCE      14
Info: PAIRLIST SHRINK RATE   0.01
Info: PAIRLIST GROW RATE     0.01
Info: PAIRLIST TRIGGER       0.3
Info: PAIRLISTS PER CYCLE    2
Info: PAIRLISTS ENABLED
Info: MARGIN                 0
Info: HYDROGEN GROUP CUTOFF  2.5
Info: PATCH DIMENSION        20
Info: CROSSTERM ENERGY INCLUDED IN DIHEDRAL
Info: TIMING OUTPUT STEPS    125
Info: PRESSURE OUTPUT STEPS  1
Info: GBIS GENERALIZED BORN IMPLICIT SOLVENT ACTIVE
Info: GBIS SOLVENT DIELECTRIC: 78.5
Info: GBIS PROTEIN DIELECTRIC: 1
Info: GBIS COULOMB RADIUS OFFSET: 0.09 Ang
Info: GBIS ION CONCENTRATION: 0.2 M
Info: GBIS DEBYE SCREENING LENGTH: 6.82308 Ang
Info: GBIS DELTA: 1
Info: GBIS BETA: 0.8
Info: GBIS GAMMA: 4.85
Info: GBIS BORN RADIUS CUTOFF: 20 Ang
Info: GBIS MAX BORN RADIUS: 30 Ang
Info: LANGEVIN DYNAMICS ACTIVE
Info: LANGEVIN TEMPERATURE   310
Info: LANGEVIN USING BBK INTEGRATOR
Info: LANGEVIN DAMPING COEFFICIENT IS 1 INVERSE PS
Info: LANGEVIN DYNAMICS NOT APPLIED TO HYDROGENS
Info: CONJUGATE GRADIENT MINIMIZATION ACTIVE
Info: LINE MINIMIZATION GOAL = 0.001
Info: BABY STEP SIZE = 0.001
Info: TINY STEP SIZE = 1e-06
Info: FULL ELECTROSTATIC EVALUATION FREQUENCY      25
Info: USING VERLET I (r-RESPA) MTS SCHEME.
Info: C1 SPLITTING OF LONG RANGE ELECTROSTATICS
Info: PLACING ATOMS IN PATCHES BY HYDROGEN GROUPS
Info: RIGID BONDS TO HYDROGEN : ALL
Info:         ERROR TOLERANCE : 1e-08
Info:          MAX ITERATIONS : 100
Info: RIGID WATER USING SETTLE ALGORITHM
Info: RANDOM NUMBER SEED     1496719168
Info: USE HYDROGEN BONDS?    NO
Info: COORDINATE PDB         /gpfs/work/m/mfa5147/OptMAVEn2.0/experiments/rep1_2r0w_20/structures/relaxed_MoleculeA.coor
Info: STRUCTURE FILE         /gpfs/work/m/mfa5147/OptMAVEn2.0/experiments/rep1_2r0w_20/structures/MoleculeA.psf
Info: PARAMETER file: CHARMM format! 
Info: PARAMETERS             /gpfs/work/m/mfa5147/OptMAVEn2.0/input_files/par_all27_prot_na.prm
Info: USING ARITHMETIC MEAN TO COMBINE L-J SIGMA PARAMETERS
Info: SUMMARY OF PARAMETERS:
Info: 258 BONDS
Info: 666 ANGLES
Info: 1134 DIHEDRAL
Info: 70 IMPROPER
Info: 6 CROSSTERM
Info: 167 VDW
Info: 0 VDW_PAIRS
Info: 0 NBTHOLE_PAIRS
Info: TIME FOR READING PSF FILE: 0.00508404
Info: Reading pdb file /gpfs/work/m/mfa5147/OptMAVEn2.0/experiments/rep1_2r0w_20/structures/relaxed_MoleculeA.coor
Info: TIME FOR READING PDB FILE: 0.000197887
Info: 
Info: ****************************
Info: STRUCTURE SUMMARY:
Info: 112 ATOMS
Info: 113 BONDS
Info: 197 ANGLES
Info: 286 DIHEDRALS
Info: 22 IMPROPERS
Info: 5 CROSSTERMS
Info: 0 EXCLUSIONS
Info: 51 RIGID BONDS
Info: 285 DEGREES OF FREEDOM
Info: 61 HYDROGEN GROUPS
Info: 4 ATOMS IN LARGEST HYDROGEN GROUP
Info: 61 MIGRATION GROUPS
Info: 4 ATOMS IN LARGEST MIGRATION GROUP
Info: TOTAL MASS = 859.875 amu
Info: TOTAL CHARGE = -1 e
Info: *****************************
Info: 
Info: Entering startup at 0.0335059 s, 147.25 MB of memory in use
Info: Startup phase 0 took 6.00815e-05 s, 147.25 MB of memory in use
Info: ADDED 588 IMPLICIT EXCLUSIONS
Info: Startup phase 1 took 0.000390053 s, 147.379 MB of memory in use
Info: NONBONDED TABLE R-SQUARED SPACING: 0.0625
Info: NONBONDED TABLE SIZE: 769 POINTS
Info: ABSOLUTE IMPRECISION IN FAST TABLE ENERGY: 2.53117e-21 AT 11.9974
Info: RELATIVE IMPRECISION IN FAST TABLE ENERGY: 1.68907e-16 AT 11.9974
Info: INCONSISTENCY IN FAST TABLE ENERGY VS FORCE: 0.000290274 AT 0.251946
Info: ABSOLUTE IMPRECISION IN VDWA TABLE ENERGY: 4.59334e-32 AT 11.9974
Info: RELATIVE IMPRECISION IN VDWA TABLE ENERGY: 7.4108e-17 AT 11.9974
Info: INCONSISTENCY IN VDWA TABLE ENERGY VS FORCE: 0.0040507 AT 0.251946
Info: ABSOLUTE IMPRECISION IN VDWB TABLE ENERGY: 1.53481e-26 AT 11.9974
Info: RELATIVE IMPRECISION IN VDWB TABLE ENERGY: 7.96691e-18 AT 11.9974
Info: INCONSISTENCY IN VDWB TABLE ENERGY VS FORCE: 0.00150189 AT 0.251946
Info: Startup phase 2 took 0.00117493 s, 148.582 MB of memory in use
Info: Startup phase 3 took 5.29289e-05 s, 148.582 MB of memory in use
Info: Startup phase 4 took 4.19617e-05 s, 148.582 MB of memory in use
Info: Startup phase 5 took 3.91006e-05 s, 148.582 MB of memory in use
Info: ORIGINAL ATOMS MINMAX IS 4.875 -24.306 14.61  21.913 -11.502 31.541
Info: ADJUSTED ATOMS MINMAX IS 6.37138 -22.6074 16.9365  21.3376 -13.3036 29.4315
Info: PATCH GRID IS 2 BY 1 BY 1
Info: PATCH GRID IS 1-AWAY BY 1-AWAY BY 1-AWAY
Info: REMOVING COM VELOCITY 0 0 0
Info: LARGEST PATCH (1) HAS 60 ATOMS
Info: TORUS A SIZE 1 USING 0
Info: TORUS B SIZE 1 USING 0
Info: TORUS C SIZE 1 USING 0
Info: TORUS MINIMAL MESH SIZE IS 1 BY 1 BY 1
Info: Placed 100% of base nodes on same physical node as patch
Info: Startup phase 6 took 0.000236034 s, 148.582 MB of memory in use
Info: Startup phase 7 took 4.60148e-05 s, 148.582 MB of memory in use
Info: Startup phase 8 took 4.19617e-05 s, 148.582 MB of memory in use
LDB: Central LB being created...
Info: Startup phase 9 took 5.88894e-05 s, 148.582 MB of memory in use
Info: CREATING 18 COMPUTE OBJECTS
Info: Startup phase 10 took 0.000267029 s, 148.711 MB of memory in use
Info: Startup phase 11 took 5.19753e-05 s, 148.711 MB of memory in use
Info: Startup phase 12 took 5.81741e-05 s, 149.098 MB of memory in use
Info: Finished startup at 0.036025 s, 149.098 MB of memory in use

TCL: Minimizing for 50 steps
PRESSURE: 0 0 0 0 0 0 0 0 0 0
GPRESSURE: 0 0 0 0 0 0 0 0 0 0
ETITLE:      TS           BOND          ANGLE          DIHED          IMPRP               ELECT            VDW       BOUNDARY           MISC        KINETIC               TOTAL           TEMP      POTENTIAL         TOTAL3        TEMPAVG

ENERGY:       0         8.3090        15.0658        12.4136         0.1043           -579.2309        -3.6277         0.0000         0.0000         0.0000           -546.9660         0.0000      -546.9660      -546.9660         0.0000

MINIMIZER STARTING CONJUGATE GRADIENT ALGORITHM
LINE MINIMIZER REDUCING GRADIENT FROM 845.517 TO 0.845517
PRESSURE: 1 0 0 0 0 0 0 0 0 0
GPRESSURE: 1 0 0 0 0 0 0 0 0 0
ENERGY:       1        53.0154        22.2742        12.4494         0.2819           -579.4261        -3.5127         0.0000         0.0000         0.0000           -494.9179         0.0000      -494.9179      -494.9179         0.0000

LINE MINIMIZER BRACKET: DX 0 0.0253431 DU 0 52.0481 DUDX -845.517 -845.517 4172.68 
PRESSURE: 2 0 0 0 0 0 0 0 0 0
GPRESSURE: 2 0 0 0 0 0 0 0 0 0
ENERGY:       2         9.2522        15.0506        12.3779         0.0877           -579.2312        -3.6208         0.0000         0.0000         0.0000           -546.0837         0.0000      -546.0837      -546.0837         0.0000

LINE MINIMIZER BRACKET: DX 0 0.00369544 DU 0 0.882314 DUDX -845.517 -845.517 549.403 
PRESSURE: 3 0 0 0 0 0 0 0 0 0
GPRESSURE: 3 0 0 0 0 0 0 0 0 0
ENERGY:       3         8.4488        15.0174        12.3980         0.0960           -579.2299        -3.6255         0.0000         0.0000         0.0000           -546.8951         0.0000      -546.8951      -546.8951         0.0000

LINE MINIMIZER BRACKET: DX 0 0.00144085 DU 0 0.070838 DUDX -845.517 -845.517 170.313 
PRESSURE: 4 0 0 0 0 0 0 0 0 0
GPRESSURE: 4 0 0 0 0 0 0 0 0 0
ENERGY:       4         8.3387        15.0362        12.4059         0.1001           -579.2302        -3.6267         0.0000         0.0000         0.0000           -546.9760         0.0000      -546.9760      -546.9760         0.0000

LINE MINIMIZER BRACKET: DX 0.000680838 0.000760015 DU -0.0100028 0.0808408 DUDX -845.517 42.4554 170.313 
PRESSURE: 5 0 0 0 0 0 0 0 0 0
GPRESSURE: 5 0 0 0 0 0 0 0 0 0
ENERGY:       5         8.3200        15.0459        12.4087         0.1016           -579.2304        -3.6271         0.0000         0.0000         0.0000           -546.9813         0.0000      -546.9813      -546.9813         0.0000

LINE MINIMIZER BRACKET: DX 0.000427937 0.000252901 DU -0.0153518 0.00534903 DUDX -845.517 -0.0979153 42.4554 
MINIMIZER RESTARTING CONJUGATE GRADIENT ALGORITHM
LINE MINIMIZER REDUCING GRADIENT FROM 10.4832 TO 0.0104832
PRESSURE: 6 0 0 0 0 0 0 0 0 0
GPRESSURE: 6 0 0 0 0 0 0 0 0 0
ENERGY:       6        68.6988        27.9525        14.3622         2.2250           -580.4108        -3.0900         0.0000         0.0000         0.0000           -470.2623         0.0000      -470.2623      -470.2623         0.0000

LINE MINIMIZER BRACKET: DX 0 0.115849 DU 0 76.719 DUDX -10.4832 -10.4832 1335.19 
PRESSURE: 7 0 0 0 0 0 0 0 0 0
GPRESSURE: 7 0 0 0 0 0 0 0 0 0
ENERGY:       7         8.9167        15.2410        12.3608         0.1010           -579.3206        -3.6246         0.0000         0.0000         0.0000           -546.3257         0.0000      -546.3257      -546.3257         0.0000

LINE MINIMIZER BRACKET: DX 0 0.0115849 DU 0 0.655624 DUDX -10.4832 -10.4832 123.733 
PRESSURE: 8 0 0 0 0 0 0 0 0 0
GPRESSURE: 8 0 0 0 0 0 0 0 0 0
ENERGY:       8         8.3249        15.0545        12.4017         0.0995           -579.2384        -3.6278         0.0000         0.0000         0.0000           -546.9856         0.0000      -546.9856      -546.9856         0.0000

LINE MINIMIZER BRACKET: DX 0.00115849 0.0104264 DU -0.00423005 0.659854 DUDX -10.4832 2.84106 123.733 
PRESSURE: 9 0 0 0 0 0 0 0 0 0
GPRESSURE: 9 0 0 0 0 0 0 0 0 0
ENERGY:       9         8.3228        15.0524        12.4032         0.0999           -579.2365        -3.6278         0.0000         0.0000         0.0000           -546.9859         0.0000      -546.9859      -546.9859         0.0000

LINE MINIMIZER BRACKET: DX 0.000905011 0.000253475 DU -0.0045481 0.000318054 DUDX -10.4832 -0.0971733 2.84106 
PRESSURE: 10 0 0 0 0 0 0 0 0 0
GPRESSURE: 10 0 0 0 0 0 0 0 0 0
ETITLE:      TS           BOND          ANGLE          DIHED          IMPRP               ELECT            VDW       BOUNDARY           MISC        KINETIC               TOTAL           TEMP      POTENTIAL         TOTAL3        TEMPAVG

ENERGY:      10         8.3230        15.0526        12.4031         0.0999           -579.2367        -3.6278         0.0000         0.0000         0.0000           -546.9859         0.0000      -546.9859      -546.9859         0.0000

LINE MINIMIZER BRACKET: DX 2.53475e-05 0.000228127 DU -4.62119e-05 0.000364266 DUDX -0.0971733 0.196644 2.84106 
PRESSURE: 11 0 0 0 0 0 0 0 0 0
GPRESSURE: 11 0 0 0 0 0 0 0 0 0
ENERGY:      11         8.3230        15.0526        12.4031         0.0999           -579.2366        -3.6278         0.0000         0.0000         0.0000           -546.9859         0.0000      -546.9859      -546.9859         0.0000

LINE MINIMIZER BRACKET: DX 2.53475e-06 0.000228127 DU -7.27616e-05 0.000364266 DUDX 0.167281 0.196644 2.84106 
PRESSURE: 12 0 0 0 0 0 0 0 0 0
GPRESSURE: 12 0 0 0 0 0 0 0 0 0
ENERGY:      12         8.3230        15.0526        12.4031         0.0999           -579.2367        -3.6278         0.0000         0.0000         0.0000           -546.9859         0.0000      -546.9859      -546.9859         0.0000

MINIMIZER RESTARTING CONJUGATE GRADIENT ALGORITHM
LINE MINIMIZER REDUCING GRADIENT FROM 13.0319 TO 0.0130319
PRESSURE: 13 0 0 0 0 0 0 0 0 0
GPRESSURE: 13 0 0 0 0 0 0 0 0 0
ENERGY:      13        67.5428        22.3453        12.6016         0.2533           -577.8653        -3.5039         0.0000         0.0000         0.0000           -478.6263         0.0000      -478.6263      -478.6263         0.0000

LINE MINIMIZER BRACKET: DX 0 0.0723595 DU 0 68.3597 DUDX -13.0319 -13.0319 1903.56 
PRESSURE: 14 0 0 0 0 0 0 0 0 0
GPRESSURE: 14 0 0 0 0 0 0 0 0 0
ENERGY:      14         8.8389        14.9808        12.3903         0.1020           -579.0768        -3.6231         0.0000         0.0000         0.0000           -546.3878         0.0000      -546.3878      -546.3878         0.0000

LINE MINIMIZER BRACKET: DX 0 0.00723595 DU 0 0.598083 DUDX -13.0319 -13.0319 178.349 
PRESSURE: 15 0 0 0 0 0 0 0 0 0
GPRESSURE: 15 0 0 0 0 0 0 0 0 0
ENERGY:      15         8.3207        15.0374        12.4015         0.1000           -579.2206        -3.6275         0.0000         0.0000         0.0000           -546.9884         0.0000      -546.9884      -546.9884         0.0000

LINE MINIMIZER BRACKET: DX 0.000723595 0.00651236 DU -0.00251992 0.600603 DUDX -13.0319 6.09387 178.349 
PRESSURE: 16 0 0 0 0 0 0 0 0 0
GPRESSURE: 16 0 0 0 0 0 0 0 0 0
ENERGY:      16         8.3201        15.0421        12.4020         0.1000           -579.2257        -3.6276         0.0000         0.0000         0.0000           -546.9891         0.0000      -546.9891      -546.9891         0.0000

LINE MINIMIZER BRACKET: DX 0.000493367 0.000230228 DU -0.00315382 0.000633901 DUDX -13.0319 0.00532104 6.09387 
LINE MINIMIZER REDUCING GRADIENT FROM 5.55337 TO 0.00555337
PRESSURE: 17 0 0 0 0 0 0 0 0 0
GPRESSURE: 17 0 0 0 0 0 0 0 0 0
ENERGY:      17         9.0702        16.8552        12.7634         0.3220           -578.7835        -3.6657         0.0000         0.0000         0.0000           -543.4384         0.0000      -543.4384      -543.4384         0.0000

LINE MINIMIZER BRACKET: DX 0 0.0817461 DU 0 3.55065 DUDX -5.55337 -5.55337 92.7838 
PRESSURE: 18 0 0 0 0 0 0 0 0 0
GPRESSURE: 18 0 0 0 0 0 0 0 0 0
ENERGY:      18         8.3119        15.0294        12.3882         0.1017           -579.1824        -3.6434         0.0000         0.0000         0.0000           -546.9947         0.0000      -546.9947      -546.9947         0.0000

LINE MINIMIZER BRACKET: DX 0.00817461 0.0735715 DU -0.00559279 3.55624 DUDX -5.55337 4.181 92.7838 
PRESSURE: 19 0 0 0 0 0 0 0 0 0
GPRESSURE: 19 0 0 0 0 0 0 0 0 0
ENERGY:      19         8.3131        15.0298        12.3928         0.1004           -579.2011        -3.6370         0.0000         0.0000         0.0000           -547.0020         0.0000      -547.0020      -547.0020         0.0000

LINE MINIMIZER BRACKET: DX 0.00466209 0.00351253 DU -0.0129314 0.00733866 DUDX -5.55337 -0.0111714 4.181 
PRESSURE: 20 0 0 0 0 0 0 0 0 0
GPRESSURE: 20 0 0 0 0 0 0 0 0 0
ETITLE:      TS           BOND          ANGLE          DIHED          IMPRP               ELECT            VDW       BOUNDARY           MISC        KINETIC               TOTAL           TEMP      POTENTIAL         TOTAL3        TEMPAVG

ENERGY:      20         8.3129        15.0294        12.3923         0.1005           -579.1992        -3.6377         0.0000         0.0000         0.0000           -547.0020         0.0000      -547.0020      -547.0020         0.0000

LINE MINIMIZER BRACKET: DX 0.00466209 0.000351253 DU -0.0129314 4.59645e-05 DUDX -5.55337 -0.0111714 0.407947 
PRESSURE: 21 0 0 0 0 0 0 0 0 0
GPRESSURE: 21 0 0 0 0 0 0 0 0 0
ENERGY:      21         8.3131        15.0297        12.3928         0.1004           -579.2009        -3.6371         0.0000         0.0000         0.0000           -547.0020         0.0000      -547.0020      -547.0020         0.0000

LINE MINIMIZER BRACKET: DX 0.00466209 3.51253e-05 DU -0.0129314 7.73225e-06 DUDX -5.55337 -0.0111714 0.0307343 
PRESSURE: 22 0 0 0 0 0 0 0 0 0
GPRESSURE: 22 0 0 0 0 0 0 0 0 0
ENERGY:      22         8.3131        15.0297        12.3928         0.1004           -579.2011        -3.6370         0.0000         0.0000         0.0000           -547.0020         0.0000      -547.0020      -547.0020         0.0000

LINE MINIMIZER BRACKET: DX 3.51253e-06 3.16127e-05 DU -3.00596e-05 3.77919e-05 DUDX -0.0111714 -0.0069829 0.0307343 
PRESSURE: 23 0 0 0 0 0 0 0 0 0
GPRESSURE: 23 0 0 0 0 0 0 0 0 0
ENERGY:      23         8.3131        15.0297        12.3928         0.1004           -579.2011        -3.6370         0.0000         0.0000         0.0000           -547.0020         0.0000      -547.0020      -547.0020         0.0000

LINE MINIMIZER BRACKET: DX 3.51253e-06 3.16127e-06 DU -3.00596e-05 1.55217e-05 DUDX -0.0111714 -0.0069829 -0.00320931 
PRESSURE: 24 0 0 0 0 0 0 0 0 0
GPRESSURE: 24 0 0 0 0 0 0 0 0 0
ENERGY:      24         8.3131        15.0297        12.3928         0.1004           -579.2011        -3.6370         0.0000         0.0000         0.0000           -547.0020         0.0000      -547.0020      -547.0020         0.0000

LDB: ============= START OF LOAD BALANCING ============== 0.0684979
LDB: ============== END OF LOAD BALANCING =============== 0.068527
LDB: =============== DONE WITH MIGRATION ================ 0.0686319
LINE MINIMIZER REDUCING GRADIENT FROM 12.4122 TO 0.0124122
PRESSURE: 25 0 0 0 0 0 0 0 0 0
GPRESSURE: 25 0 0 0 0 0 0 0 0 0
ENERGY:      25        15.3602        16.6444        12.3326         0.1079           -579.4183        -3.9218         0.0000         0.0000         0.0000           -538.8949         0.0000      -538.8949      -538.8949         0.0000

LINE MINIMIZER BRACKET: DX 0 0.0375471 DU 0 8.1071 DUDX -12.4122 -12.4122 443.786 
PRESSURE: 26 0 0 0 0 0 0 0 0 0
GPRESSURE: 26 0 0 0 0 0 0 0 0 0
ENERGY:      26         8.4123        15.0474        12.3780         0.0938           -579.2244        -3.6698         0.0000         0.0000         0.0000           -546.9627         0.0000      -546.9627      -546.9627         0.0000

LINE MINIMIZER BRACKET: DX 0 0.00375471 DU 0 0.0393319 DUDX -12.4122 -12.4122 33.3406 
PRESSURE: 27 0 0 0 0 0 0 0 0 0
GPRESSURE: 27 0 0 0 0 0 0 0 0 0
ENERGY:      27         8.3267        15.0314        12.3886         0.0984           -579.2075        -3.6460         0.0000         0.0000         0.0000           -547.0084         0.0000      -547.0084      -547.0084         0.0000

LINE MINIMIZER BRACKET: DX 0.00101811 0.0027366 DU -0.00635892 0.0456908 DUDX -12.4122 -0.00446112 33.3406 
LINE MINIMIZER REDUCING GRADIENT FROM 13.9102 TO 0.0139102
PRESSURE: 28 0 0 0 0 0 0 0 0 0
GPRESSURE: 28 0 0 0 0 0 0 0 0 0
ENERGY:      28        10.2511        15.6500        12.4564         0.1290           -579.5677        -3.9510         0.0000         0.0000         0.0000           -545.0322         0.0000      -545.0322      -545.0322         0.0000

LINE MINIMIZER BRACKET: DX 0 0.026358 DU 0 1.97615 DUDX -13.9102 -13.9102 164.372 
PRESSURE: 29 0 0 0 0 0 0 0 0 0
GPRESSURE: 29 0 0 0 0 0 0 0 0 0
ENERGY:      29         8.3813        15.0399        12.3859         0.0959           -579.2465        -3.6782         0.0000         0.0000         0.0000           -547.0216         0.0000      -547.0216      -547.0216         0.0000

LINE MINIMIZER BRACKET: DX 0.0026358 0.0237222 DU -0.0132348 1.98939 DUDX -13.9102 3.80325 164.372 
PRESSURE: 30 0 0 0 0 0 0 0 0 0
GPRESSURE: 30 0 0 0 0 0 0 0 0 0
ETITLE:      TS           BOND          ANGLE          DIHED          IMPRP               ELECT            VDW       BOUNDARY           MISC        KINETIC               TOTAL           TEMP      POTENTIAL         TOTAL3        TEMPAVG

ENERGY:      30         8.3670        15.0370        12.3863         0.0964           -579.2382        -3.6713         0.0000         0.0000         0.0000           -547.0228         0.0000      -547.0228      -547.0228         0.0000

LINE MINIMIZER BRACKET: DX 0.0020678 0.000568004 DU -0.0143875 0.0011527 DUDX -13.9102 -0.0143364 3.80325 
PRESSURE: 31 0 0 0 0 0 0 0 0 0
GPRESSURE: 31 0 0 0 0 0 0 0 0 0
ENERGY:      31         8.3683        15.0373        12.3862         0.0963           -579.2390        -3.6719         0.0000         0.0000         0.0000           -547.0227         0.0000      -547.0227      -547.0227         0.0000

LINE MINIMIZER BRACKET: DX 0.0020678 5.68004e-05 DU -0.0143875 6.68874e-05 DUDX -13.9102 -0.0143364 0.367394 
PRESSURE: 32 0 0 0 0 0 0 0 0 0
GPRESSURE: 32 0 0 0 0 0 0 0 0 0
ENERGY:      32         8.3671        15.0371        12.3863         0.0964           -579.2382        -3.6713         0.0000         0.0000         0.0000           -547.0227         0.0000      -547.0227      -547.0227         0.0000

LINE MINIMIZER BRACKET: DX 0.0020678 5.68004e-06 DU -0.0143875 5.33355e-05 DUDX -13.9102 -0.0143364 0.0238287 
PRESSURE: 33 0 0 0 0 0 0 0 0 0
GPRESSURE: 33 0 0 0 0 0 0 0 0 0
ENERGY:      33         8.3670        15.0371        12.3863         0.0964           -579.2382        -3.6713         0.0000         0.0000         0.0000           -547.0227         0.0000      -547.0227      -547.0227         0.0000

LINE MINIMIZER BRACKET: DX 0.0020678 5.68004e-07 DU -0.0143875 4.13973e-05 DUDX -13.9102 -0.0143364 -0.0105148 
PRESSURE: 34 0 0 0 0 0 0 0 0 0
GPRESSURE: 34 0 0 0 0 0 0 0 0 0
ENERGY:      34         8.3670        15.0370        12.3863         0.0964           -579.2382        -3.6713         0.0000         0.0000         0.0000           -547.0228         0.0000      -547.0228      -547.0228         0.0000

LINE MINIMIZER REDUCING GRADIENT FROM 35.15 TO 0.03515
PRESSURE: 35 0 0 0 0 0 0 0 0 0
GPRESSURE: 35 0 0 0 0 0 0 0 0 0
ENERGY:      35         9.8550        15.3747        12.5609         0.2648           -578.6612        -3.6558         0.0000         0.0000         0.0000           -544.2615         0.0000      -544.2615      -544.2615         0.0000

LINE MINIMIZER BRACKET: DX 0 0.0155654 DU 0 2.76132 DUDX -35.15 -35.15 391.704 
PRESSURE: 36 0 0 0 0 0 0 0 0 0
GPRESSURE: 36 0 0 0 0 0 0 0 0 0
ENERGY:      36         8.3089        15.0062        12.3923         0.1037           -579.1832        -3.6724         0.0000         0.0000         0.0000           -547.0445         0.0000      -547.0445      -547.0445         0.0000

LINE MINIMIZER BRACKET: DX 0.00155654 0.0140088 DU -0.0217401 2.78306 DUDX -35.15 7.15272 391.704 
PRESSURE: 37 0 0 0 0 0 0 0 0 0
GPRESSURE: 37 0 0 0 0 0 0 0 0 0
ENERGY:      37         8.3156        15.0104        12.3911         0.1023           -579.1926        -3.6723         0.0000         0.0000         0.0000           -547.0455         0.0000      -547.0455      -547.0455         0.0000

LINE MINIMIZER BRACKET: DX 0.00129296 0.00026358 DU -0.0227069 0.000966832 DUDX -35.15 -0.0154265 7.15272 
LINE MINIMIZER REDUCING GRADIENT FROM 24.0025 TO 0.0240025
PRESSURE: 38 0 0 0 0 0 0 0 0 0
GPRESSURE: 38 0 0 0 0 0 0 0 0 0
ENERGY:      38        11.4765        15.6543        12.3190         0.1462           -579.2078        -3.5083         0.0000         0.0000         0.0000           -543.1201         0.0000      -543.1201      -543.1201         0.0000

LINE MINIMIZER BRACKET: DX 0 0.0195409 DU 0 3.92543 DUDX -24.0025 -24.0025 424.952 
PRESSURE: 39 0 0 0 0 0 0 0 0 0
GPRESSURE: 39 0 0 0 0 0 0 0 0 0
ENERGY:      39         8.3012        15.0215        12.3781         0.1048           -579.1967        -3.6570         0.0000         0.0000         0.0000           -547.0483         0.0000      -547.0483      -547.0483         0.0000

LINE MINIMIZER BRACKET: DX 0.00195409 0.0175868 DU -0.0027716 3.9282 DUDX -24.0025 21.1725 424.952 
PRESSURE: 40 0 0 0 0 0 0 0 0 0
GPRESSURE: 40 0 0 0 0 0 0 0 0 0
ETITLE:      TS           BOND          ANGLE          DIHED          IMPRP               ELECT            VDW       BOUNDARY           MISC        KINETIC               TOTAL           TEMP      POTENTIAL         TOTAL3        TEMPAVG

ENERGY:      40         8.2987        15.0148        12.3840         0.1036           -579.1948        -3.6642         0.0000         0.0000         0.0000           -547.0579         0.0000      -547.0579      -547.0579         0.0000

LINE MINIMIZER BRACKET: DX 0.00103839 0.000915699 DU -0.012428 0.00965644 DUDX -24.0025 0.0147299 21.1725 
LINE MINIMIZER REDUCING GRADIENT FROM 24.8184 TO 0.0248184
PRESSURE: 41 0 0 0 0 0 0 0 0 0
GPRESSURE: 41 0 0 0 0 0 0 0 0 0
ENERGY:      41         9.2070        15.6084        12.2181         0.1332           -579.3190        -3.5366         0.0000         0.0000         0.0000           -545.6889         0.0000      -545.6889      -545.6889         0.0000

LINE MINIMIZER BRACKET: DX 0 0.0165036 DU 0 1.36904 DUDX -24.8184 -24.8184 191.756 
PRESSURE: 42 0 0 0 0 0 0 0 0 0
GPRESSURE: 42 0 0 0 0 0 0 0 0 0
ENERGY:      42         8.2906        15.0329        12.3587         0.0999           -579.2129        -3.6507         0.0000         0.0000         0.0000           -547.0816         0.0000      -547.0816      -547.0816         0.0000

LINE MINIMIZER BRACKET: DX 0.00190028 0.0146034 DU -0.0237272 1.39276 DUDX -24.8184 -0.11291 191.756 
PRESSURE: 43 0 0 0 0 0 0 0 0 0
GPRESSURE: 43 0 0 0 0 0 0 0 0 0
ENERGY:      43         8.3042        15.0555        12.3403         0.0983           -579.2261        -3.6402         0.0000         0.0000         0.0000           -547.0679         0.0000      -547.0679      -547.0679         0.0000

LINE MINIMIZER BRACKET: DX 0.00190028 0.00146034 DU -0.0237272 0.0137595 DUDX -24.8184 -0.11291 18.885 
PRESSURE: 44 0 0 0 0 0 0 0 0 0
GPRESSURE: 44 0 0 0 0 0 0 0 0 0
ENERGY:      44         8.2911        15.0348        12.3568         0.0996           -579.2142        -3.6497         0.0000         0.0000         0.0000           -547.0815         0.0000      -547.0815      -547.0815         0.0000

LINE MINIMIZER BRACKET: DX 0.00190028 0.000146034 DU -0.0237272 0.00018476 DUDX -24.8184 -0.11291 1.78629 
PRESSURE: 45 0 0 0 0 0 0 0 0 0
GPRESSURE: 45 0 0 0 0 0 0 0 0 0
ENERGY:      45         8.2906        15.0331        12.3585         0.0998           -579.2130        -3.6506         0.0000         0.0000         0.0000           -547.0816         0.0000      -547.0816      -547.0816         0.0000

LINE MINIMIZER BRACKET: DX 0.00190028 1.46034e-05 DU -0.0237272 3.50609e-05 DUDX -24.8184 -0.11291 0.0769981 
PRESSURE: 46 0 0 0 0 0 0 0 0 0
GPRESSURE: 46 0 0 0 0 0 0 0 0 0
ENERGY:      46         8.2906        15.0329        12.3587         0.0999           -579.2129        -3.6507         0.0000         0.0000         0.0000           -547.0817         0.0000      -547.0817      -547.0817         0.0000

LINE MINIMIZER BRACKET: DX 1.46034e-06 1.3143e-05 DU -8.42197e-06 4.34829e-05 DUDX -0.11291 -0.0938957 0.0769981 
PRESSURE: 47 0 0 0 0 0 0 0 0 0
GPRESSURE: 47 0 0 0 0 0 0 0 0 0
ENERGY:      47         8.2906        15.0329        12.3587         0.0999           -579.2129        -3.6507         0.0000         0.0000         0.0000           -547.0816         0.0000      -547.0816      -547.0816         0.0000

LINE MINIMIZER BRACKET: DX 1.46034e-06 1.3143e-06 DU -8.42197e-06 7.68574e-05 DUDX -0.11291 -0.0938957 -0.0767827 
PRESSURE: 48 0 0 0 0 0 0 0 0 0
GPRESSURE: 48 0 0 0 0 0 0 0 0 0
ENERGY:      48         8.2906        15.0329        12.3587         0.0999           -579.2129        -3.6507         0.0000         0.0000         0.0000           -547.0817         0.0000      -547.0817      -547.0817         0.0000

LINE MINIMIZER REDUCING GRADIENT FROM 39.5491 TO 0.0395491
PRESSURE: 49 0 0 0 0 0 0 0 0 0
GPRESSURE: 49 0 0 0 0 0 0 0 0 0
ENERGY:      49         9.3410        15.1840        12.3428         0.0977           -579.3840        -3.6517         0.0000         0.0000         0.0000           -546.0701         0.0000      -546.0701      -546.0701         0.0000

LINE MINIMIZER BRACKET: DX 0 0.0102415 DU 0 1.01155 DUDX -39.5491 -39.5491 241.068 
PRESSURE: 50 0 0 0 0 0 0 0 0 0
GPRESSURE: 50 0 0 0 0 0 0 0 0 0
ETITLE:      TS           BOND          ANGLE          DIHED          IMPRP               ELECT            VDW       BOUNDARY           MISC        KINETIC               TOTAL           TEMP      POTENTIAL         TOTAL3        TEMPAVG

ENERGY:      50         8.2906        15.0329        12.3587         0.0999           -579.2130        -3.6507         0.0000         0.0000         0.0000           -547.0817         0.0000      -547.0817      -547.0817         0.0000

WRITING EXTENDED SYSTEM TO OUTPUT FILE AT STEP 50
WRITING COORDINATES TO OUTPUT FILE AT STEP 50
The last position output (seq=-2) takes 0.001 seconds, 149.227 MB of memory in use
WRITING VELOCITIES TO OUTPUT FILE AT STEP 50
The last velocity output (seq=-2) takes 0.001 seconds, 149.227 MB of memory in use
====================================================

WallClock: 0.102998  CPUTime: 0.098985  Memory: 149.226562 MB
[Partition 0][Node 0] End of program
