Charm++: standalone mode (not using charmrun)
Charm++> Running in Multicore mode:  1 threads
Charm++> Using recursive bisection (scheme 3) for topology aware partitions
Converse/Charm++ Commit ID: v6.7.1-0-gbdf6a1b-namd-charm-6.7.1-build-2016-Nov-07-136676
Warning> Randomization of stack pointer is turned on in kernel, thread migration may not work! Run 'echo 0 > /proc/sys/kernel/randomize_va_space' as root to disable it, or try run with '+isomalloc_sync'.  
CharmLB> Load balancer assumes all CPUs are same.
Charm++> Running on 1 unique compute nodes (12-way SMP).
Charm++> cpu topology info is gathered in 0.000 seconds.
Info: NAMD CVS-2016-12-28 for Linux-x86_64-multicore
Info: 
Info: Please visit http://www.ks.uiuc.edu/Research/namd/
Info: for updates, documentation, and support information.
Info: 
Info: Please cite Phillips et al., J. Comp. Chem. 26:1781-1802 (2005)
Info: in all publications reporting results obtained with NAMD.
Info: 
Info: Based on Charm++/Converse 60701 for multicore-linux64-iccstatic
Info: Built Wed Dec 28 02:08:02 CST 2016 by jim on canberra.ks.uiuc.edu
Info: 1 NAMD  CVS-2016-12-28  Linux-x86_64-multicore  1    lionxf170.hpc.rcc.psu.edu  mfa5147
Info: Running on 1 processors, 1 nodes, 1 physical nodes.
Info: CPU topology information available.
Info: Charm++/Converse parallel runtime startup completed at 0.00463891 s
CkLoopLib is used in SMP with a simple dynamic scheduling (converse-level notification) but not using node-level queue
Info: 49.6719 MB of memory in use based on /proc/self/stat
Info: Configuration file is /gpfs/work/m/mfa5147/OptMAVEn2.0/input_files/namd_relaxation.conf
Info: Changed directory to /gpfs/work/m/mfa5147/OptMAVEn2.0/input_files
TCL: Suspending until startup complete.
Info: SIMULATION PARAMETERS:
Info: TIMESTEP               2
Info: NUMBER OF STEPS        0
Info: STEPS PER CYCLE        25
Info: LOAD BALANCER  Centralized
Info: LOAD BALANCING STRATEGY  New Load Balancers -- DEFAULT
Info: LDB PERIOD             5000 steps
Info: FIRST LDB TIMESTEP     125
Info: LAST LDB TIMESTEP     -1
Info: LDB BACKGROUND SCALING 1
Info: HOM BACKGROUND SCALING 1
Info: MIN ATOMS PER PATCH    40
Info: INITIAL TEMPERATURE    0
Info: CENTER OF MASS MOVING INITIALLY? NO
Info: DIELECTRIC             1
Info: EXCLUDE                SCALED ONE-FOUR
Info: 1-4 ELECTROSTATICS SCALED BY 1
Info: MODIFIED 1-4 VDW PARAMETERS WILL BE USED
Info: NO DCD TRAJECTORY OUTPUT
Info: NO EXTENDED SYSTEM TRAJECTORY OUTPUT
Info: NO VELOCITY DCD OUTPUT
Info: NO FORCE DCD OUTPUT
Info: OUTPUT FILENAME        /gpfs/work/m/mfa5147/OptMAVEn2.0/experiments/rep1_2zuq_20/structures/relaxed_MoleculeA
Info: NO RESTART FILE
Info: SWITCHING ACTIVE
Info: SWITCHING ON           10
Info: SWITCHING OFF          12
Info: PAIRLIST DISTANCE      14
Info: PAIRLIST SHRINK RATE   0.01
Info: PAIRLIST GROW RATE     0.01
Info: PAIRLIST TRIGGER       0.3
Info: PAIRLISTS PER CYCLE    2
Info: PAIRLISTS ENABLED
Info: MARGIN                 0
Info: HYDROGEN GROUP CUTOFF  2.5
Info: PATCH DIMENSION        20
Info: CROSSTERM ENERGY INCLUDED IN DIHEDRAL
Info: TIMING OUTPUT STEPS    125
Info: PRESSURE OUTPUT STEPS  1
Info: GBIS GENERALIZED BORN IMPLICIT SOLVENT ACTIVE
Info: GBIS SOLVENT DIELECTRIC: 78.5
Info: GBIS PROTEIN DIELECTRIC: 1
Info: GBIS COULOMB RADIUS OFFSET: 0.09 Ang
Info: GBIS ION CONCENTRATION: 0.2 M
Info: GBIS DEBYE SCREENING LENGTH: 6.82308 Ang
Info: GBIS DELTA: 1
Info: GBIS BETA: 0.8
Info: GBIS GAMMA: 4.85
Info: GBIS BORN RADIUS CUTOFF: 20 Ang
Info: GBIS MAX BORN RADIUS: 30 Ang
Info: LANGEVIN DYNAMICS ACTIVE
Info: LANGEVIN TEMPERATURE   310
Info: LANGEVIN USING BBK INTEGRATOR
Info: LANGEVIN DAMPING COEFFICIENT IS 1 INVERSE PS
Info: LANGEVIN DYNAMICS NOT APPLIED TO HYDROGENS
Info: CONJUGATE GRADIENT MINIMIZATION ACTIVE
Info: LINE MINIMIZATION GOAL = 0.001
Info: BABY STEP SIZE = 0.001
Info: TINY STEP SIZE = 1e-06
Info: FULL ELECTROSTATIC EVALUATION FREQUENCY      25
Info: USING VERLET I (r-RESPA) MTS SCHEME.
Info: C1 SPLITTING OF LONG RANGE ELECTROSTATICS
Info: PLACING ATOMS IN PATCHES BY HYDROGEN GROUPS
Info: RIGID BONDS TO HYDROGEN : ALL
Info:         ERROR TOLERANCE : 1e-08
Info:          MAX ITERATIONS : 100
Info: RIGID WATER USING SETTLE ALGORITHM
Info: RANDOM NUMBER SEED     1496544665
Info: USE HYDROGEN BONDS?    NO
Info: COORDINATE PDB         /gpfs/work/m/mfa5147/OptMAVEn2.0/experiments/rep1_2zuq_20/structures/relaxed_MoleculeA.coor
Info: STRUCTURE FILE         /gpfs/work/m/mfa5147/OptMAVEn2.0/experiments/rep1_2zuq_20/structures/MoleculeA.psf
Info: PARAMETER file: CHARMM format! 
Info: PARAMETERS             /gpfs/work/m/mfa5147/OptMAVEn2.0/input_files/par_all27_prot_na.prm
Info: USING ARITHMETIC MEAN TO COMBINE L-J SIGMA PARAMETERS
Info: SUMMARY OF PARAMETERS:
Info: 258 BONDS
Info: 666 ANGLES
Info: 1134 DIHEDRAL
Info: 70 IMPROPER
Info: 6 CROSSTERM
Info: 167 VDW
Info: 0 VDW_PAIRS
Info: 0 NBTHOLE_PAIRS
Info: TIME FOR READING PSF FILE: 0.112003
Info: Reading pdb file /gpfs/work/m/mfa5147/OptMAVEn2.0/experiments/rep1_2zuq_20/structures/relaxed_MoleculeA.coor
Info: TIME FOR READING PDB FILE: 0.0030129
Info: 
Info: ****************************
Info: STRUCTURE SUMMARY:
Info: 2390 ATOMS
Info: 2426 BONDS
Info: 4407 ANGLES
Info: 6456 DIHEDRALS
Info: 349 IMPROPERS
Info: 146 CROSSTERMS
Info: 0 EXCLUSIONS
Info: 1214 RIGID BONDS
Info: 5956 DEGREES OF FREEDOM
Info: 1176 HYDROGEN GROUPS
Info: 4 ATOMS IN LARGEST HYDROGEN GROUP
Info: 1176 MIGRATION GROUPS
Info: 4 ATOMS IN LARGEST MIGRATION GROUP
Info: TOTAL MASS = 16652.1 amu
Info: TOTAL CHARGE = -0.999999 e
Info: *****************************
Info: 
Info: Entering startup at 0.143203 s, 148.027 MB of memory in use
Info: Startup phase 0 took 6.00815e-05 s, 148.027 MB of memory in use
Info: ADDED 13146 IMPLICIT EXCLUSIONS
Info: Startup phase 1 took 0.0024879 s, 149.094 MB of memory in use
Info: NONBONDED TABLE R-SQUARED SPACING: 0.0625
Info: NONBONDED TABLE SIZE: 769 POINTS
Info: ABSOLUTE IMPRECISION IN FAST TABLE ENERGY: 2.53117e-21 AT 11.9974
Info: RELATIVE IMPRECISION IN FAST TABLE ENERGY: 1.68907e-16 AT 11.9974
Info: INCONSISTENCY IN FAST TABLE ENERGY VS FORCE: 0.000290274 AT 0.251946
Info: ABSOLUTE IMPRECISION IN VDWA TABLE ENERGY: 4.59334e-32 AT 11.9974
Info: RELATIVE IMPRECISION IN VDWA TABLE ENERGY: 7.4108e-17 AT 11.9974
Info: INCONSISTENCY IN VDWA TABLE ENERGY VS FORCE: 0.0040507 AT 0.251946
Info: ABSOLUTE IMPRECISION IN VDWB TABLE ENERGY: 1.53481e-26 AT 11.9974
Info: RELATIVE IMPRECISION IN VDWB TABLE ENERGY: 7.96691e-18 AT 11.9974
Info: INCONSISTENCY IN VDWB TABLE ENERGY VS FORCE: 0.00150189 AT 0.251946
Info: Startup phase 2 took 0.00119901 s, 150.305 MB of memory in use
Info: Startup phase 3 took 4.69685e-05 s, 150.305 MB of memory in use
Info: Startup phase 4 took 4.50611e-05 s, 150.305 MB of memory in use
Info: Startup phase 5 took 3.88622e-05 s, 150.305 MB of memory in use
Info: ORIGINAL ATOMS MINMAX IS -82.042 -26.273 -120.806  -39.705 13.625 -64.071
Info: ADJUSTED ATOMS MINMAX IS -74.6664 -19.8846 -113.325  -43.1326 5.57162 -74.2995
Info: PATCH GRID IS 2 BY 2 BY 2
Info: PATCH GRID IS 1-AWAY BY 1-AWAY BY 1-AWAY
Info: REMOVING COM VELOCITY 0 0 0
Info: LARGEST PATCH (0) HAS 580 ATOMS
Info: TORUS A SIZE 1 USING 0
Info: TORUS B SIZE 1 USING 0
Info: TORUS C SIZE 1 USING 0
Info: TORUS MINIMAL MESH SIZE IS 1 BY 1 BY 1
Info: Placed 100% of base nodes on same physical node as patch
Info: Startup phase 6 took 0.00135922 s, 150.492 MB of memory in use
Info: Startup phase 7 took 4.79221e-05 s, 150.492 MB of memory in use
Info: Startup phase 8 took 4.19617e-05 s, 150.492 MB of memory in use
LDB: Central LB being created...
Info: Startup phase 9 took 5.6982e-05 s, 150.492 MB of memory in use
Info: CREATING 81 COMPUTE OBJECTS
Info: Startup phase 10 took 0.000371933 s, 150.621 MB of memory in use
Info: Startup phase 11 took 5.10216e-05 s, 150.621 MB of memory in use
Info: Startup phase 12 took 7.29561e-05 s, 151.879 MB of memory in use
Info: Finished startup at 0.149083 s, 151.879 MB of memory in use

TCL: Minimizing for 50 steps
Warning: Low global exclusion count!  (13144 vs 13146)
Warning: This warning is not unusual during minimization.
Warning: Increasing pairlistdist or cutoff may avoid this.
PRESSURE: 0 0 0 0 0 0 0 0 0 0
GPRESSURE: 0 0 0 0 0 0 0 0 0 0
ETITLE:      TS           BOND          ANGLE          DIHED          IMPRP               ELECT            VDW       BOUNDARY           MISC        KINETIC               TOTAL           TEMP      POTENTIAL         TOTAL3        TEMPAVG

ENERGY:       0     37162.9750      1122.5873       768.9223         4.4635          -2378.6704      4997.0612         0.0000         0.0000         0.0000          41677.3390         0.0000     41677.3390     41677.3390         0.0000

MINIMIZER SLOWLY MOVING 12 ATOMS WITH BAD CONTACTS DOWNHILL
Warning: Low global exclusion count!  (13144 vs 13146)
Warning: This warning is not unusual during minimization.
Warning: Increasing pairlistdist or cutoff may avoid this.
PRESSURE: 1 0 0 0 0 0 0 0 0 0
GPRESSURE: 1 0 0 0 0 0 0 0 0 0
ENERGY:       1     35704.0437      1101.1219       769.1493         4.8584          -2377.4986      3067.0916         0.0000         0.0000         0.0000          38268.7664         0.0000     38268.7664     38268.7664         0.0000

MINIMIZER SLOWLY MOVING 8 ATOMS WITH BAD CONTACTS DOWNHILL
Warning: Low global exclusion count!  (13145 vs 13146)
Warning: This warning is not unusual during minimization.
Warning: Increasing pairlistdist or cutoff may avoid this.
PRESSURE: 2 0 0 0 0 0 0 0 0 0
GPRESSURE: 2 0 0 0 0 0 0 0 0 0
ENERGY:       2     34277.2267      1085.4277       769.6596         4.8720          -2376.5403      2486.0244         0.0000         0.0000         0.0000          36246.6702         0.0000     36246.6702     36246.6702         0.0000

MINIMIZER SLOWLY MOVING 2 ATOMS WITH BAD CONTACTS DOWNHILL
PRESSURE: 3 0 0 0 0 0 0 0 0 0
GPRESSURE: 3 0 0 0 0 0 0 0 0 0
ENERGY:       3     32882.2981      1072.2511       769.8225         4.8947          -2375.4348      2487.7809         0.0000         0.0000         0.0000          34841.6125         0.0000     34841.6125     34841.6125         0.0000

MINIMIZER SLOWLY MOVING 2 ATOMS WITH BAD CONTACTS DOWNHILL
PRESSURE: 4 0 0 0 0 0 0 0 0 0
GPRESSURE: 4 0 0 0 0 0 0 0 0 0
ENERGY:       4     31517.9482      1064.3938       769.9067         4.9288          -2374.3398      2490.7499         0.0000         0.0000         0.0000          33473.5876         0.0000     33473.5876     33473.5876         0.0000

MINIMIZER SLOWLY MOVING 2 ATOMS WITH BAD CONTACTS DOWNHILL
PRESSURE: 5 0 0 0 0 0 0 0 0 0
GPRESSURE: 5 0 0 0 0 0 0 0 0 0
ENERGY:       5     30182.7168      1060.8270       769.8191         4.9776          -2373.2648      2495.6866         0.0000         0.0000         0.0000          32140.7623         0.0000     32140.7623     32140.7623         0.0000

MINIMIZER SLOWLY MOVING 2 ATOMS WITH BAD CONTACTS DOWNHILL
PRESSURE: 6 0 0 0 0 0 0 0 0 0
GPRESSURE: 6 0 0 0 0 0 0 0 0 0
ENERGY:       6     28875.4696      1058.1446       769.4774         5.0446          -2372.2086      2503.8582         0.0000         0.0000         0.0000          30839.7859         0.0000     30839.7859     30839.7859         0.0000

MINIMIZER SLOWLY MOVING 2 ATOMS WITH BAD CONTACTS DOWNHILL
PRESSURE: 7 0 0 0 0 0 0 0 0 0
GPRESSURE: 7 0 0 0 0 0 0 0 0 0
ENERGY:       7     27595.5012      1051.6138       769.0691         5.1253          -2371.1653      2517.3559         0.0000         0.0000         0.0000          29567.5000         0.0000     29567.5000     29567.5000         0.0000

MINIMIZER SLOWLY MOVING 2 ATOMS WITH BAD CONTACTS DOWNHILL
PRESSURE: 8 0 0 0 0 0 0 0 0 0
GPRESSURE: 8 0 0 0 0 0 0 0 0 0
ENERGY:       8     26342.5899      1041.7657       768.8898         5.1908          -2370.1290      2539.4076         0.0000         0.0000         0.0000          28327.7147         0.0000     28327.7147     28327.7147         0.0000

MINIMIZER SLOWLY MOVING 2 ATOMS WITH BAD CONTACTS DOWNHILL
PRESSURE: 9 0 0 0 0 0 0 0 0 0
GPRESSURE: 9 0 0 0 0 0 0 0 0 0
ENERGY:       9     25117.3523      1033.5646       768.8799         5.2022          -2369.0957      2574.5515         0.0000         0.0000         0.0000          27130.4547         0.0000     27130.4547     27130.4547         0.0000

MINIMIZER SLOWLY MOVING 2 ATOMS WITH BAD CONTACTS DOWNHILL
PRESSURE: 10 0 0 0 0 0 0 0 0 0
GPRESSURE: 10 0 0 0 0 0 0 0 0 0
ETITLE:      TS           BOND          ANGLE          DIHED          IMPRP               ELECT            VDW       BOUNDARY           MISC        KINETIC               TOTAL           TEMP      POTENTIAL         TOTAL3        TEMPAVG

ENERGY:      10     23921.5880      1030.1569       768.9338         5.1225          -2368.0601      2628.1363         0.0000         0.0000         0.0000          25985.8775         0.0000     25985.8775     25985.8775         0.0000

MINIMIZER SLOWLY MOVING 2 ATOMS WITH BAD CONTACTS DOWNHILL
PRESSURE: 11 0 0 0 0 0 0 0 0 0
GPRESSURE: 11 0 0 0 0 0 0 0 0 0
ENERGY:      11     22759.0539      1032.3776       769.0025         4.9022          -2367.0234      2703.1703         0.0000         0.0000         0.0000          24901.4831         0.0000     24901.4831     24901.4831         0.0000

MINIMIZER SLOWLY MOVING 2 ATOMS WITH BAD CONTACTS DOWNHILL
PRESSURE: 12 0 0 0 0 0 0 0 0 0
GPRESSURE: 12 0 0 0 0 0 0 0 0 0
ENERGY:      12     21637.6008      1039.8308       769.0461         4.4907          -2365.9957      2792.4913         0.0000         0.0000         0.0000          23877.4641         0.0000     23877.4641     23877.4641         0.0000

MINIMIZER SLOWLY MOVING 2 ATOMS WITH BAD CONTACTS DOWNHILL
PRESSURE: 13 0 0 0 0 0 0 0 0 0
GPRESSURE: 13 0 0 0 0 0 0 0 0 0
ENERGY:      13     20569.6588      1051.5201       769.0154         3.9080          -2364.9958      2874.4491         0.0000         0.0000         0.0000          22903.5555         0.0000     22903.5555     22903.5555         0.0000

MINIMIZER GIVING UP ON 3 ATOMS WITH BAD CONTACTS
MINIMIZER STARTING CONJUGATE GRADIENT ALGORITHM
LINE MINIMIZER REDUCING GRADIENT FROM 4.5519e+07 TO 45519
PRESSURE: 14 0 0 0 0 0 0 0 0 0
GPRESSURE: 14 0 0 0 0 0 0 0 0 0
ENERGY:      14     19784.7757      1051.4389       768.4314         3.8513          -2367.3414      2111.7397         0.0000         0.0000         0.0000          21352.8957         0.0000     21352.8957     21352.8957         0.0000

PRESSURE: 15 0 0 0 0 0 0 0 0 0
GPRESSURE: 15 0 0 0 0 0 0 0 0 0
ENERGY:      15     19024.0898      1060.0007       768.0796         4.2147          -2369.6837      1685.9581         0.0000         0.0000         0.0000          20172.6593         0.0000     20172.6593     20172.6593         0.0000

MINIMIZER RESTARTING CONJUGATE GRADIENT ALGORITHM DUE TO POOR PROGRESS
LINE MINIMIZER REDUCING GRADIENT FROM 3.94562e+07 TO 39456.2
PRESSURE: 16 0 0 0 0 0 0 0 0 0
GPRESSURE: 16 0 0 0 0 0 0 0 0 0
ENERGY:      16     18252.5442      1071.5444       767.7797         4.3762          -2370.8094      1652.0911         0.0000         0.0000         0.0000          19377.5262         0.0000     19377.5262     19377.5262         0.0000

MINIMIZER RESTARTING CONJUGATE GRADIENT ALGORITHM DUE TO POOR PROGRESS
LINE MINIMIZER REDUCING GRADIENT FROM 3.66274e+07 TO 36627.4
PRESSURE: 17 0 0 0 0 0 0 0 0 0
GPRESSURE: 17 0 0 0 0 0 0 0 0 0
ENERGY:      17     17506.5557      1084.6442       767.4055         4.5559          -2372.0880      1615.8755         0.0000         0.0000         0.0000          18606.9488         0.0000     18606.9488     18606.9488         0.0000

MINIMIZER RESTARTING CONJUGATE GRADIENT ALGORITHM DUE TO POOR PROGRESS
LINE MINIMIZER REDUCING GRADIENT FROM 3.41551e+07 TO 34155.1
PRESSURE: 18 0 0 0 0 0 0 0 0 0
GPRESSURE: 18 0 0 0 0 0 0 0 0 0
ENERGY:      18     16787.3100      1098.6913       766.9856         4.7674          -2373.5161      1575.2542         0.0000         0.0000         0.0000          17859.4924         0.0000     17859.4924     17859.4924         0.0000

MINIMIZER RESTARTING CONJUGATE GRADIENT ALGORITHM DUE TO POOR PROGRESS
LINE MINIMIZER REDUCING GRADIENT FROM 3.18994e+07 TO 31899.4
PRESSURE: 19 0 0 0 0 0 0 0 0 0
GPRESSURE: 19 0 0 0 0 0 0 0 0 0
ENERGY:      19     16094.7324      1113.1959       766.6894         5.0221          -2375.0844      1530.3375         0.0000         0.0000         0.0000          17134.8929         0.0000     17134.8929     17134.8929         0.0000

MINIMIZER RESTARTING CONJUGATE GRADIENT ALGORITHM DUE TO POOR PROGRESS
LINE MINIMIZER REDUCING GRADIENT FROM 2.97424e+07 TO 29742.4
PRESSURE: 20 0 0 0 0 0 0 0 0 0
GPRESSURE: 20 0 0 0 0 0 0 0 0 0
ETITLE:      TS           BOND          ANGLE          DIHED          IMPRP               ELECT            VDW       BOUNDARY           MISC        KINETIC               TOTAL           TEMP      POTENTIAL         TOTAL3        TEMPAVG

ENERGY:      20     15427.7993      1127.7559       766.5642         5.3254          -2376.7799      1482.3423         0.0000         0.0000         0.0000          16433.0072         0.0000     16433.0072     16433.0072         0.0000

MINIMIZER RESTARTING CONJUGATE GRADIENT ALGORITHM DUE TO POOR PROGRESS
LINE MINIMIZER REDUCING GRADIENT FROM 2.7655e+07 TO 27655
PRESSURE: 21 0 0 0 0 0 0 0 0 0
GPRESSURE: 21 0 0 0 0 0 0 0 0 0
ENERGY:      21     14785.1926      1142.0882       766.2047         5.6769          -2378.5866      1432.7549         0.0000         0.0000         0.0000          15753.3307         0.0000     15753.3307     15753.3307         0.0000

MINIMIZER RESTARTING CONJUGATE GRADIENT ALGORITHM DUE TO POOR PROGRESS
LINE MINIMIZER REDUCING GRADIENT FROM 2.5654e+07 TO 25654
PRESSURE: 22 0 0 0 0 0 0 0 0 0
GPRESSURE: 22 0 0 0 0 0 0 0 0 0
ENERGY:      22     14165.7481      1155.9039       765.3735         6.0696          -2380.5020      1382.8980         0.0000         0.0000         0.0000          15095.4911         0.0000     15095.4911     15095.4911         0.0000

MINIMIZER RESTARTING CONJUGATE GRADIENT ALGORITHM DUE TO POOR PROGRESS
LINE MINIMIZER REDUCING GRADIENT FROM 2.36751e+07 TO 23675.1
PRESSURE: 23 0 0 0 0 0 0 0 0 0
GPRESSURE: 23 0 0 0 0 0 0 0 0 0
ENERGY:      23     13567.9142      1169.0906       764.6212         6.4987          -2382.5031      1333.2334         0.0000         0.0000         0.0000          14458.8550         0.0000     14458.8550     14458.8550         0.0000

MINIMIZER RESTARTING CONJUGATE GRADIENT ALGORITHM DUE TO POOR PROGRESS
LINE MINIMIZER REDUCING GRADIENT FROM 2.17266e+07 TO 21726.6
PRESSURE: 24 0 0 0 0 0 0 0 0 0
GPRESSURE: 24 0 0 0 0 0 0 0 0 0
ENERGY:      24     12989.9576      1181.4840       763.8721         6.9602          -2384.5789      1284.1171         0.0000         0.0000         0.0000          13841.8121         0.0000     13841.8121     13841.8121         0.0000

LDB: ============= START OF LOAD BALANCING ============== 3.96218
LDB: ============== END OF LOAD BALANCING =============== 3.9622
LDB: =============== DONE WITH MIGRATION ================ 3.96233
MINIMIZER RESTARTING CONJUGATE GRADIENT ALGORITHM DUE TO POOR PROGRESS
LINE MINIMIZER REDUCING GRADIENT FROM 1.98647e+07 TO 19864.7
PRESSURE: 25 0 0 0 0 0 0 0 0 0
GPRESSURE: 25 0 0 0 0 0 0 0 0 0
ENERGY:      25     12430.3423      1193.0470       763.2891         7.4488          -2386.7255      1235.9295         0.0000         0.0000         0.0000          13243.3312         0.0000     13243.3312     13243.3312         0.0000

MINIMIZER RESTARTING CONJUGATE GRADIENT ALGORITHM DUE TO POOR PROGRESS
LINE MINIMIZER REDUCING GRADIENT FROM 1.80679e+07 TO 18067.9
PRESSURE: 26 0 0 0 0 0 0 0 0 0
GPRESSURE: 26 0 0 0 0 0 0 0 0 0
ENERGY:      26     11886.9832      1203.7292       762.6905         7.9622          -2388.9390      1188.7438         0.0000         0.0000         0.0000          12661.1698         0.0000     12661.1698     12661.1698         0.0000

MINIMIZER RESTARTING CONJUGATE GRADIENT ALGORITHM DUE TO POOR PROGRESS
LINE MINIMIZER REDUCING GRADIENT FROM 1.64002e+07 TO 16400.2
PRESSURE: 27 0 0 0 0 0 0 0 0 0
GPRESSURE: 27 0 0 0 0 0 0 0 0 0
ENERGY:      27     11358.2601      1213.6253       761.9039         8.4974          -2391.2112      1142.7107         0.0000         0.0000         0.0000          12093.7861         0.0000     12093.7861     12093.7861         0.0000

MINIMIZER RESTARTING CONJUGATE GRADIENT ALGORITHM DUE TO POOR PROGRESS
LINE MINIMIZER REDUCING GRADIENT FROM 1.48233e+07 TO 14823.3
PRESSURE: 28 0 0 0 0 0 0 0 0 0
GPRESSURE: 28 0 0 0 0 0 0 0 0 0
ENERGY:      28     10841.6300      1222.7478       761.0171         9.0551          -2393.5437      1097.7066         0.0000         0.0000         0.0000          11538.6129         0.0000     11538.6129     11538.6129         0.0000

MINIMIZER RESTARTING CONJUGATE GRADIENT ALGORITHM DUE TO POOR PROGRESS
LINE MINIMIZER REDUCING GRADIENT FROM 1.33691e+07 TO 13369.1
PRESSURE: 29 0 0 0 0 0 0 0 0 0
GPRESSURE: 29 0 0 0 0 0 0 0 0 0
ENERGY:      29     10334.7048      1231.1802       759.8046         9.6374          -2395.9360      1053.6358         0.0000         0.0000         0.0000          10993.0267         0.0000     10993.0267     10993.0267         0.0000

MINIMIZER RESTARTING CONJUGATE GRADIENT ALGORITHM DUE TO POOR PROGRESS
LINE MINIMIZER REDUCING GRADIENT FROM 1.20249e+07 TO 12024.9
PRESSURE: 30 0 0 0 0 0 0 0 0 0
GPRESSURE: 30 0 0 0 0 0 0 0 0 0
ETITLE:      TS           BOND          ANGLE          DIHED          IMPRP               ELECT            VDW       BOUNDARY           MISC        KINETIC               TOTAL           TEMP      POTENTIAL         TOTAL3        TEMPAVG

ENERGY:      30      9834.4735      1238.9648       758.6638        10.2485          -2398.3928      1010.2942         0.0000         0.0000         0.0000          10454.2520         0.0000     10454.2520     10454.2520         0.0000

MINIMIZER RESTARTING CONJUGATE GRADIENT ALGORITHM DUE TO POOR PROGRESS
LINE MINIMIZER REDUCING GRADIENT FROM 1.07731e+07 TO 10773.1
PRESSURE: 31 0 0 0 0 0 0 0 0 0
GPRESSURE: 31 0 0 0 0 0 0 0 0 0
ENERGY:      31      9336.9889      1246.0726       757.6947        10.8859          -2400.9204       967.4034         0.0000         0.0000         0.0000           9918.1250         0.0000      9918.1250      9918.1250         0.0000

MINIMIZER RESTARTING CONJUGATE GRADIENT ALGORITHM DUE TO POOR PROGRESS
LINE MINIMIZER REDUCING GRADIENT FROM 9.64694e+06 TO 9646.94
PRESSURE: 32 0 0 0 0 0 0 0 0 0
GPRESSURE: 32 0 0 0 0 0 0 0 0 0
ENERGY:      32      8839.2057      1252.6005       756.4112        11.5572          -2403.5291       924.7828         0.0000         0.0000         0.0000           9381.0283         0.0000      9381.0283      9381.0283         0.0000

MINIMIZER RESTARTING CONJUGATE GRADIENT ALGORITHM DUE TO POOR PROGRESS
LINE MINIMIZER REDUCING GRADIENT FROM 8.62966e+06 TO 8629.66
PRESSURE: 33 0 0 0 0 0 0 0 0 0
GPRESSURE: 33 0 0 0 0 0 0 0 0 0
ENERGY:      33      8337.7889      1258.6263       754.7777        12.2782          -2406.2338       882.2060         0.0000         0.0000         0.0000           8839.4434         0.0000      8839.4434      8839.4434         0.0000

MINIMIZER RESTARTING CONJUGATE GRADIENT ALGORITHM DUE TO POOR PROGRESS
LINE MINIMIZER REDUCING GRADIENT FROM 7.68537e+06 TO 7685.37
PRESSURE: 34 0 0 0 0 0 0 0 0 0
GPRESSURE: 34 0 0 0 0 0 0 0 0 0
ENERGY:      34      7827.9638      1264.0916       753.5695        13.0432          -2409.0588       839.3593         0.0000         0.0000         0.0000           8288.9685         0.0000      8288.9685      8288.9685         0.0000

MINIMIZER RESTARTING CONJUGATE GRADIENT ALGORITHM DUE TO POOR PROGRESS
LINE MINIMIZER REDUCING GRADIENT FROM 6.80626e+06 TO 6806.26
PRESSURE: 35 0 0 0 0 0 0 0 0 0
GPRESSURE: 35 0 0 0 0 0 0 0 0 0
ENERGY:      35      7309.8761      1268.8588       753.0426        13.8180          -2412.0095       796.3585         0.0000         0.0000         0.0000           7729.9444         0.0000      7729.9444      7729.9444         0.0000

MINIMIZER RESTARTING CONJUGATE GRADIENT ALGORITHM DUE TO POOR PROGRESS
LINE MINIMIZER REDUCING GRADIENT FROM 6.0046e+06 TO 6004.6
PRESSURE: 36 0 0 0 0 0 0 0 0 0
GPRESSURE: 36 0 0 0 0 0 0 0 0 0
ENERGY:      36      6849.8528      1272.3609       752.7375        14.5014          -2414.6987       758.7223         0.0000         0.0000         0.0000           7233.4762         0.0000      7233.4762      7233.4762         0.0000

MINIMIZER RESTARTING CONJUGATE GRADIENT ALGORITHM DUE TO POOR PROGRESS
LINE MINIMIZER REDUCING GRADIENT FROM 5.3548e+06 TO 5354.8
PRESSURE: 37 0 0 0 0 0 0 0 0 0
GPRESSURE: 37 0 0 0 0 0 0 0 0 0
ENERGY:      37      6432.1552      1274.5848       752.4768        15.1465          -2417.2376       724.7898         0.0000         0.0000         0.0000           6781.9155         0.0000      6781.9155      6781.9155         0.0000

MINIMIZER RESTARTING CONJUGATE GRADIENT ALGORITHM DUE TO POOR PROGRESS
LINE MINIMIZER REDUCING GRADIENT FROM 4.80078e+06 TO 4800.78
PRESSURE: 38 0 0 0 0 0 0 0 0 0
GPRESSURE: 38 0 0 0 0 0 0 0 0 0
ENERGY:      38      6047.5525      1275.8581       752.2077        15.7798          -2419.6996       693.5248         0.0000         0.0000         0.0000           6365.2234         0.0000      6365.2234      6365.2234         0.0000

MINIMIZER RESTARTING CONJUGATE GRADIENT ALGORITHM DUE TO POOR PROGRESS
LINE MINIMIZER REDUCING GRADIENT FROM 4.31365e+06 TO 4313.65
PRESSURE: 39 0 0 0 0 0 0 0 0 0
GPRESSURE: 39 0 0 0 0 0 0 0 0 0
ENERGY:      39      5690.1317      1276.4716       751.9347        16.4135          -2422.1285       664.2926         0.0000         0.0000         0.0000           5977.1156         0.0000      5977.1156      5977.1156         0.0000

MINIMIZER RESTARTING CONJUGATE GRADIENT ALGORITHM DUE TO POOR PROGRESS
LINE MINIMIZER REDUCING GRADIENT FROM 3.87732e+06 TO 3877.32
PRESSURE: 40 0 0 0 0 0 0 0 0 0
GPRESSURE: 40 0 0 0 0 0 0 0 0 0
ETITLE:      TS           BOND          ANGLE          DIHED          IMPRP               ELECT            VDW       BOUNDARY           MISC        KINETIC               TOTAL           TEMP      POTENTIAL         TOTAL3        TEMPAVG

ENERGY:      40      5355.8556      1276.6321       751.6579        17.0539          -2424.5565       636.6745         0.0000         0.0000         0.0000           5613.3174         0.0000      5613.3174      5613.3174         0.0000

MINIMIZER RESTARTING CONJUGATE GRADIENT ALGORITHM DUE TO POOR PROGRESS
LINE MINIMIZER REDUCING GRADIENT FROM 3.48196e+06 TO 3481.96
PRESSURE: 41 0 0 0 0 0 0 0 0 0
GPRESSURE: 41 0 0 0 0 0 0 0 0 0
ENERGY:      41      5041.8341      1276.5021       751.3746        17.7049          -2427.0050       610.3676         0.0000         0.0000         0.0000           5270.7783         0.0000      5270.7783      5270.7783         0.0000

MINIMIZER RESTARTING CONJUGATE GRADIENT ALGORITHM DUE TO POOR PROGRESS
LINE MINIMIZER REDUCING GRADIENT FROM 3.12123e+06 TO 3121.23
PRESSURE: 42 0 0 0 0 0 0 0 0 0
GPRESSURE: 42 0 0 0 0 0 0 0 0 0
ENERGY:      42      4745.9131      1276.2190       751.0798        18.3688          -2429.4902       585.1391         0.0000         0.0000         0.0000           4947.2295         0.0000      4947.2295      4947.2295         0.0000

MINIMIZER RESTARTING CONJUGATE GRADIENT ALGORITHM DUE TO POOR PROGRESS
LINE MINIMIZER REDUCING GRADIENT FROM 2.79089e+06 TO 2790.89
PRESSURE: 43 0 0 0 0 0 0 0 0 0
GPRESSURE: 43 0 0 0 0 0 0 0 0 0
ENERGY:      43      4466.4337      1275.9049       750.7658        19.0465          -2432.0264       560.8062         0.0000         0.0000         0.0000           4640.9307         0.0000      4640.9307      4640.9307         0.0000

MINIMIZER RESTARTING CONJUGATE GRADIENT ALGORITHM DUE TO POOR PROGRESS
LINE MINIMIZER REDUCING GRADIENT FROM 2.48801e+06 TO 2488.01
PRESSURE: 44 0 0 0 0 0 0 0 0 0
GPRESSURE: 44 0 0 0 0 0 0 0 0 0
ENERGY:      44      4202.0740      1275.6737       750.4219        19.7373          -2434.6262       537.2216         0.0000         0.0000         0.0000           4350.5024         0.0000      4350.5024      4350.5024         0.0000

MINIMIZER RESTARTING CONJUGATE GRADIENT ALGORITHM DUE TO POOR PROGRESS
LINE MINIMIZER REDUCING GRADIENT FROM 2.2104e+06 TO 2210.4
PRESSURE: 45 0 0 0 0 0 0 0 0 0
GPRESSURE: 45 0 0 0 0 0 0 0 0 0
ENERGY:      45      3951.7471      1275.6350       750.0334        20.4376          -2437.3033       514.2676         0.0000         0.0000         0.0000           4074.8174         0.0000      4074.8174      4074.8174         0.0000

MINIMIZER RESTARTING CONJUGATE GRADIENT ALGORITHM DUE TO POOR PROGRESS
LINE MINIMIZER REDUCING GRADIENT FROM 1.95641e+06 TO 1956.41
PRESSURE: 46 0 0 0 0 0 0 0 0 0
GPRESSURE: 46 0 0 0 0 0 0 0 0 0
ENERGY:      46      3714.5326      1275.8952       749.5789        21.1397          -2440.0707       491.8512         0.0000         0.0000         0.0000           3812.9269         0.0000      3812.9269      3812.9269         0.0000

MINIMIZER RESTARTING CONJUGATE GRADIENT ALGORITHM DUE TO POOR PROGRESS
LINE MINIMIZER REDUCING GRADIENT FROM 1.7247e+06 TO 1724.7
PRESSURE: 47 0 0 0 0 0 0 0 0 0
GPRESSURE: 47 0 0 0 0 0 0 0 0 0
ENERGY:      47      3489.6324      1276.5569       749.0251        21.8298          -2442.9425       469.9012         0.0000         0.0000         0.0000           3564.0029         0.0000      3564.0029      3564.0029         0.0000

MINIMIZER RESTARTING CONJUGATE GRADIENT ALGORITHM DUE TO POOR PROGRESS
LINE MINIMIZER REDUCING GRADIENT FROM 1.51424e+06 TO 1514.24
PRESSURE: 48 0 0 0 0 0 0 0 0 0
GPRESSURE: 48 0 0 0 0 0 0 0 0 0
ENERGY:      48      3276.3389      1277.7220       748.3081        22.4840          -2445.9327       448.3617         0.0000         0.0000         0.0000           3327.2822         0.0000      3327.2822      3327.2822         0.0000

MINIMIZER RESTARTING CONJUGATE GRADIENT ALGORITHM DUE TO POOR PROGRESS
LINE MINIMIZER REDUCING GRADIENT FROM 1.32424e+06 TO 1324.24
PRESSURE: 49 0 0 0 0 0 0 0 0 0
GPRESSURE: 49 0 0 0 0 0 0 0 0 0
ENERGY:      49      3074.0280      1279.4820       747.3155        23.0663          -2449.0590       427.1897         0.0000         0.0000         0.0000           3102.0225         0.0000      3102.0225      3102.0225         0.0000

MINIMIZER RESTARTING CONJUGATE GRADIENT ALGORITHM DUE TO POOR PROGRESS
LINE MINIMIZER REDUCING GRADIENT FROM 1.15357e+06 TO 1153.57
PRESSURE: 50 0 0 0 0 0 0 0 0 0
GPRESSURE: 50 0 0 0 0 0 0 0 0 0
ETITLE:      TS           BOND          ANGLE          DIHED          IMPRP               ELECT            VDW       BOUNDARY           MISC        KINETIC               TOTAL           TEMP      POTENTIAL         TOTAL3        TEMPAVG

ENERGY:      50      3074.0280      1279.4820       747.3155        23.0663          -2449.0590       427.1897         0.0000         0.0000         0.0000           3102.0225         0.0000      3102.0225      3102.0225         0.0000

WRITING EXTENDED SYSTEM TO OUTPUT FILE AT STEP 50
WRITING COORDINATES TO OUTPUT FILE AT STEP 50
The last position output (seq=-2) takes 0.007 seconds, 158.953 MB of memory in use
WRITING VELOCITIES TO OUTPUT FILE AT STEP 50
The last velocity output (seq=-2) takes 0.014 seconds, 158.953 MB of memory in use
====================================================

WallClock: 7.966822  CPUTime: 7.939792  Memory: 158.953125 MB
[Partition 0][Node 0] End of program
