Charm++: standalone mode (not using charmrun)
Charm++> Running in Multicore mode:  1 threads
Charm++> Using recursive bisection (scheme 3) for topology aware partitions
Converse/Charm++ Commit ID: v6.7.1-0-gbdf6a1b-namd-charm-6.7.1-build-2016-Nov-07-136676
Warning> Randomization of stack pointer is turned on in kernel, thread migration may not work! Run 'echo 0 > /proc/sys/kernel/randomize_va_space' as root to disable it, or try run with '+isomalloc_sync'.  
CharmLB> Load balancer assumes all CPUs are same.
Charm++> Running on 1 unique compute nodes (12-way SMP).
Charm++> cpu topology info is gathered in 0.000 seconds.
Info: NAMD CVS-2016-12-28 for Linux-x86_64-multicore
Info: 
Info: Please visit http://www.ks.uiuc.edu/Research/namd/
Info: for updates, documentation, and support information.
Info: 
Info: Please cite Phillips et al., J. Comp. Chem. 26:1781-1802 (2005)
Info: in all publications reporting results obtained with NAMD.
Info: 
Info: Based on Charm++/Converse 60701 for multicore-linux64-iccstatic
Info: Built Wed Dec 28 02:08:02 CST 2016 by jim on canberra.ks.uiuc.edu
Info: 1 NAMD  CVS-2016-12-28  Linux-x86_64-multicore  1    lionxf162.hpc.rcc.psu.edu  mfa5147
Info: Running on 1 processors, 1 nodes, 1 physical nodes.
Info: CPU topology information available.
Info: Charm++/Converse parallel runtime startup completed at 0.00423312 s
CkLoopLib is used in SMP with a simple dynamic scheduling (converse-level notification) but not using node-level queue
Info: 49.6719 MB of memory in use based on /proc/self/stat
Info: Configuration file is /gpfs/work/m/mfa5147/OptMAVEn2.0/input_files/namd_relaxation.conf
Info: Changed directory to /gpfs/work/m/mfa5147/OptMAVEn2.0/input_files
TCL: Suspending until startup complete.
Info: SIMULATION PARAMETERS:
Info: TIMESTEP               2
Info: NUMBER OF STEPS        0
Info: STEPS PER CYCLE        25
Info: LOAD BALANCER  Centralized
Info: LOAD BALANCING STRATEGY  New Load Balancers -- DEFAULT
Info: LDB PERIOD             5000 steps
Info: FIRST LDB TIMESTEP     125
Info: LAST LDB TIMESTEP     -1
Info: LDB BACKGROUND SCALING 1
Info: HOM BACKGROUND SCALING 1
Info: MIN ATOMS PER PATCH    40
Info: INITIAL TEMPERATURE    0
Info: CENTER OF MASS MOVING INITIALLY? NO
Info: DIELECTRIC             1
Info: EXCLUDE                SCALED ONE-FOUR
Info: 1-4 ELECTROSTATICS SCALED BY 1
Info: MODIFIED 1-4 VDW PARAMETERS WILL BE USED
Info: NO DCD TRAJECTORY OUTPUT
Info: NO EXTENDED SYSTEM TRAJECTORY OUTPUT
Info: NO VELOCITY DCD OUTPUT
Info: NO FORCE DCD OUTPUT
Info: OUTPUT FILENAME        /gpfs/work/m/mfa5147/OptMAVEn2.0/experiments/rep1_2qhr_01/structures/relaxed_MoleculeA
Info: NO RESTART FILE
Info: SWITCHING ACTIVE
Info: SWITCHING ON           10
Info: SWITCHING OFF          12
Info: PAIRLIST DISTANCE      14
Info: PAIRLIST SHRINK RATE   0.01
Info: PAIRLIST GROW RATE     0.01
Info: PAIRLIST TRIGGER       0.3
Info: PAIRLISTS PER CYCLE    2
Info: PAIRLISTS ENABLED
Info: MARGIN                 0
Info: HYDROGEN GROUP CUTOFF  2.5
Info: PATCH DIMENSION        20
Info: CROSSTERM ENERGY INCLUDED IN DIHEDRAL
Info: TIMING OUTPUT STEPS    125
Info: PRESSURE OUTPUT STEPS  1
Info: GBIS GENERALIZED BORN IMPLICIT SOLVENT ACTIVE
Info: GBIS SOLVENT DIELECTRIC: 78.5
Info: GBIS PROTEIN DIELECTRIC: 1
Info: GBIS COULOMB RADIUS OFFSET: 0.09 Ang
Info: GBIS ION CONCENTRATION: 0.2 M
Info: GBIS DEBYE SCREENING LENGTH: 6.82308 Ang
Info: GBIS DELTA: 1
Info: GBIS BETA: 0.8
Info: GBIS GAMMA: 4.85
Info: GBIS BORN RADIUS CUTOFF: 20 Ang
Info: GBIS MAX BORN RADIUS: 30 Ang
Info: LANGEVIN DYNAMICS ACTIVE
Info: LANGEVIN TEMPERATURE   310
Info: LANGEVIN USING BBK INTEGRATOR
Info: LANGEVIN DAMPING COEFFICIENT IS 1 INVERSE PS
Info: LANGEVIN DYNAMICS NOT APPLIED TO HYDROGENS
Info: CONJUGATE GRADIENT MINIMIZATION ACTIVE
Info: LINE MINIMIZATION GOAL = 0.001
Info: BABY STEP SIZE = 0.001
Info: TINY STEP SIZE = 1e-06
Info: FULL ELECTROSTATIC EVALUATION FREQUENCY      25
Info: USING VERLET I (r-RESPA) MTS SCHEME.
Info: C1 SPLITTING OF LONG RANGE ELECTROSTATICS
Info: PLACING ATOMS IN PATCHES BY HYDROGEN GROUPS
Info: RIGID BONDS TO HYDROGEN : ALL
Info:         ERROR TOLERANCE : 1e-08
Info:          MAX ITERATIONS : 100
Info: RIGID WATER USING SETTLE ALGORITHM
Info: RANDOM NUMBER SEED     1497058548
Info: USE HYDROGEN BONDS?    NO
Info: COORDINATE PDB         /gpfs/work/m/mfa5147/OptMAVEn2.0/experiments/rep1_2qhr_01/structures/relaxed_MoleculeA.coor
Info: STRUCTURE FILE         /gpfs/work/m/mfa5147/OptMAVEn2.0/experiments/rep1_2qhr_01/structures/MoleculeA.psf
Info: PARAMETER file: CHARMM format! 
Info: PARAMETERS             /gpfs/work/m/mfa5147/OptMAVEn2.0/input_files/par_all27_prot_na.prm
Info: USING ARITHMETIC MEAN TO COMBINE L-J SIGMA PARAMETERS
Info: SUMMARY OF PARAMETERS:
Info: 258 BONDS
Info: 666 ANGLES
Info: 1134 DIHEDRAL
Info: 70 IMPROPER
Info: 6 CROSSTERM
Info: 167 VDW
Info: 0 VDW_PAIRS
Info: 0 NBTHOLE_PAIRS
Info: TIME FOR READING PSF FILE: 0.008425
Info: Reading pdb file /gpfs/work/m/mfa5147/OptMAVEn2.0/experiments/rep1_2qhr_01/structures/relaxed_MoleculeA.coor
Info: TIME FOR READING PDB FILE: 0.000288963
Info: 
Info: ****************************
Info: STRUCTURE SUMMARY:
Info: 185 ATOMS
Info: 186 BONDS
Info: 327 ANGLES
Info: 476 DIHEDRALS
Info: 46 IMPROPERS
Info: 9 CROSSTERMS
Info: 0 EXCLUSIONS
Info: 86 RIGID BONDS
Info: 469 DEGREES OF FREEDOM
Info: 99 HYDROGEN GROUPS
Info: 4 ATOMS IN LARGEST HYDROGEN GROUP
Info: 99 MIGRATION GROUPS
Info: 4 ATOMS IN LARGEST MIGRATION GROUP
Info: TOTAL MASS = 1405.43 amu
Info: TOTAL CHARGE = -1 e
Info: *****************************
Info: 
Info: Entering startup at 0.0364931 s, 147.27 MB of memory in use
Info: Startup phase 0 took 6.38962e-05 s, 147.27 MB of memory in use
Info: ADDED 979 IMPLICIT EXCLUSIONS
Info: Startup phase 1 took 0.000433207 s, 147.398 MB of memory in use
Info: NONBONDED TABLE R-SQUARED SPACING: 0.0625
Info: NONBONDED TABLE SIZE: 769 POINTS
Info: ABSOLUTE IMPRECISION IN FAST TABLE ENERGY: 2.53117e-21 AT 11.9974
Info: RELATIVE IMPRECISION IN FAST TABLE ENERGY: 1.68907e-16 AT 11.9974
Info: INCONSISTENCY IN FAST TABLE ENERGY VS FORCE: 0.000290274 AT 0.251946
Info: ABSOLUTE IMPRECISION IN VDWA TABLE ENERGY: 4.59334e-32 AT 11.9974
Info: RELATIVE IMPRECISION IN VDWA TABLE ENERGY: 7.4108e-17 AT 11.9974
Info: INCONSISTENCY IN VDWA TABLE ENERGY VS FORCE: 0.0040507 AT 0.251946
Info: ABSOLUTE IMPRECISION IN VDWB TABLE ENERGY: 1.53481e-26 AT 11.9974
Info: RELATIVE IMPRECISION IN VDWB TABLE ENERGY: 7.96691e-18 AT 11.9974
Info: INCONSISTENCY IN VDWB TABLE ENERGY VS FORCE: 0.00150189 AT 0.251946
Info: Startup phase 2 took 0.00119686 s, 148.652 MB of memory in use
Info: Startup phase 3 took 4.69685e-05 s, 148.652 MB of memory in use
Info: Startup phase 4 took 4.00543e-05 s, 148.652 MB of memory in use
Info: Startup phase 5 took 4.29153e-05 s, 148.652 MB of memory in use
Info: ORIGINAL ATOMS MINMAX IS 69.132 -27.843 46.289  95.286 -9.117 62.332
Info: ADJUSTED ATOMS MINMAX IS 72.113 -27.8099 48.024  93.923 -10.9811 60.664
Info: PATCH GRID IS 2 BY 2 BY 1
Info: PATCH GRID IS 1-AWAY BY 1-AWAY BY 1-AWAY
Info: REMOVING COM VELOCITY 0 0 0
Info: LARGEST PATCH (3) HAS 82 ATOMS
Info: TORUS A SIZE 1 USING 0
Info: TORUS B SIZE 1 USING 0
Info: TORUS C SIZE 1 USING 0
Info: TORUS MINIMAL MESH SIZE IS 1 BY 1 BY 1
Info: Placed 100% of base nodes on same physical node as patch
Info: Startup phase 6 took 0.000279188 s, 148.652 MB of memory in use
Info: Startup phase 7 took 4.3869e-05 s, 148.652 MB of memory in use
Info: Startup phase 8 took 4.1008e-05 s, 148.652 MB of memory in use
LDB: Central LB being created...
Info: Startup phase 9 took 5.60284e-05 s, 148.652 MB of memory in use
Info: CREATING 35 COMPUTE OBJECTS
Info: Startup phase 10 took 0.000303984 s, 148.781 MB of memory in use
Info: Startup phase 11 took 5.00679e-05 s, 148.781 MB of memory in use
Info: Startup phase 12 took 6.29425e-05 s, 149.5 MB of memory in use
Info: Finished startup at 0.0391541 s, 149.5 MB of memory in use

TCL: Minimizing for 50 steps
PRESSURE: 0 0 0 0 0 0 0 0 0 0
GPRESSURE: 0 0 0 0 0 0 0 0 0 0
ETITLE:      TS           BOND          ANGLE          DIHED          IMPRP               ELECT            VDW       BOUNDARY           MISC        KINETIC               TOTAL           TEMP      POTENTIAL         TOTAL3        TEMPAVG

ENERGY:       0        12.2311        30.2432        20.5571         0.3863          -1109.5244       -18.0538         0.0000         0.0000         0.0000          -1064.1606         0.0000     -1064.1606     -1064.1606         0.0000

MINIMIZER STARTING CONJUGATE GRADIENT ALGORITHM
LINE MINIMIZER REDUCING GRADIENT FROM 2261.38 TO 2.26138
PRESSURE: 1 0 0 0 0 0 0 0 0 0
GPRESSURE: 1 0 0 0 0 0 0 0 0 0
ENERGY:       1       120.7686        53.5409        21.8410         2.1089          -1111.8660       -16.6965         0.0000         0.0000         0.0000           -930.3031         0.0000      -930.3031      -930.3031         0.0000

LINE MINIMIZER BRACKET: DX 0 0.0548755 DU 0 133.858 DUDX -2261.38 -2261.38 4918.92 
PRESSURE: 2 0 0 0 0 0 0 0 0 0
GPRESSURE: 2 0 0 0 0 0 0 0 0 0
ENERGY:       2        18.4537        31.3719        20.6530         0.4852          -1109.9773       -17.8193         0.0000         0.0000         0.0000          -1056.8328         0.0000     -1056.8328     -1056.8328         0.0000

LINE MINIMIZER BRACKET: DX 0 0.0131996 DU 0 7.32777 DUDX -2261.38 -2261.38 1152.54 
PRESSURE: 3 0 0 0 0 0 0 0 0 0
GPRESSURE: 3 0 0 0 0 0 0 0 0 0
ENERGY:       3        13.2102        30.3601        20.5796         0.4019          -1109.6983       -17.9670         0.0000         0.0000         0.0000          -1063.1133         0.0000     -1063.1133     -1063.1133         0.0000

LINE MINIMIZER BRACKET: DX 0 0.00529897 DU 0 1.04726 DUDX -2261.38 -2261.38 437.447 
PRESSURE: 4 0 0 0 0 0 0 0 0 0
GPRESSURE: 4 0 0 0 0 0 0 0 0 0
ENERGY:       4        12.4281        30.2419        20.5648         0.3894          -1109.6035       -18.0154         0.0000         0.0000         0.0000          -1063.9947         0.0000     -1063.9947     -1063.9947         0.0000

LINE MINIMIZER BRACKET: DX 0 0.00243654 DU 0 0.165905 DUDX -2261.38 -2261.38 178.317 
PRESSURE: 5 0 0 0 0 0 0 0 0 0
GPRESSURE: 5 0 0 0 0 0 0 0 0 0
ENERGY:       5        12.2729        30.2316        20.5602         0.3869          -1109.5629       -18.0358         0.0000         0.0000         0.0000          -1064.1470         0.0000     -1064.1470     -1064.1470         0.0000

LINE MINIMIZER BRACKET: DX 0 0.00118266 DU 0 0.0135803 DUDX -2261.38 -2261.38 64.7977 
PRESSURE: 6 0 0 0 0 0 0 0 0 0
GPRESSURE: 6 0 0 0 0 0 0 0 0 0
ENERGY:       6        12.2392        30.2356        20.5585         0.3864          -1109.5440       -18.0453         0.0000         0.0000         0.0000          -1064.1696         0.0000     -1064.1696     -1064.1696         0.0000

LINE MINIMIZER BRACKET: DX 0.000588342 0.000594317 DU -0.0090274 0.0226077 DUDX -2261.38 10.9902 64.7977 
PRESSURE: 7 0 0 0 0 0 0 0 0 0
GPRESSURE: 7 0 0 0 0 0 0 0 0 0
ENERGY:       7        12.2354        30.2371        20.5582         0.3863          -1109.5401       -18.0472         0.0000         0.0000         0.0000          -1064.1703         0.0000     -1064.1703     -1064.1703         0.0000

LINE MINIMIZER BRACKET: DX 0.000465573 0.000122769 DU -0.00965986 0.000632465 DUDX -2261.38 -0.124997 10.9902 
MINIMIZER RESTARTING CONJUGATE GRADIENT ALGORITHM
LINE MINIMIZER REDUCING GRADIENT FROM 7.97326 TO 0.00797326
PRESSURE: 8 0 0 0 0 0 0 0 0 0
GPRESSURE: 8 0 0 0 0 0 0 0 0 0
ENERGY:       8        96.3689        50.6075        22.8377         3.7373          -1111.2708       -18.8031         0.0000         0.0000         0.0000           -956.5225         0.0000      -956.5225      -956.5225         0.0000

LINE MINIMIZER BRACKET: DX 0 0.142987 DU 0 107.648 DUDX -7.97326 -7.97326 1512.42 
PRESSURE: 9 0 0 0 0 0 0 0 0 0
GPRESSURE: 9 0 0 0 0 0 0 0 0 0
ENERGY:       9        13.2222        30.4326        20.5816         0.4142          -1109.6738       -18.1733         0.0000         0.0000         0.0000          -1063.1966         0.0000     -1063.1966     -1063.1966         0.0000

LINE MINIMIZER BRACKET: DX 0 0.0142987 DU 0 0.973661 DUDX -7.97326 -7.97326 144.193 
PRESSURE: 10 0 0 0 0 0 0 0 0 0
GPRESSURE: 10 0 0 0 0 0 0 0 0 0
ETITLE:      TS           BOND          ANGLE          DIHED          IMPRP               ELECT            VDW       BOUNDARY           MISC        KINETIC               TOTAL           TEMP      POTENTIAL         TOTAL3        TEMPAVG

ENERGY:      10        12.2599        30.2379        20.5585         0.3862          -1109.5527       -18.0605         0.0000         0.0000         0.0000          -1064.1707         0.0000     -1064.1707     -1064.1707         0.0000

LINE MINIMIZER BRACKET: DX 0.00142987 0.0128689 DU -0.000424236 0.974086 DUDX -7.97326 7.18743 144.193 
PRESSURE: 11 0 0 0 0 0 0 0 0 0
GPRESSURE: 11 0 0 0 0 0 0 0 0 0
ENERGY:      11        12.2462        30.2369        20.5583         0.3861          -1109.5464       -18.0542         0.0000         0.0000         0.0000          -1064.1731         0.0000     -1064.1731     -1064.1731         0.0000

LINE MINIMIZER BRACKET: DX 0.00074328 0.000686595 DU -0.0028504 0.00242616 DUDX -7.97326 -0.122749 7.18743 
PRESSURE: 12 0 0 0 0 0 0 0 0 0
GPRESSURE: 12 0 0 0 0 0 0 0 0 0
ENERGY:      12        12.2474        30.2369        20.5583         0.3861          -1109.5471       -18.0548         0.0000         0.0000         0.0000          -1064.1731         0.0000     -1064.1731     -1064.1731         0.0000

LINE MINIMIZER BRACKET: DX 0.00074328 6.86595e-05 DU -0.0028504 2.60296e-05 DUDX -7.97326 -0.122749 0.608283 
PRESSURE: 13 0 0 0 0 0 0 0 0 0
GPRESSURE: 13 0 0 0 0 0 0 0 0 0
ENERGY:      13        12.2464        30.2369        20.5583         0.3861          -1109.5465       -18.0543         0.0000         0.0000         0.0000          -1064.1731         0.0000     -1064.1731     -1064.1731         0.0000

LINE MINIMIZER BRACKET: DX 8.39663e-06 6.02629e-05 DU -3.08631e-05 5.68927e-05 DUDX -0.122749 -0.0333333 0.608283 
PRESSURE: 14 0 0 0 0 0 0 0 0 0
GPRESSURE: 14 0 0 0 0 0 0 0 0 0
ENERGY:      14        12.2465        30.2369        20.5583         0.3861          -1109.5466       -18.0543         0.0000         0.0000         0.0000          -1064.1731         0.0000     -1064.1731     -1064.1731         0.0000

LINE MINIMIZER BRACKET: DX 8.39663e-06 6.02629e-06 DU -3.08631e-05 2.27119e-05 DUDX -0.122749 -0.0333333 0.030826 
PRESSURE: 15 0 0 0 0 0 0 0 0 0
GPRESSURE: 15 0 0 0 0 0 0 0 0 0
ENERGY:      15        12.2464        30.2369        20.5583         0.3861          -1109.5466       -18.0543         0.0000         0.0000         0.0000          -1064.1731         0.0000     -1064.1731     -1064.1731         0.0000

LINE MINIMIZER BRACKET: DX 6.02629e-07 5.42366e-06 DU -8.77589e-06 3.14878e-05 DUDX -0.0333333 -0.0269282 0.030826 
PRESSURE: 16 0 0 0 0 0 0 0 0 0
GPRESSURE: 16 0 0 0 0 0 0 0 0 0
ENERGY:      16        12.2464        30.2369        20.5583         0.3861          -1109.5465       -18.0543         0.0000         0.0000         0.0000          -1064.1730         0.0000     -1064.1730     -1064.1730         0.0000

LINE MINIMIZER BRACKET: DX 6.02629e-07 5.42366e-07 DU -8.77589e-06 9.86465e-05 DUDX -0.0333333 -0.0269282 -0.0211472 
PRESSURE: 17 0 0 0 0 0 0 0 0 0
GPRESSURE: 17 0 0 0 0 0 0 0 0 0
ENERGY:      17        12.2464        30.2369        20.5583         0.3861          -1109.5466       -18.0543         0.0000         0.0000         0.0000          -1064.1731         0.0000     -1064.1731     -1064.1731         0.0000

MINIMIZER RESTARTING CONJUGATE GRADIENT ALGORITHM
LINE MINIMIZER REDUCING GRADIENT FROM 6.63333 TO 0.00663333
PRESSURE: 18 0 0 0 0 0 0 0 0 0
GPRESSURE: 18 0 0 0 0 0 0 0 0 0
ENERGY:      18       110.4922        45.1974        20.7542         1.0352          -1109.4881       -17.3823         0.0000         0.0000         0.0000           -949.3914         0.0000      -949.3914      -949.3914         0.0000

LINE MINIMIZER BRACKET: DX 0 0.135805 DU 0 114.782 DUDX -6.63333 -6.63333 1699.04 
PRESSURE: 19 0 0 0 0 0 0 0 0 0
GPRESSURE: 19 0 0 0 0 0 0 0 0 0
ENERGY:      19        13.0717        30.3947        20.5209         0.4000          -1109.4926       -18.0032         0.0000         0.0000         0.0000          -1063.1085         0.0000     -1063.1085     -1063.1085         0.0000

LINE MINIMIZER BRACKET: DX 0 0.0135805 DU 0 1.06463 DUDX -6.63333 -6.63333 163.463 
PRESSURE: 20 0 0 0 0 0 0 0 0 0
GPRESSURE: 20 0 0 0 0 0 0 0 0 0
ETITLE:      TS           BOND          ANGLE          DIHED          IMPRP               ELECT            VDW       BOUNDARY           MISC        KINETIC               TOTAL           TEMP      POTENTIAL         TOTAL3        TEMPAVG

ENERGY:      20        12.2393        30.2395        20.5541         0.3870          -1109.5410       -18.0494         0.0000         0.0000         0.0000          -1064.1706         0.0000     -1064.1706     -1064.1706         0.0000

LINE MINIMIZER BRACKET: DX 0 0.00135805 DU 0 0.00255246 DUDX -6.63333 -6.63333 10.3515 
PRESSURE: 21 0 0 0 0 0 0 0 0 0
GPRESSURE: 21 0 0 0 0 0 0 0 0 0
ENERGY:      21        12.2413        30.2377        20.5567         0.3865          -1109.5447       -18.0524         0.0000         0.0000         0.0000          -1064.1749         0.0000     -1064.1749     -1064.1749         0.0000

LINE MINIMIZER BRACKET: DX 0.000529107 0.000828944 DU -0.00179548 0.00434795 DUDX -6.63333 -0.0294609 10.3515 
PRESSURE: 22 0 0 0 0 0 0 0 0 0
GPRESSURE: 22 0 0 0 0 0 0 0 0 0
ENERGY:      22        12.2408        30.2379        20.5564         0.3865          -1109.5443       -18.0521         0.0000         0.0000         0.0000          -1064.1749         0.0000     -1064.1749     -1064.1749         0.0000

LINE MINIMIZER BRACKET: DX 0.000529107 8.28944e-05 DU -0.00179548 6.46608e-05 DUDX -6.63333 -0.0294609 1.00861 
PRESSURE: 23 0 0 0 0 0 0 0 0 0
GPRESSURE: 23 0 0 0 0 0 0 0 0 0
ENERGY:      23        12.2412        30.2377        20.5566         0.3865          -1109.5446       -18.0524         0.0000         0.0000         0.0000          -1064.1749         0.0000     -1064.1749     -1064.1749         0.0000

LINE MINIMIZER BRACKET: DX 0.000529107 8.28944e-06 DU -0.00179548 1.97001e-05 DUDX -6.63333 -0.0294609 0.0743443 
PRESSURE: 24 0 0 0 0 0 0 0 0 0
GPRESSURE: 24 0 0 0 0 0 0 0 0 0
ENERGY:      24        12.2413        30.2377        20.5567         0.3865          -1109.5446       -18.0524         0.0000         0.0000         0.0000          -1064.1748         0.0000     -1064.1748     -1064.1748         0.0000

LDB: ============= START OF LOAD BALANCING ============== 0.105868
LDB: ============== END OF LOAD BALANCING =============== 0.1059
LDB: =============== DONE WITH MIGRATION ================ 0.106018
LINE MINIMIZER BRACKET: DX 0.000529107 8.28944e-07 DU -0.00179548 0.000123115 DUDX -6.63333 -0.0294609 -0.0190569 
PRESSURE: 25 0 0 0 0 0 0 0 0 0
GPRESSURE: 25 0 0 0 0 0 0 0 0 0
ENERGY:      25        12.2413        30.2377        20.5567         0.3865          -1109.5447       -18.0524         0.0000         0.0000         0.0000          -1064.1749         0.0000     -1064.1749     -1064.1749         0.0000

LINE MINIMIZER REDUCING GRADIENT FROM 3.44999 TO 0.00344999
PRESSURE: 26 0 0 0 0 0 0 0 0 0
GPRESSURE: 26 0 0 0 0 0 0 0 0 0
ENERGY:      26        20.7840        55.6400        23.1233         3.6843          -1110.7840       -17.4398         0.0000         0.0000         0.0000          -1024.9922         0.0000     -1024.9922     -1024.9922         0.0000

LINE MINIMIZER BRACKET: DX 0 0.278877 DU 0 39.1828 DUDX -3.44999 -3.44999 285.362 
PRESSURE: 27 0 0 0 0 0 0 0 0 0
GPRESSURE: 27 0 0 0 0 0 0 0 0 0
ENERGY:      27        12.4110        30.4692        20.5127         0.4355          -1109.6321       -18.0717         0.0000         0.0000         0.0000          -1063.8754         0.0000     -1063.8754     -1063.8754         0.0000

LINE MINIMIZER BRACKET: DX 0 0.0278877 DU 0 0.299535 DUDX -3.44999 -3.44999 25.1741 
PRESSURE: 28 0 0 0 0 0 0 0 0 0
GPRESSURE: 28 0 0 0 0 0 0 0 0 0
ENERGY:      28        12.2560        30.2388        20.5484         0.3889          -1109.5566       -18.0560         0.0000         0.0000         0.0000          -1064.1806         0.0000     -1064.1806     -1064.1806         0.0000

LINE MINIMIZER BRACKET: DX 0.00338998 0.0244977 DU -0.00568181 0.305216 DUDX -3.44999 -0.247314 25.1741 
PRESSURE: 29 0 0 0 0 0 0 0 0 0
GPRESSURE: 29 0 0 0 0 0 0 0 0 0
ENERGY:      29        12.2661        30.2439        20.5425         0.3915          -1109.5639       -18.0582         0.0000         0.0000         0.0000          -1064.1781         0.0000     -1064.1781     -1064.1781         0.0000

LINE MINIMIZER BRACKET: DX 0.00338998 0.00244977 DU -0.00568181 0.00251495 DUDX -3.44999 -0.247314 2.29476 
PRESSURE: 30 0 0 0 0 0 0 0 0 0
GPRESSURE: 30 0 0 0 0 0 0 0 0 0
ETITLE:      TS           BOND          ANGLE          DIHED          IMPRP               ELECT            VDW       BOUNDARY           MISC        KINETIC               TOTAL           TEMP      POTENTIAL         TOTAL3        TEMPAVG

ENERGY:      30        12.2569        30.2391        20.5478         0.3892          -1109.5573       -18.0563         0.0000         0.0000         0.0000          -1064.1806         0.0000     -1064.1806     -1064.1806         0.0000

LINE MINIMIZER BRACKET: DX 0.00338998 0.000244977 DU -0.00568181 2.63295e-05 DUDX -3.44999 -0.247314 0.00688663 
PRESSURE: 31 0 0 0 0 0 0 0 0 0
GPRESSURE: 31 0 0 0 0 0 0 0 0 0
ENERGY:      31        12.2563        30.2389        20.5482         0.3890          -1109.5568       -18.0561         0.0000         0.0000         0.0000          -1064.1806         0.0000     -1064.1806     -1064.1806         0.0000

LINE MINIMIZER BRACKET: DX 0.00338998 8.53831e-05 DU -0.00568181 3.47654e-05 DUDX -3.44999 -0.247314 -0.158721 
PRESSURE: 32 0 0 0 0 0 0 0 0 0
GPRESSURE: 32 0 0 0 0 0 0 0 0 0
ENERGY:      32        12.2560        30.2388        20.5484         0.3889          -1109.5566       -18.0560         0.0000         0.0000         0.0000          -1064.1806         0.0000     -1064.1806     -1064.1806         0.0000

LINE MINIMIZER REDUCING GRADIENT FROM 4.88397 TO 0.00488397
PRESSURE: 33 0 0 0 0 0 0 0 0 0
GPRESSURE: 33 0 0 0 0 0 0 0 0 0
ENERGY:      33        41.6296        43.5586        21.1074         1.1680          -1109.4704       -17.8181         0.0000         0.0000         0.0000          -1019.8249         0.0000     -1019.8249     -1019.8249         0.0000

LINE MINIMIZER BRACKET: DX 0 0.149591 DU 0 44.3557 DUDX -4.88397 -4.88397 596.665 
PRESSURE: 34 0 0 0 0 0 0 0 0 0
GPRESSURE: 34 0 0 0 0 0 0 0 0 0
ENERGY:      34        12.3717        30.4955        20.5209         0.4082          -1109.5286       -18.0699         0.0000         0.0000         0.0000          -1063.8021         0.0000     -1063.8021     -1063.8021         0.0000

LINE MINIMIZER BRACKET: DX 0 0.0149591 DU 0 0.378562 DUDX -4.88397 -4.88397 55.6074 
PRESSURE: 35 0 0 0 0 0 0 0 0 0
GPRESSURE: 35 0 0 0 0 0 0 0 0 0
ENERGY:      35        12.2397        30.2533        20.5449         0.3903          -1109.5538       -18.0578         0.0000         0.0000         0.0000          -1064.1834         0.0000     -1064.1834     -1064.1834         0.0000

LINE MINIMIZER BRACKET: DX 0.00149591 0.0134632 DU -0.0027659 0.381328 DUDX -4.88397 1.05231 55.6074 
PRESSURE: 36 0 0 0 0 0 0 0 0 0
GPRESSURE: 36 0 0 0 0 0 0 0 0 0
ENERGY:      36        12.2423        30.2504        20.5456         0.3900          -1109.5544       -18.0575         0.0000         0.0000         0.0000          -1064.1835         0.0000     -1064.1835     -1064.1835         0.0000

LINE MINIMIZER BRACKET: DX 0.00122462 0.000271287 DU -0.00292576 0.000159863 DUDX -4.88397 -0.0477235 1.05231 
PRESSURE: 37 0 0 0 0 0 0 0 0 0
GPRESSURE: 37 0 0 0 0 0 0 0 0 0
ENERGY:      37        12.2421        30.2507        20.5455         0.3900          -1109.5544       -18.0575         0.0000         0.0000         0.0000          -1064.1836         0.0000     -1064.1836     -1064.1836         0.0000

LINE MINIMIZER BRACKET: DX 2.71287e-05 0.000244158 DU -4.30131e-05 0.000202876 DUDX -0.0477235 0.0622953 1.05231 
PRESSURE: 38 0 0 0 0 0 0 0 0 0
GPRESSURE: 38 0 0 0 0 0 0 0 0 0
ENERGY:      38        12.2421        30.2506        20.5455         0.3900          -1109.5544       -18.0575         0.0000         0.0000         0.0000          -1064.1836         0.0000     -1064.1836     -1064.1836         0.0000

LINE MINIMIZER BRACKET: DX 2.71287e-06 0.000244158 DU -1.08312e-06 0.000202876 DUDX 0.0512846 0.0622953 1.05231 
PRESSURE: 39 0 0 0 0 0 0 0 0 0
GPRESSURE: 39 0 0 0 0 0 0 0 0 0
ENERGY:      39        12.2421        30.2507        20.5455         0.3900          -1109.5544       -18.0575         0.0000         0.0000         0.0000          -1064.1836         0.0000     -1064.1836     -1064.1836         0.0000

LINE MINIMIZER REDUCING GRADIENT FROM 8.52999 TO 0.00852999
PRESSURE: 40 0 0 0 0 0 0 0 0 0
GPRESSURE: 40 0 0 0 0 0 0 0 0 0
ETITLE:      TS           BOND          ANGLE          DIHED          IMPRP               ELECT            VDW       BOUNDARY           MISC        KINETIC               TOTAL           TEMP      POTENTIAL         TOTAL3        TEMPAVG

ENERGY:      40        23.1471        36.7877        21.4593         1.9150          -1110.7104       -17.2409         0.0000         0.0000         0.0000          -1044.6422         0.0000     -1044.6422     -1044.6422         0.0000

LINE MINIMIZER BRACKET: DX 0 0.084937 DU 0 19.5413 DUDX -8.52999 -8.52999 472.953 
PRESSURE: 41 0 0 0 0 0 0 0 0 0
GPRESSURE: 41 0 0 0 0 0 0 0 0 0
ENERGY:      41        12.3739        30.2775        20.5244         0.4127          -1109.6468       -17.9984         0.0000         0.0000         0.0000          -1064.0566         0.0000     -1064.0566     -1064.0566         0.0000

LINE MINIMIZER BRACKET: DX 0 0.0084937 DU 0 0.12695 DUDX -8.52999 -8.52999 38.5562 
PRESSURE: 42 0 0 0 0 0 0 0 0 0
GPRESSURE: 42 0 0 0 0 0 0 0 0 0
ENERGY:      42        12.2508        30.2452        20.5398         0.3920          -1109.5710       -18.0471         0.0000         0.0000         0.0000          -1064.1902         0.0000     -1064.1902     -1064.1902         0.0000

LINE MINIMIZER BRACKET: DX 0.00154307 0.00695063 DU -0.00664029 0.13359 DUDX -8.52999 -0.0893222 38.5562 
PRESSURE: 43 0 0 0 0 0 0 0 0 0
GPRESSURE: 43 0 0 0 0 0 0 0 0 0
ENERGY:      43        12.2569        30.2443        20.5375         0.3932          -1109.5783       -18.0424         0.0000         0.0000         0.0000          -1064.1888         0.0000     -1064.1888     -1064.1888         0.0000

LINE MINIMIZER BRACKET: DX 0.00154307 0.000695063 DU -0.00664029 0.00141113 DUDX -8.52999 -0.0893222 3.76857 
PRESSURE: 44 0 0 0 0 0 0 0 0 0
GPRESSURE: 44 0 0 0 0 0 0 0 0 0
ENERGY:      44        12.2514        30.2451        20.5396         0.3921          -1109.5718       -18.0466         0.0000         0.0000         0.0000          -1064.1903         0.0000     -1064.1903     -1064.1903         0.0000

LINE MINIMIZER BRACKET: DX 6.95063e-05 0.000625557 DU -3.99626e-05 0.00145109 DUDX -0.0893222 0.29642 3.76857 
PRESSURE: 45 0 0 0 0 0 0 0 0 0
GPRESSURE: 45 0 0 0 0 0 0 0 0 0
ENERGY:      45        12.2513        30.2451        20.5396         0.3921          -1109.5716       -18.0467         0.0000         0.0000         0.0000          -1064.1902         0.0000     -1064.1902     -1064.1902         0.0000

LINE MINIMIZER BRACKET: DX 1.18223e-05 0.000625557 DU -6.37096e-05 0.00145109 DUDX 0.2308 0.29642 3.76857 
PRESSURE: 46 0 0 0 0 0 0 0 0 0
GPRESSURE: 46 0 0 0 0 0 0 0 0 0
ENERGY:      46        12.2514        30.2451        20.5396         0.3921          -1109.5718       -18.0466         0.0000         0.0000         0.0000          -1064.1903         0.0000     -1064.1903     -1064.1903         0.0000

LINE MINIMIZER REDUCING GRADIENT FROM 8.23642 TO 0.00823642
PRESSURE: 47 0 0 0 0 0 0 0 0 0
GPRESSURE: 47 0 0 0 0 0 0 0 0 0
ENERGY:      47        22.1845        34.9417        20.5960         0.7586          -1109.6771       -18.1935         0.0000         0.0000         0.0000          -1049.3897         0.0000     -1049.3897     -1049.3897         0.0000

LINE MINIMIZER BRACKET: DX 0 0.0739278 DU 0 14.8006 DUDX -8.23642 -8.23642 405.813 
PRESSURE: 48 0 0 0 0 0 0 0 0 0
GPRESSURE: 48 0 0 0 0 0 0 0 0 0
ENERGY:      48        12.2442        30.3920        20.5126         0.3979          -1109.5732       -18.0686         0.0000         0.0000         0.0000          -1064.0950         0.0000     -1064.0950     -1064.0950         0.0000

LINE MINIMIZER BRACKET: DX 0 0.00739278 DU 0 0.0952131 DUDX -8.23642 -8.23642 33.9659 
PRESSURE: 49 0 0 0 0 0 0 0 0 0
GPRESSURE: 49 0 0 0 0 0 0 0 0 0
ENERGY:      49        12.2322        30.2679        20.5337         0.3928          -1109.5716       -18.0510         0.0000         0.0000         0.0000          -1064.1961         0.0000     -1064.1961     -1064.1961         0.0000

LINE MINIMIZER BRACKET: DX 0.00144182 0.00595096 DU -0.0057966 0.10101 DUDX -8.23642 -0.00808593 33.9659 
LINE MINIMIZER REDUCING GRADIENT FROM 14.1919 TO 0.0141919
PRESSURE: 50 0 0 0 0 0 0 0 0 0
GPRESSURE: 50 0 0 0 0 0 0 0 0 0
ETITLE:      TS           BOND          ANGLE          DIHED          IMPRP               ELECT            VDW       BOUNDARY           MISC        KINETIC               TOTAL           TEMP      POTENTIAL         TOTAL3        TEMPAVG

ENERGY:      50        12.2322        30.2679        20.5337         0.3928          -1109.5716       -18.0510         0.0000         0.0000         0.0000          -1064.1961         0.0000     -1064.1961     -1064.1961         0.0000

WRITING EXTENDED SYSTEM TO OUTPUT FILE AT STEP 50
WRITING COORDINATES TO OUTPUT FILE AT STEP 50
The last position output (seq=-2) takes 0.001 seconds, 149.758 MB of memory in use
WRITING VELOCITIES TO OUTPUT FILE AT STEP 50
The last velocity output (seq=-2) takes 0.001 seconds, 149.758 MB of memory in use
====================================================

WallClock: 0.176529  CPUTime: 0.173975  Memory: 149.757812 MB
[Partition 0][Node 0] End of program
