Charm++: standalone mode (not using charmrun)
Charm++> Running in Multicore mode:  1 threads
Charm++> Using recursive bisection (scheme 3) for topology aware partitions
Converse/Charm++ Commit ID: v6.7.1-0-gbdf6a1b-namd-charm-6.7.1-build-2016-Nov-07-136676
Warning> Randomization of stack pointer is turned on in kernel, thread migration may not work! Run 'echo 0 > /proc/sys/kernel/randomize_va_space' as root to disable it, or try run with '+isomalloc_sync'.  
CharmLB> Load balancer assumes all CPUs are same.
Charm++> Running on 1 unique compute nodes (12-way SMP).
Charm++> cpu topology info is gathered in 0.000 seconds.
Info: NAMD CVS-2016-12-28 for Linux-x86_64-multicore
Info: 
Info: Please visit http://www.ks.uiuc.edu/Research/namd/
Info: for updates, documentation, and support information.
Info: 
Info: Please cite Phillips et al., J. Comp. Chem. 26:1781-1802 (2005)
Info: in all publications reporting results obtained with NAMD.
Info: 
Info: Based on Charm++/Converse 60701 for multicore-linux64-iccstatic
Info: Built Wed Dec 28 02:08:02 CST 2016 by jim on canberra.ks.uiuc.edu
Info: 1 NAMD  CVS-2016-12-28  Linux-x86_64-multicore  1    lionxf181.hpc.rcc.psu.edu  mfa5147
Info: Running on 1 processors, 1 nodes, 1 physical nodes.
Info: CPU topology information available.
Info: Charm++/Converse parallel runtime startup completed at 0.00501013 s
CkLoopLib is used in SMP with a simple dynamic scheduling (converse-level notification) but not using node-level queue
Info: 49.6719 MB of memory in use based on /proc/self/stat
Info: Configuration file is /gpfs/work/m/mfa5147/OptMAVEn2.0/input_files/namd_relaxation.conf
Info: Changed directory to /gpfs/work/m/mfa5147/OptMAVEn2.0/input_files
TCL: Suspending until startup complete.
Info: SIMULATION PARAMETERS:
Info: TIMESTEP               2
Info: NUMBER OF STEPS        0
Info: STEPS PER CYCLE        25
Info: LOAD BALANCER  Centralized
Info: LOAD BALANCING STRATEGY  New Load Balancers -- DEFAULT
Info: LDB PERIOD             5000 steps
Info: FIRST LDB TIMESTEP     125
Info: LAST LDB TIMESTEP     -1
Info: LDB BACKGROUND SCALING 1
Info: HOM BACKGROUND SCALING 1
Info: MIN ATOMS PER PATCH    40
Info: INITIAL TEMPERATURE    0
Info: CENTER OF MASS MOVING INITIALLY? NO
Info: DIELECTRIC             1
Info: EXCLUDE                SCALED ONE-FOUR
Info: 1-4 ELECTROSTATICS SCALED BY 1
Info: MODIFIED 1-4 VDW PARAMETERS WILL BE USED
Info: NO DCD TRAJECTORY OUTPUT
Info: NO EXTENDED SYSTEM TRAJECTORY OUTPUT
Info: NO VELOCITY DCD OUTPUT
Info: NO FORCE DCD OUTPUT
Info: OUTPUT FILENAME        /gpfs/work/m/mfa5147/OptMAVEn2.0/experiments/rep1_3ghb_20/structures/relaxed_MoleculeA
Info: NO RESTART FILE
Info: SWITCHING ACTIVE
Info: SWITCHING ON           10
Info: SWITCHING OFF          12
Info: PAIRLIST DISTANCE      14
Info: PAIRLIST SHRINK RATE   0.01
Info: PAIRLIST GROW RATE     0.01
Info: PAIRLIST TRIGGER       0.3
Info: PAIRLISTS PER CYCLE    2
Info: PAIRLISTS ENABLED
Info: MARGIN                 0
Info: HYDROGEN GROUP CUTOFF  2.5
Info: PATCH DIMENSION        20
Info: CROSSTERM ENERGY INCLUDED IN DIHEDRAL
Info: TIMING OUTPUT STEPS    125
Info: PRESSURE OUTPUT STEPS  1
Info: GBIS GENERALIZED BORN IMPLICIT SOLVENT ACTIVE
Info: GBIS SOLVENT DIELECTRIC: 78.5
Info: GBIS PROTEIN DIELECTRIC: 1
Info: GBIS COULOMB RADIUS OFFSET: 0.09 Ang
Info: GBIS ION CONCENTRATION: 0.2 M
Info: GBIS DEBYE SCREENING LENGTH: 6.82308 Ang
Info: GBIS DELTA: 1
Info: GBIS BETA: 0.8
Info: GBIS GAMMA: 4.85
Info: GBIS BORN RADIUS CUTOFF: 20 Ang
Info: GBIS MAX BORN RADIUS: 30 Ang
Info: LANGEVIN DYNAMICS ACTIVE
Info: LANGEVIN TEMPERATURE   310
Info: LANGEVIN USING BBK INTEGRATOR
Info: LANGEVIN DAMPING COEFFICIENT IS 1 INVERSE PS
Info: LANGEVIN DYNAMICS NOT APPLIED TO HYDROGENS
Info: CONJUGATE GRADIENT MINIMIZATION ACTIVE
Info: LINE MINIMIZATION GOAL = 0.001
Info: BABY STEP SIZE = 0.001
Info: TINY STEP SIZE = 1e-06
Info: FULL ELECTROSTATIC EVALUATION FREQUENCY      25
Info: USING VERLET I (r-RESPA) MTS SCHEME.
Info: C1 SPLITTING OF LONG RANGE ELECTROSTATICS
Info: PLACING ATOMS IN PATCHES BY HYDROGEN GROUPS
Info: RIGID BONDS TO HYDROGEN : ALL
Info:         ERROR TOLERANCE : 1e-08
Info:          MAX ITERATIONS : 100
Info: RIGID WATER USING SETTLE ALGORITHM
Info: RANDOM NUMBER SEED     1496609513
Info: USE HYDROGEN BONDS?    NO
Info: COORDINATE PDB         /gpfs/work/m/mfa5147/OptMAVEn2.0/experiments/rep1_3ghb_20/structures/relaxed_MoleculeA.coor
Info: STRUCTURE FILE         /gpfs/work/m/mfa5147/OptMAVEn2.0/experiments/rep1_3ghb_20/structures/MoleculeA.psf
Info: PARAMETER file: CHARMM format! 
Info: PARAMETERS             /gpfs/work/m/mfa5147/OptMAVEn2.0/input_files/par_all27_prot_na.prm
Info: USING ARITHMETIC MEAN TO COMBINE L-J SIGMA PARAMETERS
Info: SUMMARY OF PARAMETERS:
Info: 258 BONDS
Info: 666 ANGLES
Info: 1134 DIHEDRAL
Info: 70 IMPROPER
Info: 6 CROSSTERM
Info: 167 VDW
Info: 0 VDW_PAIRS
Info: 0 NBTHOLE_PAIRS
Info: TIME FOR READING PSF FILE: 0.00714803
Info: Reading pdb file /gpfs/work/m/mfa5147/OptMAVEn2.0/experiments/rep1_3ghb_20/structures/relaxed_MoleculeA.coor
Info: TIME FOR READING PDB FILE: 0.000306845
Info: 
Info: ****************************
Info: STRUCTURE SUMMARY:
Info: 146 ATOMS
Info: 146 BONDS
Info: 267 ANGLES
Info: 382 DIHEDRALS
Info: 24 IMPROPERS
Info: 8 CROSSTERMS
Info: 0 EXCLUSIONS
Info: 77 RIGID BONDS
Info: 361 DEGREES OF FREEDOM
Info: 69 HYDROGEN GROUPS
Info: 4 ATOMS IN LARGEST HYDROGEN GROUP
Info: 69 MIGRATION GROUPS
Info: 4 ATOMS IN LARGEST MIGRATION GROUP
Info: TOTAL MASS = 984.171 amu
Info: TOTAL CHARGE = 2 e
Info: *****************************
Info: 
Info: Entering startup at 0.0655551 s, 147.254 MB of memory in use
Info: Startup phase 0 took 8.01086e-05 s, 147.254 MB of memory in use
Info: ADDED 790 IMPLICIT EXCLUSIONS
Info: Startup phase 1 took 0.030668 s, 147.383 MB of memory in use
Info: NONBONDED TABLE R-SQUARED SPACING: 0.0625
Info: NONBONDED TABLE SIZE: 769 POINTS
Info: ABSOLUTE IMPRECISION IN FAST TABLE ENERGY: 2.53117e-21 AT 11.9974
Info: RELATIVE IMPRECISION IN FAST TABLE ENERGY: 1.68907e-16 AT 11.9974
Info: INCONSISTENCY IN FAST TABLE ENERGY VS FORCE: 0.000290274 AT 0.251946
Info: ABSOLUTE IMPRECISION IN VDWA TABLE ENERGY: 4.59334e-32 AT 11.9974
Info: RELATIVE IMPRECISION IN VDWA TABLE ENERGY: 7.4108e-17 AT 11.9974
Info: INCONSISTENCY IN VDWA TABLE ENERGY VS FORCE: 0.0040507 AT 0.251946
Info: ABSOLUTE IMPRECISION IN VDWB TABLE ENERGY: 1.53481e-26 AT 11.9974
Info: RELATIVE IMPRECISION IN VDWB TABLE ENERGY: 7.96691e-18 AT 11.9974
Info: INCONSISTENCY IN VDWB TABLE ENERGY VS FORCE: 0.00150189 AT 0.251946
Info: Startup phase 2 took 0.00128388 s, 148.609 MB of memory in use
Info: Startup phase 3 took 5.38826e-05 s, 148.609 MB of memory in use
Info: Startup phase 4 took 4.22001e-05 s, 148.609 MB of memory in use
Info: Startup phase 5 took 3.98159e-05 s, 148.609 MB of memory in use
Info: ORIGINAL ATOMS MINMAX IS -40.272 69.238 123.311  -27.361 87.289 140.526
Info: ADJUSTED ATOMS MINMAX IS -37.9876 69.2791 123.604  -28.9914 87.1679 139.376
Info: PATCH GRID IS 1 BY 2 BY 1
Info: PATCH GRID IS 1-AWAY BY 1-AWAY BY 1-AWAY
Info: REMOVING COM VELOCITY 0 0 0
Info: LARGEST PATCH (0) HAS 90 ATOMS
Info: TORUS A SIZE 1 USING 0
Info: TORUS B SIZE 1 USING 0
Info: TORUS C SIZE 1 USING 0
Info: TORUS MINIMAL MESH SIZE IS 1 BY 1 BY 1
Info: Placed 100% of base nodes on same physical node as patch
Info: Startup phase 6 took 0.000270128 s, 148.609 MB of memory in use
Info: Startup phase 7 took 4.69685e-05 s, 148.609 MB of memory in use
Info: Startup phase 8 took 4.41074e-05 s, 148.609 MB of memory in use
LDB: Central LB being created...
Info: Startup phase 9 took 6.29425e-05 s, 148.609 MB of memory in use
Info: CREATING 18 COMPUTE OBJECTS
Info: Startup phase 10 took 0.00030303 s, 148.738 MB of memory in use
Info: Startup phase 11 took 5.38826e-05 s, 148.738 MB of memory in use
Info: Startup phase 12 took 6.10352e-05 s, 149.012 MB of memory in use
Info: Finished startup at 0.0985651 s, 149.012 MB of memory in use

TCL: Minimizing for 50 steps
PRESSURE: 0 0 0 0 0 0 0 0 0 0
GPRESSURE: 0 0 0 0 0 0 0 0 0 0
ETITLE:      TS           BOND          ANGLE          DIHED          IMPRP               ELECT            VDW       BOUNDARY           MISC        KINETIC               TOTAL           TEMP      POTENTIAL         TOTAL3        TEMPAVG

ENERGY:       0         8.4145        25.9337         9.7766         0.2026           -441.8861       -22.3645         0.0000         0.0000         0.0000           -419.9232         0.0000      -419.9232      -419.9232         0.0000

MINIMIZER STARTING CONJUGATE GRADIENT ALGORITHM
LINE MINIMIZER REDUCING GRADIENT FROM 505.32 TO 0.50532
PRESSURE: 1 0 0 0 0 0 0 0 0 0
GPRESSURE: 1 0 0 0 0 0 0 0 0 0
ENERGY:       1       126.6838        46.0922        10.4540         0.8346           -437.1522       -22.1422         0.0000         0.0000         0.0000           -275.2297         0.0000      -275.2297      -275.2297         0.0000

LINE MINIMIZER BRACKET: DX 0 0.0537572 DU 0 144.693 DUDX -505.32 -505.32 5427.1 
PRESSURE: 2 0 0 0 0 0 0 0 0 0
GPRESSURE: 2 0 0 0 0 0 0 0 0 0
ENERGY:       2         9.4631        25.5901         9.8023         0.1903           -441.3755       -22.3697         0.0000         0.0000         0.0000           -418.6994         0.0000      -418.6994      -418.6994         0.0000

LINE MINIMIZER BRACKET: DX 0 0.00537572 DU 0 1.22377 DUDX -505.32 -505.32 501.985 
PRESSURE: 3 0 0 0 0 0 0 0 0 0
GPRESSURE: 3 0 0 0 0 0 0 0 0 0
ENERGY:       3         8.5042        25.7573         9.7844         0.1964           -441.7096       -22.3672         0.0000         0.0000         0.0000           -419.8344         0.0000      -419.8344      -419.8344         0.0000

LINE MINIMIZER BRACKET: DX 0 0.00185305 DU 0 0.0887845 DUDX -505.32 -505.32 142.418 
PRESSURE: 4 0 0 0 0 0 0 0 0 0
GPRESSURE: 4 0 0 0 0 0 0 0 0 0
ENERGY:       4         8.4200        25.8460         9.7801         0.1995           -441.8057       -22.3660         0.0000         0.0000         0.0000           -419.9261         0.0000      -419.9261      -419.9261         0.0000

LINE MINIMIZER BRACKET: DX 0.000846286 0.00100677 DU -0.00284119 0.0916257 DUDX -505.32 39.6348 142.418 
PRESSURE: 5 0 0 0 0 0 0 0 0 0
GPRESSURE: 5 0 0 0 0 0 0 0 0 0
ENERGY:       5         8.4101        25.8853         9.7785         0.2009           -441.8431       -22.3654         0.0000         0.0000         0.0000           -419.9338         0.0000      -419.9338      -419.9338         0.0000

LINE MINIMIZER BRACKET: DX 0.000456186 0.0003901 DU -0.0105551 0.00771386 DUDX -505.32 -0.193762 39.6348 
MINIMIZER RESTARTING CONJUGATE GRADIENT ALGORITHM
LINE MINIMIZER REDUCING GRADIENT FROM 7.89606 TO 0.00789606
PRESSURE: 6 0 0 0 0 0 0 0 0 0
GPRESSURE: 6 0 0 0 0 0 0 0 0 0
ENERGY:       6        63.1156        41.5132         9.9882         1.0428           -443.6084       -22.2873         0.0000         0.0000         0.0000           -350.2358         0.0000      -350.2358      -350.2358         0.0000

LINE MINIMIZER BRACKET: DX 0 0.111361 DU 0 69.698 DUDX -7.89606 -7.89606 1259.94 
PRESSURE: 7 0 0 0 0 0 0 0 0 0
GPRESSURE: 7 0 0 0 0 0 0 0 0 0
ENERGY:       7         8.7995        26.2945         9.7607         0.2041           -442.0014       -22.3750         0.0000         0.0000         0.0000           -419.3178         0.0000      -419.3178      -419.3178         0.0000

LINE MINIMIZER BRACKET: DX 0 0.0111361 DU 0 0.61601 DUDX -7.89606 -7.89606 118.567 
PRESSURE: 8 0 0 0 0 0 0 0 0 0
GPRESSURE: 8 0 0 0 0 0 0 0 0 0
ENERGY:       8         8.3981        25.9154         9.7763         0.2004           -441.8591       -22.3666         0.0000         0.0000         0.0000           -419.9355         0.0000      -419.9355      -419.9355         0.0000

LINE MINIMIZER BRACKET: DX 0.00111361 0.0100224 DU -0.00173384 0.617744 DUDX -7.89606 4.70965 118.567 
PRESSURE: 9 0 0 0 0 0 0 0 0 0
GPRESSURE: 9 0 0 0 0 0 0 0 0 0
ENERGY:       9         8.4012        25.9040         9.7771         0.2006           -441.8532       -22.3661         0.0000         0.0000         0.0000           -419.9364         0.0000      -419.9364      -419.9364         0.0000

LINE MINIMIZER BRACKET: DX 0.000695142 0.000418463 DU -0.00267168 0.00093784 DUDX -7.89606 -0.0428448 4.70965 
PRESSURE: 10 0 0 0 0 0 0 0 0 0
GPRESSURE: 10 0 0 0 0 0 0 0 0 0
ETITLE:      TS           BOND          ANGLE          DIHED          IMPRP               ELECT            VDW       BOUNDARY           MISC        KINETIC               TOTAL           TEMP      POTENTIAL         TOTAL3        TEMPAVG

ENERGY:      10         8.4008        25.9051         9.7770         0.2006           -441.8537       -22.3662         0.0000         0.0000         0.0000           -419.9364         0.0000      -419.9364      -419.9364         0.0000

LINE MINIMIZER BRACKET: DX 0.000695142 4.18463e-05 DU -0.00267168 7.8397e-05 DUDX -7.89606 -0.0428448 0.432389 
PRESSURE: 11 0 0 0 0 0 0 0 0 0
GPRESSURE: 11 0 0 0 0 0 0 0 0 0
ENERGY:      11         8.4012        25.9041         9.7771         0.2006           -441.8533       -22.3662         0.0000         0.0000         0.0000           -419.9365         0.0000      -419.9365      -419.9365         0.0000

LINE MINIMIZER BRACKET: DX 4.18463e-06 3.76617e-05 DU -2.62882e-05 0.000104685 DUDX -0.0428448 0.00468182 0.432389 
MINIMIZER RESTARTING CONJUGATE GRADIENT ALGORITHM
LINE MINIMIZER REDUCING GRADIENT FROM 6.29259 TO 0.00629259
PRESSURE: 12 0 0 0 0 0 0 0 0 0
GPRESSURE: 12 0 0 0 0 0 0 0 0 0
ENERGY:      12        72.0953        36.3452         9.7846         0.3734           -440.3510       -22.3033         0.0000         0.0000         0.0000           -344.0559         0.0000      -344.0559      -344.0559         0.0000

LINE MINIMIZER BRACKET: DX 0 0.116585 DU 0 75.8806 DUDX -6.29259 -6.29259 1305.42 
PRESSURE: 13 0 0 0 0 0 0 0 0 0
GPRESSURE: 13 0 0 0 0 0 0 0 0 0
ENERGY:      13         8.9135        25.9406         9.7584         0.1968           -441.6827       -22.3678         0.0000         0.0000         0.0000           -419.2411         0.0000      -419.2411      -419.2411         0.0000

LINE MINIMIZER BRACKET: DX 0 0.0116585 DU 0 0.695336 DUDX -6.29259 -6.29259 125.556 
PRESSURE: 14 0 0 0 0 0 0 0 0 0
GPRESSURE: 14 0 0 0 0 0 0 0 0 0
ENERGY:      14         8.3937        25.8976         9.7750         0.2000           -441.8361       -22.3664         0.0000         0.0000         0.0000           -419.9362         0.0000      -419.9362      -419.9362         0.0000

LINE MINIMIZER BRACKET: DX 0 0.00116585 DU 0 0.000296032 DUDX -6.29259 -6.29259 6.89391 
PRESSURE: 15 0 0 0 0 0 0 0 0 0
GPRESSURE: 15 0 0 0 0 0 0 0 0 0
ENERGY:      15         8.3959        25.9007         9.7761         0.2003           -441.8451       -22.3662         0.0000         0.0000         0.0000           -419.9382         0.0000      -419.9382      -419.9382         0.0000

LINE MINIMIZER BRACKET: DX 0.000560317 0.000605537 DU -0.00176957 0.0020656 DUDX -6.29259 0.042951 6.89391 
PRESSURE: 16 0 0 0 0 0 0 0 0 0
GPRESSURE: 16 0 0 0 0 0 0 0 0 0
ENERGY:      16         8.3963        25.9010         9.7762         0.2003           -441.8459       -22.3662         0.0000         0.0000         0.0000           -419.9382         0.0000      -419.9382      -419.9382         0.0000

LINE MINIMIZER BRACKET: DX 0.000504285 5.60317e-05 DU -0.00177098 1.41233e-06 DUDX -6.29259 -0.591006 0.042951 
PRESSURE: 17 0 0 0 0 0 0 0 0 0
GPRESSURE: 17 0 0 0 0 0 0 0 0 0
ENERGY:      17         8.3961        25.9009         9.7762         0.2003           -441.8454       -22.3662         0.0000         0.0000         0.0000           -419.9382         0.0000      -419.9382      -419.9382         0.0000

LINE MINIMIZER BRACKET: DX 0.000504285 2.68699e-05 DU -0.00177098 5.74942e-05 DUDX -6.29259 -0.591006 -0.286992 
PRESSURE: 18 0 0 0 0 0 0 0 0 0
GPRESSURE: 18 0 0 0 0 0 0 0 0 0
ENERGY:      18         8.3963        25.9010         9.7762         0.2003           -441.8459       -22.3662         0.0000         0.0000         0.0000           -419.9382         0.0000      -419.9382      -419.9382         0.0000

LINE MINIMIZER REDUCING GRADIENT FROM 3.61687 TO 0.00361687
PRESSURE: 19 0 0 0 0 0 0 0 0 0
GPRESSURE: 19 0 0 0 0 0 0 0 0 0
ENERGY:      19        10.6870        37.9058         9.8734         0.9440           -443.5155       -22.1954         0.0000         0.0000         0.0000           -406.3007         0.0000      -406.3007      -406.3007         0.0000

LINE MINIMIZER BRACKET: DX 0 0.187811 DU 0 13.6375 DUDX -3.61687 -3.61687 148.954 
PRESSURE: 20 0 0 0 0 0 0 0 0 0
GPRESSURE: 20 0 0 0 0 0 0 0 0 0
ETITLE:      TS           BOND          ANGLE          DIHED          IMPRP               ELECT            VDW       BOUNDARY           MISC        KINETIC               TOTAL           TEMP      POTENTIAL         TOTAL3        TEMPAVG

ENERGY:      20         8.4352        26.1555         9.7320         0.2016           -442.0160       -22.3727         0.0000         0.0000         0.0000           -419.8643         0.0000      -419.8643      -419.8643         0.0000

LINE MINIMIZER BRACKET: DX 0 0.0187811 DU 0 0.073898 DUDX -3.61687 -3.61687 11.5325 
PRESSURE: 21 0 0 0 0 0 0 0 0 0
GPRESSURE: 21 0 0 0 0 0 0 0 0 0
ENERGY:      21         8.4015        25.9439         9.7645         0.1993           -441.8876       -22.3680         0.0000         0.0000         0.0000           -419.9463         0.0000      -419.9463      -419.9463         0.0000

LINE MINIMIZER BRACKET: DX 0.00449767 0.0142835 DU -0.0081077 0.0820057 DUDX -3.61687 -0.0427652 11.5325 
PRESSURE: 22 0 0 0 0 0 0 0 0 0
GPRESSURE: 22 0 0 0 0 0 0 0 0 0
ENERGY:      22         8.4038        25.9595         9.7610         0.1991           -441.9004       -22.3686         0.0000         0.0000         0.0000           -419.9456         0.0000      -419.9456      -419.9456         0.0000

LINE MINIMIZER BRACKET: DX 0.00449767 0.00142835 DU -0.0081077 0.000790598 DUDX -3.61687 -0.0427652 1.11456 
PRESSURE: 23 0 0 0 0 0 0 0 0 0
GPRESSURE: 23 0 0 0 0 0 0 0 0 0
ENERGY:      23         8.4017        25.9454         9.7642         0.1993           -441.8889       -22.3681         0.0000         0.0000         0.0000           -419.9464         0.0000      -419.9464      -419.9464         0.0000

LINE MINIMIZER BRACKET: DX 0.000142835 0.00128551 DU -3.55478e-05 0.000826146 DUDX -0.0427652 0.072968 1.11456 
PRESSURE: 24 0 0 0 0 0 0 0 0 0
GPRESSURE: 24 0 0 0 0 0 0 0 0 0
ENERGY:      24         8.4017        25.9452         9.7642         0.1993           -441.8887       -22.3681         0.0000         0.0000         0.0000           -419.9463         0.0000      -419.9463      -419.9463         0.0000

LDB: ============= START OF LOAD BALANCING ============== 0.230412
LDB: ============== END OF LOAD BALANCING =============== 0.230447
LDB: =============== DONE WITH MIGRATION ================ 0.23059
LINE MINIMIZER BRACKET: DX 1.61917e-05 0.00128551 DU -4.93168e-05 0.000826146 DUDX 0.0598478 0.072968 1.11456 
PRESSURE: 25 0 0 0 0 0 0 0 0 0
GPRESSURE: 25 0 0 0 0 0 0 0 0 0
ENERGY:      25         8.4017        25.9454         9.7642         0.1993           -441.8889       -22.3681         0.0000         0.0000         0.0000           -419.9464         0.0000      -419.9464      -419.9464         0.0000

LINE MINIMIZER REDUCING GRADIENT FROM 7.12575 TO 0.00712575
PRESSURE: 26 0 0 0 0 0 0 0 0 0
GPRESSURE: 26 0 0 0 0 0 0 0 0 0
ENERGY:      26        22.9248        31.8046         9.8141         0.4483           -442.6185       -22.4262         0.0000         0.0000         0.0000           -400.0531         0.0000      -400.0531      -400.0531         0.0000

LINE MINIMIZER BRACKET: DX 0 0.0879127 DU 0 19.8933 DUDX -7.12575 -7.12575 459.471 
PRESSURE: 27 0 0 0 0 0 0 0 0 0
GPRESSURE: 27 0 0 0 0 0 0 0 0 0
ENERGY:      27         8.5108        26.0891         9.7480         0.1973           -441.9630       -22.3860         0.0000         0.0000         0.0000           -419.8037         0.0000      -419.8037      -419.8037         0.0000

LINE MINIMIZER BRACKET: DX 0 0.00879127 DU 0 0.142622 DUDX -7.12575 -7.12575 39.5751 
PRESSURE: 28 0 0 0 0 0 0 0 0 0
GPRESSURE: 28 0 0 0 0 0 0 0 0 0
ENERGY:      28         8.3989        25.9612         9.7614         0.1986           -441.9003       -22.3710         0.0000         0.0000         0.0000           -419.9511         0.0000      -419.9511      -419.9511         0.0000

LINE MINIMIZER BRACKET: DX 0.00134148 0.00744979 DU -0.0047706 0.147393 DUDX -7.12575 -0.0127122 39.5751 
PRESSURE: 29 0 0 0 0 0 0 0 0 0
GPRESSURE: 29 0 0 0 0 0 0 0 0 0
ENERGY:      29         8.4004        25.9708         9.7599         0.1983           -441.9066       -22.3726         0.0000         0.0000         0.0000           -419.9497         0.0000      -419.9497      -419.9497         0.0000

LINE MINIMIZER BRACKET: DX 0.00134148 0.000744979 DU -0.0047706 0.00143926 DUDX -7.12575 -0.0127122 3.9463 
PRESSURE: 30 0 0 0 0 0 0 0 0 0
GPRESSURE: 30 0 0 0 0 0 0 0 0 0
ETITLE:      TS           BOND          ANGLE          DIHED          IMPRP               ELECT            VDW       BOUNDARY           MISC        KINETIC               TOTAL           TEMP      POTENTIAL         TOTAL3        TEMPAVG

ENERGY:      30         8.3990        25.9621         9.7612         0.1986           -441.9009       -22.3711         0.0000         0.0000         0.0000           -419.9511         0.0000      -419.9511      -419.9511         0.0000

LINE MINIMIZER BRACKET: DX 0.00134148 7.44979e-05 DU -0.0047706 3.38093e-05 DUDX -7.12575 -0.0127122 0.383202 
PRESSURE: 31 0 0 0 0 0 0 0 0 0
GPRESSURE: 31 0 0 0 0 0 0 0 0 0
ENERGY:      31         8.3990        25.9612         9.7613         0.1986           -441.9003       -22.3710         0.0000         0.0000         0.0000           -419.9512         0.0000      -419.9512      -419.9512         0.0000

LINE MINIMIZER BRACKET: DX 7.44979e-06 6.70481e-05 DU -9.76454e-06 4.35739e-05 DUDX -0.0127122 0.0268931 0.383202 
PRESSURE: 32 0 0 0 0 0 0 0 0 0
GPRESSURE: 32 0 0 0 0 0 0 0 0 0
ENERGY:      32         8.3990        25.9612         9.7613         0.1986           -441.9003       -22.3710         0.0000         0.0000         0.0000           -419.9511         0.0000      -419.9511      -419.9511         0.0000

LINE MINIMIZER BRACKET: DX 7.44979e-07 6.70481e-05 DU -4.19056e-05 4.35739e-05 DUDX 0.0229309 0.0268931 0.383202 
PRESSURE: 33 0 0 0 0 0 0 0 0 0
GPRESSURE: 33 0 0 0 0 0 0 0 0 0
ENERGY:      33         8.3990        25.9612         9.7613         0.1986           -441.9003       -22.3710         0.0000         0.0000         0.0000           -419.9512         0.0000      -419.9512      -419.9512         0.0000

LINE MINIMIZER REDUCING GRADIENT FROM 15.6631 TO 0.0156631
PRESSURE: 34 0 0 0 0 0 0 0 0 0
GPRESSURE: 34 0 0 0 0 0 0 0 0 0
ENERGY:      34        17.8637        27.7944         9.9041         0.5250           -440.5248       -22.3175         0.0000         0.0000         0.0000           -406.7551         0.0000      -406.7551      -406.7551         0.0000

LINE MINIMIZER BRACKET: DX 0 0.0483567 DU 0 13.196 DUDX -15.6631 -15.6631 563.349 
PRESSURE: 35 0 0 0 0 0 0 0 0 0
GPRESSURE: 35 0 0 0 0 0 0 0 0 0
ENERGY:      35         8.4649        25.8280         9.7565         0.1976           -441.7620       -22.3729         0.0000         0.0000         0.0000           -419.8880         0.0000      -419.8880      -419.8880         0.0000

LINE MINIMIZER BRACKET: DX 0 0.00483567 DU 0 0.0631361 DUDX -15.6631 -15.6631 41.7823 
PRESSURE: 36 0 0 0 0 0 0 0 0 0
GPRESSURE: 36 0 0 0 0 0 0 0 0 0
ENERGY:      36         8.3977        25.9181         9.7595         0.1976           -441.8628       -22.3716         0.0000         0.0000         0.0000           -419.9615         0.0000      -419.9615      -419.9615         0.0000

LINE MINIMIZER BRACKET: DX 0.00131865 0.00351703 DU -0.0103529 0.0734889 DUDX -15.6631 -0.0245584 41.7823 
PRESSURE: 37 0 0 0 0 0 0 0 0 0
GPRESSURE: 37 0 0 0 0 0 0 0 0 0
ENERGY:      37         8.3998        25.9074         9.7591         0.1974           -441.8526       -22.3718         0.0000         0.0000         0.0000           -419.9607         0.0000      -419.9607      -419.9607         0.0000

LINE MINIMIZER BRACKET: DX 0.00131865 0.000351703 DU -0.0103529 0.000818388 DUDX -15.6631 -0.0245584 4.15379 
PRESSURE: 38 0 0 0 0 0 0 0 0 0
GPRESSURE: 38 0 0 0 0 0 0 0 0 0
ENERGY:      38         8.3978        25.9170         9.7595         0.1976           -441.8617       -22.3717         0.0000         0.0000         0.0000           -419.9615         0.0000      -419.9615      -419.9615         0.0000

LINE MINIMIZER BRACKET: DX 0.00131865 3.51703e-05 DU -0.0103529 5.33357e-05 DUDX -15.6631 -0.0245584 0.393282 
PRESSURE: 39 0 0 0 0 0 0 0 0 0
GPRESSURE: 39 0 0 0 0 0 0 0 0 0
ENERGY:      39         8.3977        25.9180         9.7595         0.1976           -441.8626       -22.3716         0.0000         0.0000         0.0000           -419.9614         0.0000      -419.9614      -419.9614         0.0000

LINE MINIMIZER BRACKET: DX 0.00131865 3.51703e-06 DU -0.0103529 5.38098e-05 DUDX -15.6631 -0.0245584 0.0172243 
PRESSURE: 40 0 0 0 0 0 0 0 0 0
GPRESSURE: 40 0 0 0 0 0 0 0 0 0
ETITLE:      TS           BOND          ANGLE          DIHED          IMPRP               ELECT            VDW       BOUNDARY           MISC        KINETIC               TOTAL           TEMP      POTENTIAL         TOTAL3        TEMPAVG

ENERGY:      40         8.3977        25.9181         9.7595         0.1976           -441.8627       -22.3716         0.0000         0.0000         0.0000           -419.9615         0.0000      -419.9615      -419.9615         0.0000

LINE MINIMIZER BRACKET: DX 0.00131865 3.51703e-07 DU -0.0103529 4.82766e-05 DUDX -15.6631 -0.0245584 -0.0203748 
PRESSURE: 41 0 0 0 0 0 0 0 0 0
GPRESSURE: 41 0 0 0 0 0 0 0 0 0
ENERGY:      41         8.3977        25.9181         9.7595         0.1976           -441.8628       -22.3716         0.0000         0.0000         0.0000           -419.9615         0.0000      -419.9615      -419.9615         0.0000

LINE MINIMIZER REDUCING GRADIENT FROM 14.0735 TO 0.0140735
PRESSURE: 42 0 0 0 0 0 0 0 0 0
GPRESSURE: 42 0 0 0 0 0 0 0 0 0
ENERGY:      42        15.7960        29.3446         9.8939         0.3686           -442.1827       -22.2868         0.0000         0.0000         0.0000           -409.0663         0.0000      -409.0663      -409.0663         0.0000

LINE MINIMIZER BRACKET: DX 0 0.0459409 DU 0 10.8952 DUDX -14.0735 -14.0735 489.238 
PRESSURE: 43 0 0 0 0 0 0 0 0 0
GPRESSURE: 43 0 0 0 0 0 0 0 0 0
ENERGY:      43         8.4291        25.9617         9.7601         0.2005           -441.8957       -22.3666         0.0000         0.0000         0.0000           -419.9109         0.0000      -419.9109      -419.9109         0.0000

LINE MINIMIZER BRACKET: DX 0 0.00459409 DU 0 0.0505668 DUDX -14.0735 -14.0735 36.065 
PRESSURE: 44 0 0 0 0 0 0 0 0 0
GPRESSURE: 44 0 0 0 0 0 0 0 0 0
ENERGY:      44         8.3906        25.9236         9.7593         0.1981           -441.8720       -22.3703         0.0000         0.0000         0.0000           -419.9705         0.0000      -419.9705      -419.9705         0.0000

LINE MINIMIZER BRACKET: DX 0.00128895 0.00330513 DU -0.00901343 0.0595802 DUDX -14.0735 -0.0170541 36.065 
PRESSURE: 45 0 0 0 0 0 0 0 0 0
GPRESSURE: 45 0 0 0 0 0 0 0 0 0
ENERGY:      45         8.3908        25.9259         9.7594         0.1983           -441.8743       -22.3699         0.0000         0.0000         0.0000           -419.9699         0.0000      -419.9699      -419.9699         0.0000

LINE MINIMIZER BRACKET: DX 0.00128895 0.000330513 DU -0.00901343 0.000603139 DUDX -14.0735 -0.0170541 3.59017 
PRESSURE: 46 0 0 0 0 0 0 0 0 0
GPRESSURE: 46 0 0 0 0 0 0 0 0 0
ENERGY:      46         8.3906        25.9238         9.7593         0.1981           -441.8722       -22.3702         0.0000         0.0000         0.0000           -419.9705         0.0000      -419.9705      -419.9705         0.0000

LINE MINIMIZER BRACKET: DX 3.30513e-05 0.000297462 DU -1.78662e-05 0.000621005 DUDX -0.0170541 0.34364 3.59017 
PRESSURE: 47 0 0 0 0 0 0 0 0 0
GPRESSURE: 47 0 0 0 0 0 0 0 0 0
ENERGY:      47         8.3906        25.9238         9.7593         0.1981           -441.8722       -22.3702         0.0000         0.0000         0.0000           -419.9705         0.0000      -419.9705      -419.9705         0.0000

LINE MINIMIZER BRACKET: DX 6.42263e-06 0.000297462 DU -1.73557e-05 0.000621005 DUDX 0.273533 0.34364 3.59017 
PRESSURE: 48 0 0 0 0 0 0 0 0 0
GPRESSURE: 48 0 0 0 0 0 0 0 0 0
ENERGY:      48         8.3906        25.9238         9.7593         0.1981           -441.8722       -22.3702         0.0000         0.0000         0.0000           -419.9705         0.0000      -419.9705      -419.9705         0.0000

LINE MINIMIZER REDUCING GRADIENT FROM 16.689 TO 0.016689
PRESSURE: 49 0 0 0 0 0 0 0 0 0
GPRESSURE: 49 0 0 0 0 0 0 0 0 0
ENERGY:      49        11.5872        26.5248         9.9008         0.3244           -441.3206       -22.3419         0.0000         0.0000         0.0000           -415.3252         0.0000      -415.3252      -415.3252         0.0000

LINE MINIMIZER BRACKET: DX 0 0.0339749 DU 0 4.64531 DUDX -16.689 -16.689 289.567 
PRESSURE: 50 0 0 0 0 0 0 0 0 0
GPRESSURE: 50 0 0 0 0 0 0 0 0 0
ETITLE:      TS           BOND          ANGLE          DIHED          IMPRP               ELECT            VDW       BOUNDARY           MISC        KINETIC               TOTAL           TEMP      POTENTIAL         TOTAL3        TEMPAVG

ENERGY:      50         8.3906        25.9238         9.7593         0.1981           -441.8721       -22.3702         0.0000         0.0000         0.0000           -419.9705         0.0000      -419.9705      -419.9705         0.0000

WRITING EXTENDED SYSTEM TO OUTPUT FILE AT STEP 50
WRITING COORDINATES TO OUTPUT FILE AT STEP 50
The last position output (seq=-2) takes 0.007 seconds, 149.270 MB of memory in use
WRITING VELOCITIES TO OUTPUT FILE AT STEP 50
The last velocity output (seq=-2) takes 0.001 seconds, 149.270 MB of memory in use
====================================================

WallClock: 0.343194  CPUTime: 0.147978  Memory: 149.269531 MB
[Partition 0][Node 0] End of program
